-- The C compiler identification is GNU 11.4.0
-- The CXX compiler identification is GNU 11.4.0
-- Detecting C compiler ABI info
-- Detecting C compiler ABI info - done
-- Check for working C compiler: /usr/bin/cc - skipped
-- Detecting C compile features
-- Detecting C compile features - done
-- Detecting CXX compiler ABI info
-- Detecting CXX compiler ABI info - done
-- Check for working CXX compiler: /usr/bin/c++ - skipped
-- Detecting CXX compile features
-- Detecting CXX compile features - done
-- Found ament_cmake: 1.3.10 (/opt/ros/humble/share/ament_cmake/cmake)
-- Found Python3: /home/ahmo030/.pyenv/shims/python3 (found version "3.10.12") found components: Interpreter 
-- Configuring done
-- Generating done
-- Build files have been written to: /home/ahmo030/hunav_ws/build/hunav_sim
-- Install configuration: ""
-- Installing: /home/ahmo030/hunav_ws/install/hunav_sim/share/ament_index/resource_index/package_run_dependencies/hunav_sim
-- Installing: /home/ahmo030/hunav_ws/install/hunav_sim/share/ament_index/resource_index/parent_prefix_path/hunav_sim
-- Installing: /home/ahmo030/hunav_ws/install/hunav_sim/share/hunav_sim/environment/ament_prefix_path.sh
-- Installing: /home/ahmo030/hunav_ws/install/hunav_sim/share/hunav_sim/environment/ament_prefix_path.dsv
-- Installing: /home/ahmo030/hunav_ws/install/hunav_sim/share/hunav_sim/environment/path.sh
-- Installing: /home/ahmo030/hunav_ws/install/hunav_sim/share/hunav_sim/environment/path.dsv
-- Installing: /home/ahmo030/hunav_ws/install/hunav_sim/share/hunav_sim/local_setup.bash
-- Installing: /home/ahmo030/hunav_ws/install/hunav_sim/share/hunav_sim/local_setup.sh
-- Installing: /home/ahmo030/hunav_ws/install/hunav_sim/share/hunav_sim/local_setup.zsh
-- Installing: /home/ahmo030/hunav_ws/install/hunav_sim/share/hunav_sim/local_setup.dsv
-- Installing: /home/ahmo030/hunav_ws/install/hunav_sim/share/hunav_sim/package.dsv
-- Installing: /home/ahmo030/hunav_ws/install/hunav_sim/share/ament_index/resource_index/packages/hunav_sim
-- Installing: /home/ahmo030/hunav_ws/install/hunav_sim/share/hunav_sim/cmake/hunav_simConfig.cmake
-- Installing: /home/ahmo030/hunav_ws/install/hunav_sim/share/hunav_sim/cmake/hunav_simConfig-version.cmake
-- Installing: /home/ahmo030/hunav_ws/install/hunav_sim/share/hunav_sim/package.xml
