/home/ahmo030/hunav_ws/install/hunav_evaluator/lib/python3.10/site-packages/hunav_evaluator/hunav_evaluator_node.py
/home/ahmo030/hunav_ws/install/hunav_evaluator/lib/python3.10/site-packages/hunav_evaluator/sfm.py
/home/ahmo030/hunav_ws/install/hunav_evaluator/lib/python3.10/site-packages/hunav_evaluator/hunav_metrics.py
/home/ahmo030/hunav_ws/install/hunav_evaluator/lib/python3.10/site-packages/hunav_evaluator/__init__.py
/home/ahmo030/hunav_ws/install/hunav_evaluator/lib/python3.10/site-packages/hunav_evaluator/__pycache__/hunav_evaluator_node.cpython-310.pyc
/home/ahmo030/hunav_ws/install/hunav_evaluator/lib/python3.10/site-packages/hunav_evaluator/__pycache__/sfm.cpython-310.pyc
/home/ahmo030/hunav_ws/install/hunav_evaluator/lib/python3.10/site-packages/hunav_evaluator/__pycache__/hunav_metrics.cpython-310.pyc
/home/ahmo030/hunav_ws/install/hunav_evaluator/lib/python3.10/site-packages/hunav_evaluator/__pycache__/__init__.cpython-310.pyc
/home/ahmo030/hunav_ws/install/hunav_evaluator/share/ament_index/resource_index/packages/hunav_evaluator
/home/ahmo030/hunav_ws/install/hunav_evaluator/share/hunav_evaluator/package.xml
/home/ahmo030/hunav_ws/install/hunav_evaluator/share/hunav_evaluator/launch/hunav_evaluator_launch.py
/home/ahmo030/hunav_ws/install/hunav_evaluator/share/hunav_evaluator/config/metrics.yaml
/home/ahmo030/hunav_ws/install/hunav_evaluator/lib/python3.10/site-packages/hunav_evaluator-1.0.0-py3.10.egg-info/entry_points.txt
/home/ahmo030/hunav_ws/install/hunav_evaluator/lib/python3.10/site-packages/hunav_evaluator-1.0.0-py3.10.egg-info/SOURCES.txt
/home/ahmo030/hunav_ws/install/hunav_evaluator/lib/python3.10/site-packages/hunav_evaluator-1.0.0-py3.10.egg-info/top_level.txt
/home/ahmo030/hunav_ws/install/hunav_evaluator/lib/python3.10/site-packages/hunav_evaluator-1.0.0-py3.10.egg-info/requires.txt
/home/ahmo030/hunav_ws/install/hunav_evaluator/lib/python3.10/site-packages/hunav_evaluator-1.0.0-py3.10.egg-info/zip-safe
/home/ahmo030/hunav_ws/install/hunav_evaluator/lib/python3.10/site-packages/hunav_evaluator-1.0.0-py3.10.egg-info/dependency_links.txt
/home/ahmo030/hunav_ws/install/hunav_evaluator/lib/python3.10/site-packages/hunav_evaluator-1.0.0-py3.10.egg-info/PKG-INFO
/home/ahmo030/hunav_ws/install/hunav_evaluator/lib/hunav_evaluator/hunav_evaluator_node
