[0.008s] Invoking command in '/home/ahmo030/hunav_ws/build/people_msgs': CMAKE_PREFIX_PATH=${CMAKE_PREFIX_PATH}:/home/ahmo030/hunav_ws/install/hunav_evaluator:/opt/ros/humble /usr/bin/cmake --build /home/ahmo030/hunav_ws/build/people_msgs -- -j16 -l16
[0.034s] [35m[1mConsolidate compiler generated dependencies of target people_msgs__rosidl_generator_c[0m
[0.040s] [  1%] Built target people_msgs__cpp
[0.041s] [ 12%] Built target people_msgs__rosidl_generator_c
[0.050s] [ 12%] Built target ament_cmake_python_copy_people_msgs
[0.050s] [35m[1mConsolidate compiler generated dependencies of target people_msgs__rosidl_typesupport_cpp[0m
[0.050s] [35m[1mConsolidate compiler generated dependencies of target people_msgs__rosidl_typesupport_fastrtps_cpp[0m
[0.050s] [35m[1mConsolidate compiler generated dependencies of target people_msgs__rosidl_typesupport_introspection_cpp[0m
[0.050s] [35m[1mConsolidate compiler generated dependencies of target people_msgs__rosidl_typesupport_introspection_c[0m
[0.050s] [35m[1mConsolidate compiler generated dependencies of target people_msgs__rosidl_typesupport_c[0m
[0.053s] [35m[1mConsolidate compiler generated dependencies of target people_msgs__rosidl_typesupport_fastrtps_c[0m
[0.062s] [ 23%] Built target people_msgs__rosidl_typesupport_c
[0.063s] [ 34%] Built target people_msgs__rosidl_typesupport_introspection_c
[0.063s] [ 46%] Built target people_msgs__rosidl_typesupport_cpp
[0.064s] [ 57%] Built target people_msgs__rosidl_typesupport_introspection_cpp
[0.067s] [ 68%] Built target people_msgs__rosidl_typesupport_fastrtps_cpp
[0.067s] [ 79%] Built target people_msgs__rosidl_typesupport_fastrtps_c
[0.081s] [ 79%] Built target people_msgs
[0.094s] [ 80%] Built target people_msgs__py
[0.102s] [35m[1mConsolidate compiler generated dependencies of target people_msgs__rosidl_generator_py[0m
[0.113s] [ 90%] Built target people_msgs__rosidl_generator_py
[0.120s] [35m[1mConsolidate compiler generated dependencies of target people_msgs__rosidl_typesupport_fastrtps_c__pyext[0m
[0.120s] [35m[1mConsolidate compiler generated dependencies of target people_msgs__rosidl_typesupport_c__pyext[0m
[0.121s] [35m[1mConsolidate compiler generated dependencies of target people_msgs__rosidl_typesupport_introspection_c__pyext[0m
[0.129s] [ 93%] Built target people_msgs__rosidl_typesupport_c__pyext
[0.130s] [ 96%] Built target people_msgs__rosidl_typesupport_fastrtps_c__pyext
[0.130s] [100%] Built target people_msgs__rosidl_typesupport_introspection_c__pyext
[0.273s] running egg_info
[0.274s] writing people_msgs.egg-info/PKG-INFO
[0.274s] writing dependency_links to people_msgs.egg-info/dependency_links.txt
[0.274s] writing top-level names to people_msgs.egg-info/top_level.txt
[0.278s] reading manifest file 'people_msgs.egg-info/SOURCES.txt'
[0.278s] writing manifest file 'people_msgs.egg-info/SOURCES.txt'
[0.296s] [100%] Built target ament_cmake_python_build_people_msgs_egg
[0.302s] Invoked command in '/home/ahmo030/hunav_ws/build/people_msgs' returned '0': CMAKE_PREFIX_PATH=${CMAKE_PREFIX_PATH}:/home/ahmo030/hunav_ws/install/hunav_evaluator:/opt/ros/humble /usr/bin/cmake --build /home/ahmo030/hunav_ws/build/people_msgs -- -j16 -l16
[0.392s] Invoking command in '/home/ahmo030/hunav_ws/build/people_msgs': CMAKE_PREFIX_PATH=${CMAKE_PREFIX_PATH}:/home/ahmo030/hunav_ws/install/hunav_evaluator:/opt/ros/humble /usr/bin/cmake --install /home/ahmo030/hunav_ws/build/people_msgs
[0.397s] -- Install configuration: ""
[0.398s] -- Up-to-date: /home/ahmo030/hunav_ws/install/people_msgs/share/ament_index/resource_index/rosidl_interfaces/people_msgs
[0.398s] -- Up-to-date: /home/ahmo030/hunav_ws/install/people_msgs/include/people_msgs/people_msgs
[0.398s] -- Up-to-date: /home/ahmo030/hunav_ws/install/people_msgs/include/people_msgs/people_msgs/msg
[0.398s] -- Up-to-date: /home/ahmo030/hunav_ws/install/people_msgs/include/people_msgs/people_msgs/msg/position_measurement.h
[0.398s] -- Up-to-date: /home/ahmo030/hunav_ws/install/people_msgs/include/people_msgs/people_msgs/msg/detail
[0.398s] -- Up-to-date: /home/ahmo030/hunav_ws/install/people_msgs/include/people_msgs/people_msgs/msg/detail/person_stamped__struct.h
[0.398s] -- Up-to-date: /home/ahmo030/hunav_ws/install/people_msgs/include/people_msgs/people_msgs/msg/detail/people__functions.h
[0.398s] -- Up-to-date: /home/ahmo030/hunav_ws/install/people_msgs/include/people_msgs/people_msgs/msg/detail/position_measurement_array__type_support.h
[0.398s] -- Up-to-date: /home/ahmo030/hunav_ws/install/people_msgs/include/people_msgs/people_msgs/msg/detail/position_measurement__functions.h
[0.398s] -- Up-to-date: /home/ahmo030/hunav_ws/install/people_msgs/include/people_msgs/people_msgs/msg/detail/person__struct.h
[0.398s] -- Up-to-date: /home/ahmo030/hunav_ws/install/people_msgs/include/people_msgs/people_msgs/msg/detail/people__type_support.h
[0.398s] -- Up-to-date: /home/ahmo030/hunav_ws/install/people_msgs/include/people_msgs/people_msgs/msg/detail/position_measurement_array__functions.h
[0.398s] -- Up-to-date: /home/ahmo030/hunav_ws/install/people_msgs/include/people_msgs/people_msgs/msg/detail/people__struct.h
[0.398s] -- Up-to-date: /home/ahmo030/hunav_ws/install/people_msgs/include/people_msgs/people_msgs/msg/detail/person_stamped__functions.c
[0.398s] -- Up-to-date: /home/ahmo030/hunav_ws/install/people_msgs/include/people_msgs/people_msgs/msg/detail/position_measurement__type_support.h
[0.398s] -- Up-to-date: /home/ahmo030/hunav_ws/install/people_msgs/include/people_msgs/people_msgs/msg/detail/person_stamped__type_support.h
[0.398s] -- Up-to-date: /home/ahmo030/hunav_ws/install/people_msgs/include/people_msgs/people_msgs/msg/detail/person_stamped__functions.h
[0.399s] -- Up-to-date: /home/ahmo030/hunav_ws/install/people_msgs/include/people_msgs/people_msgs/msg/detail/person__type_support.h
[0.399s] -- Up-to-date: /home/ahmo030/hunav_ws/install/people_msgs/include/people_msgs/people_msgs/msg/detail/position_measurement_array__struct.h
[0.399s] -- Up-to-date: /home/ahmo030/hunav_ws/install/people_msgs/include/people_msgs/people_msgs/msg/detail/position_measurement__struct.h
[0.399s] -- Up-to-date: /home/ahmo030/hunav_ws/install/people_msgs/include/people_msgs/people_msgs/msg/detail/position_measurement__functions.c
[0.399s] -- Up-to-date: /home/ahmo030/hunav_ws/install/people_msgs/include/people_msgs/people_msgs/msg/detail/person__functions.h
[0.399s] -- Up-to-date: /home/ahmo030/hunav_ws/install/people_msgs/include/people_msgs/people_msgs/msg/detail/position_measurement_array__functions.c
[0.399s] -- Up-to-date: /home/ahmo030/hunav_ws/install/people_msgs/include/people_msgs/people_msgs/msg/detail/person__functions.c
[0.399s] -- Up-to-date: /home/ahmo030/hunav_ws/install/people_msgs/include/people_msgs/people_msgs/msg/detail/people__functions.c
[0.399s] -- Up-to-date: /home/ahmo030/hunav_ws/install/people_msgs/include/people_msgs/people_msgs/msg/person_stamped.h
[0.399s] -- Up-to-date: /home/ahmo030/hunav_ws/install/people_msgs/include/people_msgs/people_msgs/msg/person.h
[0.399s] -- Up-to-date: /home/ahmo030/hunav_ws/install/people_msgs/include/people_msgs/people_msgs/msg/rosidl_generator_c__visibility_control.h
[0.399s] -- Up-to-date: /home/ahmo030/hunav_ws/install/people_msgs/include/people_msgs/people_msgs/msg/people.h
[0.399s] -- Up-to-date: /home/ahmo030/hunav_ws/install/people_msgs/include/people_msgs/people_msgs/msg/position_measurement_array.h
[0.399s] -- Up-to-date: /home/ahmo030/hunav_ws/install/people_msgs/share/people_msgs/environment/library_path.sh
[0.399s] -- Up-to-date: /home/ahmo030/hunav_ws/install/people_msgs/share/people_msgs/environment/library_path.dsv
[0.399s] -- Up-to-date: /home/ahmo030/hunav_ws/install/people_msgs/lib/libpeople_msgs__rosidl_generator_c.so
[0.399s] -- Up-to-date: /home/ahmo030/hunav_ws/install/people_msgs/include/people_msgs/people_msgs
[0.399s] -- Up-to-date: /home/ahmo030/hunav_ws/install/people_msgs/include/people_msgs/people_msgs/msg
[0.399s] -- Up-to-date: /home/ahmo030/hunav_ws/install/people_msgs/include/people_msgs/people_msgs/msg/rosidl_typesupport_fastrtps_c__visibility_control.h
[0.399s] -- Up-to-date: /home/ahmo030/hunav_ws/install/people_msgs/include/people_msgs/people_msgs/msg/detail
[0.399s] -- Up-to-date: /home/ahmo030/hunav_ws/install/people_msgs/include/people_msgs/people_msgs/msg/detail/person_stamped__rosidl_typesupport_fastrtps_c.h
[0.399s] -- Up-to-date: /home/ahmo030/hunav_ws/install/people_msgs/include/people_msgs/people_msgs/msg/detail/position_measurement__rosidl_typesupport_fastrtps_c.h
[0.399s] -- Up-to-date: /home/ahmo030/hunav_ws/install/people_msgs/include/people_msgs/people_msgs/msg/detail/position_measurement_array__rosidl_typesupport_fastrtps_c.h
[0.399s] -- Up-to-date: /home/ahmo030/hunav_ws/install/people_msgs/include/people_msgs/people_msgs/msg/detail/people__rosidl_typesupport_fastrtps_c.h
[0.400s] -- Up-to-date: /home/ahmo030/hunav_ws/install/people_msgs/include/people_msgs/people_msgs/msg/detail/person__rosidl_typesupport_fastrtps_c.h
[0.400s] -- Up-to-date: /home/ahmo030/hunav_ws/install/people_msgs/lib/libpeople_msgs__rosidl_typesupport_fastrtps_c.so
[0.400s] -- Up-to-date: /home/ahmo030/hunav_ws/install/people_msgs/include/people_msgs/people_msgs
[0.400s] -- Up-to-date: /home/ahmo030/hunav_ws/install/people_msgs/include/people_msgs/people_msgs/msg
[0.400s] -- Up-to-date: /home/ahmo030/hunav_ws/install/people_msgs/include/people_msgs/people_msgs/msg/rosidl_typesupport_introspection_c__visibility_control.h
[0.400s] -- Up-to-date: /home/ahmo030/hunav_ws/install/people_msgs/include/people_msgs/people_msgs/msg/detail
[0.400s] -- Up-to-date: /home/ahmo030/hunav_ws/install/people_msgs/include/people_msgs/people_msgs/msg/detail/person_stamped__type_support.c
[0.400s] -- Up-to-date: /home/ahmo030/hunav_ws/install/people_msgs/include/people_msgs/people_msgs/msg/detail/person__type_support.c
[0.400s] -- Up-to-date: /home/ahmo030/hunav_ws/install/people_msgs/include/people_msgs/people_msgs/msg/detail/people__type_support.c
[0.400s] -- Up-to-date: /home/ahmo030/hunav_ws/install/people_msgs/include/people_msgs/people_msgs/msg/detail/person__rosidl_typesupport_introspection_c.h
[0.400s] -- Up-to-date: /home/ahmo030/hunav_ws/install/people_msgs/include/people_msgs/people_msgs/msg/detail/person_stamped__rosidl_typesupport_introspection_c.h
[0.400s] -- Up-to-date: /home/ahmo030/hunav_ws/install/people_msgs/include/people_msgs/people_msgs/msg/detail/position_measurement_array__type_support.c
[0.400s] -- Up-to-date: /home/ahmo030/hunav_ws/install/people_msgs/include/people_msgs/people_msgs/msg/detail/people__rosidl_typesupport_introspection_c.h
[0.400s] -- Up-to-date: /home/ahmo030/hunav_ws/install/people_msgs/include/people_msgs/people_msgs/msg/detail/position_measurement_array__rosidl_typesupport_introspection_c.h
[0.400s] -- Up-to-date: /home/ahmo030/hunav_ws/install/people_msgs/include/people_msgs/people_msgs/msg/detail/position_measurement__rosidl_typesupport_introspection_c.h
[0.400s] -- Up-to-date: /home/ahmo030/hunav_ws/install/people_msgs/include/people_msgs/people_msgs/msg/detail/position_measurement__type_support.c
[0.400s] -- Up-to-date: /home/ahmo030/hunav_ws/install/people_msgs/lib/libpeople_msgs__rosidl_typesupport_introspection_c.so
[0.400s] -- Up-to-date: /home/ahmo030/hunav_ws/install/people_msgs/lib/libpeople_msgs__rosidl_typesupport_c.so
[0.400s] -- Up-to-date: /home/ahmo030/hunav_ws/install/people_msgs/include/people_msgs/people_msgs
[0.400s] -- Up-to-date: /home/ahmo030/hunav_ws/install/people_msgs/include/people_msgs/people_msgs/msg
[0.400s] -- Up-to-date: /home/ahmo030/hunav_ws/install/people_msgs/include/people_msgs/people_msgs/msg/people.hpp
[0.401s] -- Up-to-date: /home/ahmo030/hunav_ws/install/people_msgs/include/people_msgs/people_msgs/msg/person.hpp
[0.401s] -- Up-to-date: /home/ahmo030/hunav_ws/install/people_msgs/include/people_msgs/people_msgs/msg/person_stamped.hpp
[0.401s] -- Up-to-date: /home/ahmo030/hunav_ws/install/people_msgs/include/people_msgs/people_msgs/msg/detail
[0.401s] -- Up-to-date: /home/ahmo030/hunav_ws/install/people_msgs/include/people_msgs/people_msgs/msg/detail/position_measurement__builder.hpp
[0.401s] -- Up-to-date: /home/ahmo030/hunav_ws/install/people_msgs/include/people_msgs/people_msgs/msg/detail/position_measurement__traits.hpp
[0.401s] -- Up-to-date: /home/ahmo030/hunav_ws/install/people_msgs/include/people_msgs/people_msgs/msg/detail/people__struct.hpp
[0.401s] -- Up-to-date: /home/ahmo030/hunav_ws/install/people_msgs/include/people_msgs/people_msgs/msg/detail/people__builder.hpp
[0.401s] -- Up-to-date: /home/ahmo030/hunav_ws/install/people_msgs/include/people_msgs/people_msgs/msg/detail/person_stamped__struct.hpp
[0.401s] -- Up-to-date: /home/ahmo030/hunav_ws/install/people_msgs/include/people_msgs/people_msgs/msg/detail/person_stamped__traits.hpp
[0.401s] -- Up-to-date: /home/ahmo030/hunav_ws/install/people_msgs/include/people_msgs/people_msgs/msg/detail/person__builder.hpp
[0.401s] -- Up-to-date: /home/ahmo030/hunav_ws/install/people_msgs/include/people_msgs/people_msgs/msg/detail/person__traits.hpp
[0.401s] -- Up-to-date: /home/ahmo030/hunav_ws/install/people_msgs/include/people_msgs/people_msgs/msg/detail/position_measurement_array__builder.hpp
[0.401s] -- Up-to-date: /home/ahmo030/hunav_ws/install/people_msgs/include/people_msgs/people_msgs/msg/detail/position_measurement_array__struct.hpp
[0.401s] -- Up-to-date: /home/ahmo030/hunav_ws/install/people_msgs/include/people_msgs/people_msgs/msg/detail/position_measurement__struct.hpp
[0.401s] -- Up-to-date: /home/ahmo030/hunav_ws/install/people_msgs/include/people_msgs/people_msgs/msg/detail/people__traits.hpp
[0.401s] -- Up-to-date: /home/ahmo030/hunav_ws/install/people_msgs/include/people_msgs/people_msgs/msg/detail/position_measurement_array__traits.hpp
[0.401s] -- Up-to-date: /home/ahmo030/hunav_ws/install/people_msgs/include/people_msgs/people_msgs/msg/detail/person__struct.hpp
[0.401s] -- Up-to-date: /home/ahmo030/hunav_ws/install/people_msgs/include/people_msgs/people_msgs/msg/detail/person_stamped__builder.hpp
[0.402s] -- Up-to-date: /home/ahmo030/hunav_ws/install/people_msgs/include/people_msgs/people_msgs/msg/position_measurement_array.hpp
[0.402s] -- Up-to-date: /home/ahmo030/hunav_ws/install/people_msgs/include/people_msgs/people_msgs/msg/position_measurement.hpp
[0.402s] -- Up-to-date: /home/ahmo030/hunav_ws/install/people_msgs/include/people_msgs/people_msgs
[0.402s] -- Up-to-date: /home/ahmo030/hunav_ws/install/people_msgs/include/people_msgs/people_msgs/msg
[0.402s] -- Up-to-date: /home/ahmo030/hunav_ws/install/people_msgs/include/people_msgs/people_msgs/msg/detail
[0.402s] -- Up-to-date: /home/ahmo030/hunav_ws/install/people_msgs/include/people_msgs/people_msgs/msg/detail/people__rosidl_typesupport_fastrtps_cpp.hpp
[0.402s] -- Up-to-date: /home/ahmo030/hunav_ws/install/people_msgs/include/people_msgs/people_msgs/msg/detail/position_measurement__rosidl_typesupport_fastrtps_cpp.hpp
[0.402s] -- Up-to-date: /home/ahmo030/hunav_ws/install/people_msgs/include/people_msgs/people_msgs/msg/detail/person_stamped__rosidl_typesupport_fastrtps_cpp.hpp
[0.402s] -- Up-to-date: /home/ahmo030/hunav_ws/install/people_msgs/include/people_msgs/people_msgs/msg/detail/dds_fastrtps
[0.402s] -- Up-to-date: /home/ahmo030/hunav_ws/install/people_msgs/include/people_msgs/people_msgs/msg/detail/position_measurement_array__rosidl_typesupport_fastrtps_cpp.hpp
[0.402s] -- Up-to-date: /home/ahmo030/hunav_ws/install/people_msgs/include/people_msgs/people_msgs/msg/detail/person__rosidl_typesupport_fastrtps_cpp.hpp
[0.402s] -- Up-to-date: /home/ahmo030/hunav_ws/install/people_msgs/include/people_msgs/people_msgs/msg/rosidl_typesupport_fastrtps_cpp__visibility_control.h
[0.402s] -- Up-to-date: /home/ahmo030/hunav_ws/install/people_msgs/lib/libpeople_msgs__rosidl_typesupport_fastrtps_cpp.so
[0.402s] -- Up-to-date: /home/ahmo030/hunav_ws/install/people_msgs/include/people_msgs/people_msgs
[0.402s] -- Up-to-date: /home/ahmo030/hunav_ws/install/people_msgs/include/people_msgs/people_msgs/msg
[0.402s] -- Up-to-date: /home/ahmo030/hunav_ws/install/people_msgs/include/people_msgs/people_msgs/msg/detail
[0.402s] -- Up-to-date: /home/ahmo030/hunav_ws/install/people_msgs/include/people_msgs/people_msgs/msg/detail/position_measurement_array__rosidl_typesupport_introspection_cpp.hpp
[0.402s] -- Up-to-date: /home/ahmo030/hunav_ws/install/people_msgs/include/people_msgs/people_msgs/msg/detail/position_measurement__type_support.cpp
[0.402s] -- Up-to-date: /home/ahmo030/hunav_ws/install/people_msgs/include/people_msgs/people_msgs/msg/detail/people__type_support.cpp
[0.402s] -- Up-to-date: /home/ahmo030/hunav_ws/install/people_msgs/include/people_msgs/people_msgs/msg/detail/person__rosidl_typesupport_introspection_cpp.hpp
[0.402s] -- Up-to-date: /home/ahmo030/hunav_ws/install/people_msgs/include/people_msgs/people_msgs/msg/detail/person__type_support.cpp
[0.402s] -- Up-to-date: /home/ahmo030/hunav_ws/install/people_msgs/include/people_msgs/people_msgs/msg/detail/position_measurement_array__type_support.cpp
[0.402s] -- Up-to-date: /home/ahmo030/hunav_ws/install/people_msgs/include/people_msgs/people_msgs/msg/detail/people__rosidl_typesupport_introspection_cpp.hpp
[0.402s] -- Up-to-date: /home/ahmo030/hunav_ws/install/people_msgs/include/people_msgs/people_msgs/msg/detail/person_stamped__type_support.cpp
[0.402s] -- Up-to-date: /home/ahmo030/hunav_ws/install/people_msgs/include/people_msgs/people_msgs/msg/detail/person_stamped__rosidl_typesupport_introspection_cpp.hpp
[0.402s] -- Up-to-date: /home/ahmo030/hunav_ws/install/people_msgs/include/people_msgs/people_msgs/msg/detail/position_measurement__rosidl_typesupport_introspection_cpp.hpp
[0.403s] -- Up-to-date: /home/ahmo030/hunav_ws/install/people_msgs/lib/libpeople_msgs__rosidl_typesupport_introspection_cpp.so
[0.403s] -- Up-to-date: /home/ahmo030/hunav_ws/install/people_msgs/lib/libpeople_msgs__rosidl_typesupport_cpp.so
[0.403s] -- Up-to-date: /home/ahmo030/hunav_ws/install/people_msgs/share/people_msgs/environment/pythonpath.sh
[0.403s] -- Up-to-date: /home/ahmo030/hunav_ws/install/people_msgs/share/people_msgs/environment/pythonpath.dsv
[0.403s] -- Up-to-date: /home/ahmo030/hunav_ws/install/people_msgs/local/lib/python3.10/dist-packages/people_msgs-1.3.0-py3.10.egg-info
[0.403s] -- Installing: /home/ahmo030/hunav_ws/install/people_msgs/local/lib/python3.10/dist-packages/people_msgs-1.3.0-py3.10.egg-info/SOURCES.txt
[0.403s] -- Installing: /home/ahmo030/hunav_ws/install/people_msgs/local/lib/python3.10/dist-packages/people_msgs-1.3.0-py3.10.egg-info/top_level.txt
[0.403s] -- Installing: /home/ahmo030/hunav_ws/install/people_msgs/local/lib/python3.10/dist-packages/people_msgs-1.3.0-py3.10.egg-info/dependency_links.txt
[0.403s] -- Installing: /home/ahmo030/hunav_ws/install/people_msgs/local/lib/python3.10/dist-packages/people_msgs-1.3.0-py3.10.egg-info/PKG-INFO
[0.403s] -- Up-to-date: /home/ahmo030/hunav_ws/install/people_msgs/local/lib/python3.10/dist-packages/people_msgs
[0.403s] -- Up-to-date: /home/ahmo030/hunav_ws/install/people_msgs/local/lib/python3.10/dist-packages/people_msgs/people_msgs_s__rosidl_typesupport_fastrtps_c.cpython-310-x86_64-linux-gnu.so
[0.403s] -- Up-to-date: /home/ahmo030/hunav_ws/install/people_msgs/local/lib/python3.10/dist-packages/people_msgs/people_msgs_s__rosidl_typesupport_introspection_c.cpython-310-x86_64-linux-gnu.so
[0.403s] -- Up-to-date: /home/ahmo030/hunav_ws/install/people_msgs/local/lib/python3.10/dist-packages/people_msgs/_people_msgs_s.ep.rosidl_typesupport_fastrtps_c.c
[0.403s] -- Up-to-date: /home/ahmo030/hunav_ws/install/people_msgs/local/lib/python3.10/dist-packages/people_msgs/people_msgs_s__rosidl_typesupport_c.cpython-310-x86_64-linux-gnu.so
[0.403s] -- Up-to-date: /home/ahmo030/hunav_ws/install/people_msgs/local/lib/python3.10/dist-packages/people_msgs/libpeople_msgs__rosidl_generator_py.so
[0.403s] -- Up-to-date: /home/ahmo030/hunav_ws/install/people_msgs/local/lib/python3.10/dist-packages/people_msgs/__init__.py
[0.403s] -- Up-to-date: /home/ahmo030/hunav_ws/install/people_msgs/local/lib/python3.10/dist-packages/people_msgs/_people_msgs_s.ep.rosidl_typesupport_introspection_c.c
[0.403s] -- Up-to-date: /home/ahmo030/hunav_ws/install/people_msgs/local/lib/python3.10/dist-packages/people_msgs/_people_msgs_s.ep.rosidl_typesupport_c.c
[0.403s] -- Up-to-date: /home/ahmo030/hunav_ws/install/people_msgs/local/lib/python3.10/dist-packages/people_msgs/msg
[0.403s] -- Up-to-date: /home/ahmo030/hunav_ws/install/people_msgs/local/lib/python3.10/dist-packages/people_msgs/msg/_person_stamped_s.c
[0.403s] -- Up-to-date: /home/ahmo030/hunav_ws/install/people_msgs/local/lib/python3.10/dist-packages/people_msgs/msg/_people_s.c
[0.403s] -- Up-to-date: /home/ahmo030/hunav_ws/install/people_msgs/local/lib/python3.10/dist-packages/people_msgs/msg/_position_measurement_array_s.c
[0.404s] -- Up-to-date: /home/ahmo030/hunav_ws/install/people_msgs/local/lib/python3.10/dist-packages/people_msgs/msg/_person_s.c
[0.404s] -- Up-to-date: /home/ahmo030/hunav_ws/install/people_msgs/local/lib/python3.10/dist-packages/people_msgs/msg/_person.py
[0.404s] -- Up-to-date: /home/ahmo030/hunav_ws/install/people_msgs/local/lib/python3.10/dist-packages/people_msgs/msg/_people.py
[0.404s] -- Up-to-date: /home/ahmo030/hunav_ws/install/people_msgs/local/lib/python3.10/dist-packages/people_msgs/msg/_person_stamped.py
[0.404s] -- Up-to-date: /home/ahmo030/hunav_ws/install/people_msgs/local/lib/python3.10/dist-packages/people_msgs/msg/_position_measurement_array.py
[0.404s] -- Up-to-date: /home/ahmo030/hunav_ws/install/people_msgs/local/lib/python3.10/dist-packages/people_msgs/msg/_position_measurement.py
[0.404s] -- Up-to-date: /home/ahmo030/hunav_ws/install/people_msgs/local/lib/python3.10/dist-packages/people_msgs/msg/_position_measurement_s.c
[0.404s] -- Up-to-date: /home/ahmo030/hunav_ws/install/people_msgs/local/lib/python3.10/dist-packages/people_msgs/msg/__init__.py
[0.452s] Listing '/home/ahmo030/hunav_ws/install/people_msgs/local/lib/python3.10/dist-packages/people_msgs'...
[0.452s] Listing '/home/ahmo030/hunav_ws/install/people_msgs/local/lib/python3.10/dist-packages/people_msgs/msg'...
[0.455s] -- Up-to-date: /home/ahmo030/hunav_ws/install/people_msgs/local/lib/python3.10/dist-packages/people_msgs/people_msgs_s__rosidl_typesupport_fastrtps_c.cpython-310-x86_64-linux-gnu.so
[0.455s] -- Up-to-date: /home/ahmo030/hunav_ws/install/people_msgs/local/lib/python3.10/dist-packages/people_msgs/people_msgs_s__rosidl_typesupport_introspection_c.cpython-310-x86_64-linux-gnu.so
[0.455s] -- Up-to-date: /home/ahmo030/hunav_ws/install/people_msgs/local/lib/python3.10/dist-packages/people_msgs/people_msgs_s__rosidl_typesupport_c.cpython-310-x86_64-linux-gnu.so
[0.456s] -- Up-to-date: /home/ahmo030/hunav_ws/install/people_msgs/lib/libpeople_msgs__rosidl_generator_py.so
[0.456s] -- Up-to-date: /home/ahmo030/hunav_ws/install/people_msgs/share/people_msgs/msg/People.idl
[0.456s] -- Up-to-date: /home/ahmo030/hunav_ws/install/people_msgs/share/people_msgs/msg/Person.idl
[0.456s] -- Up-to-date: /home/ahmo030/hunav_ws/install/people_msgs/share/people_msgs/msg/PersonStamped.idl
[0.456s] -- Up-to-date: /home/ahmo030/hunav_ws/install/people_msgs/share/people_msgs/msg/PositionMeasurement.idl
[0.456s] -- Up-to-date: /home/ahmo030/hunav_ws/install/people_msgs/share/people_msgs/msg/PositionMeasurementArray.idl
[0.456s] -- Up-to-date: /home/ahmo030/hunav_ws/install/people_msgs/share/people_msgs/msg/People.msg
[0.456s] -- Up-to-date: /home/ahmo030/hunav_ws/install/people_msgs/share/people_msgs/msg/Person.msg
[0.456s] -- Up-to-date: /home/ahmo030/hunav_ws/install/people_msgs/share/people_msgs/msg/PersonStamped.msg
[0.456s] -- Up-to-date: /home/ahmo030/hunav_ws/install/people_msgs/share/people_msgs/msg/PositionMeasurement.msg
[0.456s] -- Up-to-date: /home/ahmo030/hunav_ws/install/people_msgs/share/people_msgs/msg/PositionMeasurementArray.msg
[0.456s] -- Up-to-date: /home/ahmo030/hunav_ws/install/people_msgs/share/ament_index/resource_index/package_run_dependencies/people_msgs
[0.456s] -- Up-to-date: /home/ahmo030/hunav_ws/install/people_msgs/share/ament_index/resource_index/parent_prefix_path/people_msgs
[0.457s] -- Up-to-date: /home/ahmo030/hunav_ws/install/people_msgs/share/people_msgs/environment/ament_prefix_path.sh
[0.457s] -- Up-to-date: /home/ahmo030/hunav_ws/install/people_msgs/share/people_msgs/environment/ament_prefix_path.dsv
[0.457s] -- Up-to-date: /home/ahmo030/hunav_ws/install/people_msgs/share/people_msgs/environment/path.sh
[0.457s] -- Up-to-date: /home/ahmo030/hunav_ws/install/people_msgs/share/people_msgs/environment/path.dsv
[0.457s] -- Up-to-date: /home/ahmo030/hunav_ws/install/people_msgs/share/people_msgs/local_setup.bash
[0.457s] -- Up-to-date: /home/ahmo030/hunav_ws/install/people_msgs/share/people_msgs/local_setup.sh
[0.457s] -- Up-to-date: /home/ahmo030/hunav_ws/install/people_msgs/share/people_msgs/local_setup.zsh
[0.457s] -- Up-to-date: /home/ahmo030/hunav_ws/install/people_msgs/share/people_msgs/local_setup.dsv
[0.457s] -- Installing: /home/ahmo030/hunav_ws/install/people_msgs/share/people_msgs/package.dsv
[0.457s] -- Up-to-date: /home/ahmo030/hunav_ws/install/people_msgs/share/ament_index/resource_index/packages/people_msgs
[0.457s] -- Up-to-date: /home/ahmo030/hunav_ws/install/people_msgs/share/people_msgs/cmake/export_people_msgs__rosidl_generator_cExport.cmake
[0.457s] -- Up-to-date: /home/ahmo030/hunav_ws/install/people_msgs/share/people_msgs/cmake/export_people_msgs__rosidl_generator_cExport-noconfig.cmake
[0.457s] -- Up-to-date: /home/ahmo030/hunav_ws/install/people_msgs/share/people_msgs/cmake/export_people_msgs__rosidl_typesupport_fastrtps_cExport.cmake
[0.457s] -- Up-to-date: /home/ahmo030/hunav_ws/install/people_msgs/share/people_msgs/cmake/export_people_msgs__rosidl_typesupport_fastrtps_cExport-noconfig.cmake
[0.457s] -- Up-to-date: /home/ahmo030/hunav_ws/install/people_msgs/share/people_msgs/cmake/people_msgs__rosidl_typesupport_introspection_cExport.cmake
[0.457s] -- Up-to-date: /home/ahmo030/hunav_ws/install/people_msgs/share/people_msgs/cmake/people_msgs__rosidl_typesupport_introspection_cExport-noconfig.cmake
[0.457s] -- Up-to-date: /home/ahmo030/hunav_ws/install/people_msgs/share/people_msgs/cmake/people_msgs__rosidl_typesupport_cExport.cmake
[0.457s] -- Up-to-date: /home/ahmo030/hunav_ws/install/people_msgs/share/people_msgs/cmake/people_msgs__rosidl_typesupport_cExport-noconfig.cmake
[0.458s] -- Up-to-date: /home/ahmo030/hunav_ws/install/people_msgs/share/people_msgs/cmake/export_people_msgs__rosidl_generator_cppExport.cmake
[0.458s] -- Up-to-date: /home/ahmo030/hunav_ws/install/people_msgs/share/people_msgs/cmake/export_people_msgs__rosidl_typesupport_fastrtps_cppExport.cmake
[0.458s] -- Up-to-date: /home/ahmo030/hunav_ws/install/people_msgs/share/people_msgs/cmake/export_people_msgs__rosidl_typesupport_fastrtps_cppExport-noconfig.cmake
[0.458s] -- Up-to-date: /home/ahmo030/hunav_ws/install/people_msgs/share/people_msgs/cmake/people_msgs__rosidl_typesupport_introspection_cppExport.cmake
[0.458s] -- Up-to-date: /home/ahmo030/hunav_ws/install/people_msgs/share/people_msgs/cmake/people_msgs__rosidl_typesupport_introspection_cppExport-noconfig.cmake
[0.458s] -- Up-to-date: /home/ahmo030/hunav_ws/install/people_msgs/share/people_msgs/cmake/people_msgs__rosidl_typesupport_cppExport.cmake
[0.458s] -- Up-to-date: /home/ahmo030/hunav_ws/install/people_msgs/share/people_msgs/cmake/people_msgs__rosidl_typesupport_cppExport-noconfig.cmake
[0.458s] -- Up-to-date: /home/ahmo030/hunav_ws/install/people_msgs/share/people_msgs/cmake/export_people_msgs__rosidl_generator_pyExport.cmake
[0.458s] -- Up-to-date: /home/ahmo030/hunav_ws/install/people_msgs/share/people_msgs/cmake/export_people_msgs__rosidl_generator_pyExport-noconfig.cmake
[0.458s] -- Up-to-date: /home/ahmo030/hunav_ws/install/people_msgs/share/people_msgs/cmake/rosidl_cmake-extras.cmake
[0.458s] -- Up-to-date: /home/ahmo030/hunav_ws/install/people_msgs/share/people_msgs/cmake/ament_cmake_export_dependencies-extras.cmake
[0.458s] -- Up-to-date: /home/ahmo030/hunav_ws/install/people_msgs/share/people_msgs/cmake/ament_cmake_export_include_directories-extras.cmake
[0.458s] -- Up-to-date: /home/ahmo030/hunav_ws/install/people_msgs/share/people_msgs/cmake/ament_cmake_export_libraries-extras.cmake
[0.458s] -- Up-to-date: /home/ahmo030/hunav_ws/install/people_msgs/share/people_msgs/cmake/ament_cmake_export_targets-extras.cmake
[0.458s] -- Up-to-date: /home/ahmo030/hunav_ws/install/people_msgs/share/people_msgs/cmake/rosidl_cmake_export_typesupport_targets-extras.cmake
[0.458s] -- Up-to-date: /home/ahmo030/hunav_ws/install/people_msgs/share/people_msgs/cmake/rosidl_cmake_export_typesupport_libraries-extras.cmake
[0.458s] -- Up-to-date: /home/ahmo030/hunav_ws/install/people_msgs/share/people_msgs/cmake/people_msgsConfig.cmake
[0.458s] -- Up-to-date: /home/ahmo030/hunav_ws/install/people_msgs/share/people_msgs/cmake/people_msgsConfig-version.cmake
[0.458s] -- Up-to-date: /home/ahmo030/hunav_ws/install/people_msgs/share/people_msgs/package.xml
[0.459s] Invoked command in '/home/ahmo030/hunav_ws/build/people_msgs' returned '0': CMAKE_PREFIX_PATH=${CMAKE_PREFIX_PATH}:/home/ahmo030/hunav_ws/install/hunav_evaluator:/opt/ros/humble /usr/bin/cmake --install /home/ahmo030/hunav_ws/build/people_msgs
