-- The C compiler identification is GNU 11.4.0
-- The CXX compiler identification is GNU 11.4.0
-- Detecting C compiler ABI info
-- Detecting C compiler ABI info - done
-- Check for working C compiler: /usr/bin/cc - skipped
-- Detecting C compile features
-- Detecting C compile features - done
-- Detecting CXX compiler ABI info
-- Detecting CXX compiler ABI info - done
-- Check for working CXX compiler: /usr/bin/c++ - skipped
-- Detecting CXX compile features
-- Detecting CXX compile features - done
-- Found ament_cmake: 1.3.10 (/opt/ros/humble/share/ament_cmake/cmake)
-- Found Python3: /home/ahmo030/.pyenv/shims/python3 (found version "3.10.12") found components: Interpreter 
-- Found builtin_interfaces: 1.2.1 (/opt/ros/humble/share/builtin_interfaces/cmake)
-- Found rosidl_generator_c: 3.1.5 (/opt/ros/humble/share/rosidl_generator_c/cmake)
-- Found rosidl_adapter: 3.1.5 (/opt/ros/humble/share/rosidl_adapter/cmake)
-- Found rosidl_generator_cpp: 3.1.5 (/opt/ros/humble/share/rosidl_generator_cpp/cmake)
-- Using all available rosidl_typesupport_c: rosidl_typesupport_fastrtps_c;rosidl_typesupport_introspection_c
-- Using all available rosidl_typesupport_cpp: rosidl_typesupport_fastrtps_cpp;rosidl_typesupport_introspection_cpp
-- Found geometry_msgs: 4.2.4 (/opt/ros/humble/share/geometry_msgs/cmake)
-- Found rosidl_default_generators: 1.2.0 (/opt/ros/humble/share/rosidl_default_generators/cmake)
-- Found ament_cmake_ros: 0.10.0 (/opt/ros/humble/share/ament_cmake_ros/cmake)
-- Using all available rosidl_typesupport_c: rosidl_typesupport_fastrtps_c;rosidl_typesupport_introspection_c
-- Using all available rosidl_typesupport_cpp: rosidl_typesupport_fastrtps_cpp;rosidl_typesupport_introspection_cpp
-- Found PythonInterp: /home/ahmo030/.pyenv/shims/python3 (found suitable version "3.10.12", minimum required is "3.6") 
-- Found python_cmake_module: 0.10.0 (/opt/ros/humble/share/python_cmake_module/cmake)
-- Found PythonLibs: /usr/lib/x86_64-linux-gnu/libpython3.10.so (found suitable version "3.10.12", minimum required is "3.5") 
-- Using PYTHON_EXECUTABLE: /home/ahmo030/.pyenv/shims/python3
-- Using PYTHON_INCLUDE_DIRS: /usr/include/python3.10
-- Using PYTHON_LIBRARIES: /usr/lib/x86_64-linux-gnu/libpython3.10.so
-- Found PythonExtra: .so  
-- Configuring done
-- Generating done
-- Build files have been written to: /home/ahmo030/hunav_ws/build/hunav_msgs
[  1%] [34m[1mGenerating C code for ROS interfaces[0m
[  2%] [34m[1mGenerating C++ code for ROS interfaces[0m
[  2%] Built target ament_cmake_python_copy_hunav_msgs
running egg_info
creating hunav_msgs.egg-info
writing hunav_msgs.egg-info/PKG-INFO
writing dependency_links to hunav_msgs.egg-info/dependency_links.txt
writing top-level names to hunav_msgs.egg-info/top_level.txt
writing manifest file 'hunav_msgs.egg-info/SOURCES.txt'
reading manifest file 'hunav_msgs.egg-info/SOURCES.txt'
writing manifest file 'hunav_msgs.egg-info/SOURCES.txt'
[  2%] Built target ament_cmake_python_build_hunav_msgs_egg
[  2%] Built target hunav_msgs__cpp
[  5%] [34m[1mGenerating C++ type support dispatch for ROS interfaces[0m
[  5%] [34m[1mGenerating C++ type support for eProsima Fast-RTPS[0m
[  5%] [34m[1mGenerating C++ introspection for ROS interfaces[0m
[  6%] [32mBuilding C object CMakeFiles/hunav_msgs__rosidl_generator_c.dir/rosidl_generator_c/hunav_msgs/msg/detail/agent__functions.c.o[0m
[  8%] [32mBuilding C object CMakeFiles/hunav_msgs__rosidl_generator_c.dir/rosidl_generator_c/hunav_msgs/srv/detail/compute_agent__functions.c.o[0m
[  9%] [32mBuilding C object CMakeFiles/hunav_msgs__rosidl_generator_c.dir/rosidl_generator_c/hunav_msgs/srv/detail/reset_agents__functions.c.o[0m
[ 11%] [32mBuilding C object CMakeFiles/hunav_msgs__rosidl_generator_c.dir/rosidl_generator_c/hunav_msgs/srv/detail/compute_agents__functions.c.o[0m
[ 12%] [32mBuilding C object CMakeFiles/hunav_msgs__rosidl_generator_c.dir/rosidl_generator_c/hunav_msgs/msg/detail/agent_behavior__functions.c.o[0m
[ 12%] [32mBuilding C object CMakeFiles/hunav_msgs__rosidl_generator_c.dir/rosidl_generator_c/hunav_msgs/msg/detail/agents__functions.c.o[0m
[ 13%] [32mBuilding C object CMakeFiles/hunav_msgs__rosidl_generator_c.dir/rosidl_generator_c/hunav_msgs/srv/detail/get_agents__functions.c.o[0m
[ 14%] [32mBuilding C object CMakeFiles/hunav_msgs__rosidl_generator_c.dir/rosidl_generator_c/hunav_msgs/srv/detail/move_agent__functions.c.o[0m
[ 19%] [32mBuilding CXX object CMakeFiles/hunav_msgs__rosidl_typesupport_cpp.dir/rosidl_typesupport_cpp/hunav_msgs/srv/compute_agents__type_support.cpp.o[0m
[ 19%] [32mBuilding CXX object CMakeFiles/hunav_msgs__rosidl_typesupport_cpp.dir/rosidl_typesupport_cpp/hunav_msgs/msg/agent__type_support.cpp.o[0m
[ 19%] [32mBuilding CXX object CMakeFiles/hunav_msgs__rosidl_typesupport_cpp.dir/rosidl_typesupport_cpp/hunav_msgs/msg/agents__type_support.cpp.o[0m
[ 20%] [32mBuilding CXX object CMakeFiles/hunav_msgs__rosidl_typesupport_cpp.dir/rosidl_typesupport_cpp/hunav_msgs/srv/compute_agent__type_support.cpp.o[0m
[ 21%] [32mBuilding CXX object CMakeFiles/hunav_msgs__rosidl_typesupport_cpp.dir/rosidl_typesupport_cpp/hunav_msgs/msg/agent_behavior__type_support.cpp.o[0m
[ 21%] [32mBuilding CXX object CMakeFiles/hunav_msgs__rosidl_typesupport_cpp.dir/rosidl_typesupport_cpp/hunav_msgs/srv/move_agent__type_support.cpp.o[0m
[ 22%] [32mBuilding CXX object CMakeFiles/hunav_msgs__rosidl_typesupport_fastrtps_cpp.dir/rosidl_typesupport_fastrtps_cpp/hunav_msgs/msg/detail/dds_fastrtps/agent__type_support.cpp.o[0m
[ 24%] [32mBuilding CXX object CMakeFiles/hunav_msgs__rosidl_typesupport_introspection_cpp.dir/rosidl_typesupport_introspection_cpp/hunav_msgs/msg/detail/agent__type_support.cpp.o[0m
[ 25%] [32mBuilding CXX object CMakeFiles/hunav_msgs__rosidl_typesupport_introspection_cpp.dir/rosidl_typesupport_introspection_cpp/hunav_msgs/msg/detail/agents__type_support.cpp.o[0m
[ 26%] [32mBuilding CXX object CMakeFiles/hunav_msgs__rosidl_typesupport_introspection_cpp.dir/rosidl_typesupport_introspection_cpp/hunav_msgs/msg/detail/agent_behavior__type_support.cpp.o[0m
[ 28%] [32mBuilding CXX object CMakeFiles/hunav_msgs__rosidl_typesupport_fastrtps_cpp.dir/rosidl_typesupport_fastrtps_cpp/hunav_msgs/msg/detail/dds_fastrtps/agents__type_support.cpp.o[0m
[ 28%] [32mBuilding CXX object CMakeFiles/hunav_msgs__rosidl_typesupport_cpp.dir/rosidl_typesupport_cpp/hunav_msgs/srv/get_agents__type_support.cpp.o[0m
[ 29%] [32mBuilding CXX object CMakeFiles/hunav_msgs__rosidl_typesupport_introspection_cpp.dir/rosidl_typesupport_introspection_cpp/hunav_msgs/srv/detail/compute_agents__type_support.cpp.o[0m
[ 31%] [32mBuilding CXX object CMakeFiles/hunav_msgs__rosidl_typesupport_introspection_cpp.dir/rosidl_typesupport_introspection_cpp/hunav_msgs/srv/detail/compute_agent__type_support.cpp.o[0m
[ 32%] [32mBuilding CXX object CMakeFiles/hunav_msgs__rosidl_typesupport_cpp.dir/rosidl_typesupport_cpp/hunav_msgs/srv/reset_agents__type_support.cpp.o[0m
[ 33%] [32m[1mLinking C shared library libhunav_msgs__rosidl_generator_c.so[0m
[ 33%] Built target hunav_msgs__rosidl_generator_c
[ 34%] [32mBuilding CXX object CMakeFiles/hunav_msgs__rosidl_typesupport_fastrtps_cpp.dir/rosidl_typesupport_fastrtps_cpp/hunav_msgs/msg/detail/dds_fastrtps/agent_behavior__type_support.cpp.o[0m
[ 35%] [32mBuilding CXX object CMakeFiles/hunav_msgs__rosidl_typesupport_introspection_cpp.dir/rosidl_typesupport_introspection_cpp/hunav_msgs/srv/detail/get_agents__type_support.cpp.o[0m
[ 37%] [32mBuilding CXX object CMakeFiles/hunav_msgs__rosidl_typesupport_fastrtps_cpp.dir/rosidl_typesupport_fastrtps_cpp/hunav_msgs/srv/detail/dds_fastrtps/compute_agents__type_support.cpp.o[0m
[ 37%] [32mBuilding CXX object CMakeFiles/hunav_msgs__rosidl_typesupport_introspection_cpp.dir/rosidl_typesupport_introspection_cpp/hunav_msgs/srv/detail/move_agent__type_support.cpp.o[0m
[ 39%] [34m[1mGenerating C type support for eProsima Fast-RTPS[0m
[ 40%] [32mBuilding CXX object CMakeFiles/hunav_msgs__rosidl_typesupport_introspection_cpp.dir/rosidl_typesupport_introspection_cpp/hunav_msgs/srv/detail/reset_agents__type_support.cpp.o[0m
[ 41%] [34m[1mGenerating C introspection for ROS interfaces[0m
[ 42%] [32m[1mLinking CXX shared library libhunav_msgs__rosidl_typesupport_cpp.so[0m
[ 43%] [34m[1mGenerating C type support dispatch for ROS interfaces[0m
[ 43%] Built target hunav_msgs__rosidl_typesupport_cpp
[ 44%] [32mBuilding CXX object CMakeFiles/hunav_msgs__rosidl_typesupport_fastrtps_cpp.dir/rosidl_typesupport_fastrtps_cpp/hunav_msgs/srv/detail/dds_fastrtps/compute_agent__type_support.cpp.o[0m
[ 45%] [32mBuilding CXX object CMakeFiles/hunav_msgs__rosidl_typesupport_fastrtps_cpp.dir/rosidl_typesupport_fastrtps_cpp/hunav_msgs/srv/detail/dds_fastrtps/move_agent__type_support.cpp.o[0m
[ 47%] [32mBuilding CXX object CMakeFiles/hunav_msgs__rosidl_typesupport_fastrtps_cpp.dir/rosidl_typesupport_fastrtps_cpp/hunav_msgs/srv/detail/dds_fastrtps/get_agents__type_support.cpp.o[0m
[ 48%] [32mBuilding CXX object CMakeFiles/hunav_msgs__rosidl_typesupport_fastrtps_cpp.dir/rosidl_typesupport_fastrtps_cpp/hunav_msgs/srv/detail/dds_fastrtps/reset_agents__type_support.cpp.o[0m
[ 49%] [32m[1mLinking CXX shared library libhunav_msgs__rosidl_typesupport_introspection_cpp.so[0m
[ 49%] Built target hunav_msgs__rosidl_typesupport_introspection_cpp
[ 50%] [32m[1mLinking CXX shared library libhunav_msgs__rosidl_typesupport_fastrtps_cpp.so[0m
[ 51%] [32mBuilding CXX object CMakeFiles/hunav_msgs__rosidl_typesupport_c.dir/rosidl_typesupport_c/hunav_msgs/msg/agents__type_support.cpp.o[0m
[ 54%] [32mBuilding CXX object CMakeFiles/hunav_msgs__rosidl_typesupport_c.dir/rosidl_typesupport_c/hunav_msgs/msg/agent_behavior__type_support.cpp.o[0m
[ 54%] [32mBuilding CXX object CMakeFiles/hunav_msgs__rosidl_typesupport_c.dir/rosidl_typesupport_c/hunav_msgs/msg/agent__type_support.cpp.o[0m
[ 55%] [32mBuilding CXX object CMakeFiles/hunav_msgs__rosidl_typesupport_c.dir/rosidl_typesupport_c/hunav_msgs/srv/compute_agents__type_support.cpp.o[0m
[ 56%] [32mBuilding CXX object CMakeFiles/hunav_msgs__rosidl_typesupport_c.dir/rosidl_typesupport_c/hunav_msgs/srv/compute_agent__type_support.cpp.o[0m
[ 58%] [32mBuilding CXX object CMakeFiles/hunav_msgs__rosidl_typesupport_c.dir/rosidl_typesupport_c/hunav_msgs/srv/move_agent__type_support.cpp.o[0m
[ 58%] [32mBuilding CXX object CMakeFiles/hunav_msgs__rosidl_typesupport_c.dir/rosidl_typesupport_c/hunav_msgs/srv/get_agents__type_support.cpp.o[0m
[ 59%] [32mBuilding CXX object CMakeFiles/hunav_msgs__rosidl_typesupport_c.dir/rosidl_typesupport_c/hunav_msgs/srv/reset_agents__type_support.cpp.o[0m
[ 59%] Built target hunav_msgs__rosidl_typesupport_fastrtps_cpp
[ 60%] [32m[1mLinking CXX shared library libhunav_msgs__rosidl_typesupport_c.so[0m
[ 64%] [32mBuilding C object CMakeFiles/hunav_msgs__rosidl_typesupport_introspection_c.dir/rosidl_typesupport_introspection_c/hunav_msgs/msg/detail/agent__type_support.c.o[0m
[ 64%] [32mBuilding C object CMakeFiles/hunav_msgs__rosidl_typesupport_introspection_c.dir/rosidl_typesupport_introspection_c/hunav_msgs/msg/detail/agent_behavior__type_support.c.o[0m
[ 64%] [32mBuilding C object CMakeFiles/hunav_msgs__rosidl_typesupport_introspection_c.dir/rosidl_typesupport_introspection_c/hunav_msgs/srv/detail/compute_agent__type_support.c.o[0m
[ 65%] [32mBuilding C object CMakeFiles/hunav_msgs__rosidl_typesupport_introspection_c.dir/rosidl_typesupport_introspection_c/hunav_msgs/srv/detail/compute_agents__type_support.c.o[0m
[ 66%] [32mBuilding C object CMakeFiles/hunav_msgs__rosidl_typesupport_introspection_c.dir/rosidl_typesupport_introspection_c/hunav_msgs/msg/detail/agents__type_support.c.o[0m
[ 67%] [32mBuilding C object CMakeFiles/hunav_msgs__rosidl_typesupport_introspection_c.dir/rosidl_typesupport_introspection_c/hunav_msgs/srv/detail/get_agents__type_support.c.o[0m
[ 68%] [32mBuilding C object CMakeFiles/hunav_msgs__rosidl_typesupport_introspection_c.dir/rosidl_typesupport_introspection_c/hunav_msgs/srv/detail/move_agent__type_support.c.o[0m
[ 70%] [32mBuilding C object CMakeFiles/hunav_msgs__rosidl_typesupport_introspection_c.dir/rosidl_typesupport_introspection_c/hunav_msgs/srv/detail/reset_agents__type_support.c.o[0m
[ 70%] Built target hunav_msgs__rosidl_typesupport_c
[ 71%] [32m[1mLinking C shared library libhunav_msgs__rosidl_typesupport_introspection_c.so[0m
[ 71%] Built target hunav_msgs__rosidl_typesupport_introspection_c
[ 75%] [32mBuilding CXX object CMakeFiles/hunav_msgs__rosidl_typesupport_fastrtps_c.dir/rosidl_typesupport_fastrtps_c/hunav_msgs/msg/detail/agent_behavior__type_support_c.cpp.o[0m
[ 75%] [32mBuilding CXX object CMakeFiles/hunav_msgs__rosidl_typesupport_fastrtps_c.dir/rosidl_typesupport_fastrtps_c/hunav_msgs/srv/detail/compute_agents__type_support_c.cpp.o[0m
[ 75%] [32mBuilding CXX object CMakeFiles/hunav_msgs__rosidl_typesupport_fastrtps_c.dir/rosidl_typesupport_fastrtps_c/hunav_msgs/msg/detail/agent__type_support_c.cpp.o[0m
[ 75%] [32mBuilding CXX object CMakeFiles/hunav_msgs__rosidl_typesupport_fastrtps_c.dir/rosidl_typesupport_fastrtps_c/hunav_msgs/msg/detail/agents__type_support_c.cpp.o[0m
[ 77%] [32mBuilding CXX object CMakeFiles/hunav_msgs__rosidl_typesupport_fastrtps_c.dir/rosidl_typesupport_fastrtps_c/hunav_msgs/srv/detail/reset_agents__type_support_c.cpp.o[0m
[ 78%] [32mBuilding CXX object CMakeFiles/hunav_msgs__rosidl_typesupport_fastrtps_c.dir/rosidl_typesupport_fastrtps_c/hunav_msgs/srv/detail/move_agent__type_support_c.cpp.o[0m
[ 79%] [32mBuilding CXX object CMakeFiles/hunav_msgs__rosidl_typesupport_fastrtps_c.dir/rosidl_typesupport_fastrtps_c/hunav_msgs/srv/detail/get_agents__type_support_c.cpp.o[0m
[ 80%] [32mBuilding CXX object CMakeFiles/hunav_msgs__rosidl_typesupport_fastrtps_c.dir/rosidl_typesupport_fastrtps_c/hunav_msgs/srv/detail/compute_agent__type_support_c.cpp.o[0m
[ 81%] [32m[1mLinking CXX shared library libhunav_msgs__rosidl_typesupport_fastrtps_c.so[0m
[ 81%] Built target hunav_msgs__rosidl_typesupport_fastrtps_c
[ 81%] Built target hunav_msgs
[ 82%] [34m[1mGenerating Python code for ROS interfaces[0m
[ 82%] Built target hunav_msgs__py
[ 86%] [32mBuilding C object CMakeFiles/hunav_msgs__rosidl_generator_py.dir/rosidl_generator_py/hunav_msgs/srv/_compute_agents_s.c.o[0m
[ 86%] [32mBuilding C object CMakeFiles/hunav_msgs__rosidl_generator_py.dir/rosidl_generator_py/hunav_msgs/srv/_compute_agent_s.c.o[0m
[ 89%] [32mBuilding C object CMakeFiles/hunav_msgs__rosidl_generator_py.dir/rosidl_generator_py/hunav_msgs/msg/_agent_behavior_s.c.o[0m
[ 89%] [32mBuilding C object CMakeFiles/hunav_msgs__rosidl_generator_py.dir/rosidl_generator_py/hunav_msgs/srv/_move_agent_s.c.o[0m
[ 89%] [32mBuilding C object CMakeFiles/hunav_msgs__rosidl_generator_py.dir/rosidl_generator_py/hunav_msgs/msg/_agents_s.c.o[0m
[ 89%] [32mBuilding C object CMakeFiles/hunav_msgs__rosidl_generator_py.dir/rosidl_generator_py/hunav_msgs/srv/_get_agents_s.c.o[0m
[ 90%] [32mBuilding C object CMakeFiles/hunav_msgs__rosidl_generator_py.dir/rosidl_generator_py/hunav_msgs/srv/_reset_agents_s.c.o[0m
[ 91%] [32mBuilding C object CMakeFiles/hunav_msgs__rosidl_generator_py.dir/rosidl_generator_py/hunav_msgs/msg/_agent_s.c.o[0m
[ 93%] [32m[1mLinking C shared library rosidl_generator_py/hunav_msgs/libhunav_msgs__rosidl_generator_py.so[0m
[ 93%] Built target hunav_msgs__rosidl_generator_py
[ 95%] [32mBuilding C object CMakeFiles/hunav_msgs__rosidl_typesupport_introspection_c__pyext.dir/rosidl_generator_py/hunav_msgs/_hunav_msgs_s.ep.rosidl_typesupport_introspection_c.c.o[0m
[ 95%] [32mBuilding C object CMakeFiles/hunav_msgs__rosidl_typesupport_c__pyext.dir/rosidl_generator_py/hunav_msgs/_hunav_msgs_s.ep.rosidl_typesupport_c.c.o[0m
[ 96%] [32mBuilding C object CMakeFiles/hunav_msgs__rosidl_typesupport_fastrtps_c__pyext.dir/rosidl_generator_py/hunav_msgs/_hunav_msgs_s.ep.rosidl_typesupport_fastrtps_c.c.o[0m
[ 97%] [32m[1mLinking C shared library rosidl_generator_py/hunav_msgs/hunav_msgs_s__rosidl_typesupport_introspection_c.cpython-310-x86_64-linux-gnu.so[0m
[ 98%] [32m[1mLinking C shared library rosidl_generator_py/hunav_msgs/hunav_msgs_s__rosidl_typesupport_c.cpython-310-x86_64-linux-gnu.so[0m
[100%] [32m[1mLinking C shared library rosidl_generator_py/hunav_msgs/hunav_msgs_s__rosidl_typesupport_fastrtps_c.cpython-310-x86_64-linux-gnu.so[0m
[100%] Built target hunav_msgs__rosidl_typesupport_c__pyext
[100%] Built target hunav_msgs__rosidl_typesupport_introspection_c__pyext
[100%] Built target hunav_msgs__rosidl_typesupport_fastrtps_c__pyext
-- Install configuration: ""
-- Installing: /home/ahmo030/hunav_ws/install/hunav_msgs/share/ament_index/resource_index/rosidl_interfaces/hunav_msgs
-- Installing: /home/ahmo030/hunav_ws/install/hunav_msgs/include/hunav_msgs/hunav_msgs
-- Installing: /home/ahmo030/hunav_ws/install/hunav_msgs/include/hunav_msgs/hunav_msgs/srv
-- Installing: /home/ahmo030/hunav_ws/install/hunav_msgs/include/hunav_msgs/hunav_msgs/srv/compute_agents.h
-- Installing: /home/ahmo030/hunav_ws/install/hunav_msgs/include/hunav_msgs/hunav_msgs/srv/move_agent.h
-- Installing: /home/ahmo030/hunav_ws/install/hunav_msgs/include/hunav_msgs/hunav_msgs/srv/compute_agent.h
-- Installing: /home/ahmo030/hunav_ws/install/hunav_msgs/include/hunav_msgs/hunav_msgs/srv/detail
-- Installing: /home/ahmo030/hunav_ws/install/hunav_msgs/include/hunav_msgs/hunav_msgs/srv/detail/compute_agents__functions.h
-- Installing: /home/ahmo030/hunav_ws/install/hunav_msgs/include/hunav_msgs/hunav_msgs/srv/detail/get_agents__functions.h
-- Installing: /home/ahmo030/hunav_ws/install/hunav_msgs/include/hunav_msgs/hunav_msgs/srv/detail/compute_agents__type_support.h
-- Installing: /home/ahmo030/hunav_ws/install/hunav_msgs/include/hunav_msgs/hunav_msgs/srv/detail/move_agent__type_support.h
-- Installing: /home/ahmo030/hunav_ws/install/hunav_msgs/include/hunav_msgs/hunav_msgs/srv/detail/reset_agents__type_support.h
-- Installing: /home/ahmo030/hunav_ws/install/hunav_msgs/include/hunav_msgs/hunav_msgs/srv/detail/compute_agent__functions.h
-- Installing: /home/ahmo030/hunav_ws/install/hunav_msgs/include/hunav_msgs/hunav_msgs/srv/detail/get_agents__struct.h
-- Installing: /home/ahmo030/hunav_ws/install/hunav_msgs/include/hunav_msgs/hunav_msgs/srv/detail/move_agent__struct.h
-- Installing: /home/ahmo030/hunav_ws/install/hunav_msgs/include/hunav_msgs/hunav_msgs/srv/detail/compute_agent__struct.h
-- Installing: /home/ahmo030/hunav_ws/install/hunav_msgs/include/hunav_msgs/hunav_msgs/srv/detail/reset_agents__struct.h
-- Installing: /home/ahmo030/hunav_ws/install/hunav_msgs/include/hunav_msgs/hunav_msgs/srv/detail/reset_agents__functions.h
-- Installing: /home/ahmo030/hunav_ws/install/hunav_msgs/include/hunav_msgs/hunav_msgs/srv/detail/compute_agent__functions.c
-- Installing: /home/ahmo030/hunav_ws/install/hunav_msgs/include/hunav_msgs/hunav_msgs/srv/detail/move_agent__functions.c
-- Installing: /home/ahmo030/hunav_ws/install/hunav_msgs/include/hunav_msgs/hunav_msgs/srv/detail/compute_agents__struct.h
-- Installing: /home/ahmo030/hunav_ws/install/hunav_msgs/include/hunav_msgs/hunav_msgs/srv/detail/compute_agent__type_support.h
-- Installing: /home/ahmo030/hunav_ws/install/hunav_msgs/include/hunav_msgs/hunav_msgs/srv/detail/get_agents__functions.c
-- Installing: /home/ahmo030/hunav_ws/install/hunav_msgs/include/hunav_msgs/hunav_msgs/srv/detail/get_agents__type_support.h
-- Installing: /home/ahmo030/hunav_ws/install/hunav_msgs/include/hunav_msgs/hunav_msgs/srv/detail/reset_agents__functions.c
-- Installing: /home/ahmo030/hunav_ws/install/hunav_msgs/include/hunav_msgs/hunav_msgs/srv/detail/move_agent__functions.h
-- Installing: /home/ahmo030/hunav_ws/install/hunav_msgs/include/hunav_msgs/hunav_msgs/srv/detail/compute_agents__functions.c
-- Installing: /home/ahmo030/hunav_ws/install/hunav_msgs/include/hunav_msgs/hunav_msgs/srv/get_agents.h
-- Installing: /home/ahmo030/hunav_ws/install/hunav_msgs/include/hunav_msgs/hunav_msgs/srv/reset_agents.h
-- Installing: /home/ahmo030/hunav_ws/install/hunav_msgs/include/hunav_msgs/hunav_msgs/msg
-- Installing: /home/ahmo030/hunav_ws/install/hunav_msgs/include/hunav_msgs/hunav_msgs/msg/detail
-- Installing: /home/ahmo030/hunav_ws/install/hunav_msgs/include/hunav_msgs/hunav_msgs/msg/detail/agent_behavior__functions.c
-- Installing: /home/ahmo030/hunav_ws/install/hunav_msgs/include/hunav_msgs/hunav_msgs/msg/detail/agents__type_support.h
-- Installing: /home/ahmo030/hunav_ws/install/hunav_msgs/include/hunav_msgs/hunav_msgs/msg/detail/agent_behavior__struct.h
-- Installing: /home/ahmo030/hunav_ws/install/hunav_msgs/include/hunav_msgs/hunav_msgs/msg/detail/agent__functions.h
-- Installing: /home/ahmo030/hunav_ws/install/hunav_msgs/include/hunav_msgs/hunav_msgs/msg/detail/agent__functions.c
-- Installing: /home/ahmo030/hunav_ws/install/hunav_msgs/include/hunav_msgs/hunav_msgs/msg/detail/agents__functions.c
-- Installing: /home/ahmo030/hunav_ws/install/hunav_msgs/include/hunav_msgs/hunav_msgs/msg/detail/agent_behavior__type_support.h
-- Installing: /home/ahmo030/hunav_ws/install/hunav_msgs/include/hunav_msgs/hunav_msgs/msg/detail/agent__type_support.h
-- Installing: /home/ahmo030/hunav_ws/install/hunav_msgs/include/hunav_msgs/hunav_msgs/msg/detail/agent_behavior__functions.h
-- Installing: /home/ahmo030/hunav_ws/install/hunav_msgs/include/hunav_msgs/hunav_msgs/msg/detail/agent__struct.h
-- Installing: /home/ahmo030/hunav_ws/install/hunav_msgs/include/hunav_msgs/hunav_msgs/msg/detail/agents__struct.h
-- Installing: /home/ahmo030/hunav_ws/install/hunav_msgs/include/hunav_msgs/hunav_msgs/msg/detail/agents__functions.h
-- Installing: /home/ahmo030/hunav_ws/install/hunav_msgs/include/hunav_msgs/hunav_msgs/msg/agents.h
-- Installing: /home/ahmo030/hunav_ws/install/hunav_msgs/include/hunav_msgs/hunav_msgs/msg/agent.h
-- Installing: /home/ahmo030/hunav_ws/install/hunav_msgs/include/hunav_msgs/hunav_msgs/msg/rosidl_generator_c__visibility_control.h
-- Installing: /home/ahmo030/hunav_ws/install/hunav_msgs/include/hunav_msgs/hunav_msgs/msg/agent_behavior.h
-- Installing: /home/ahmo030/hunav_ws/install/hunav_msgs/share/hunav_msgs/environment/library_path.sh
-- Installing: /home/ahmo030/hunav_ws/install/hunav_msgs/share/hunav_msgs/environment/library_path.dsv
-- Installing: /home/ahmo030/hunav_ws/install/hunav_msgs/lib/libhunav_msgs__rosidl_generator_c.so
-- Set runtime path of "/home/ahmo030/hunav_ws/install/hunav_msgs/lib/libhunav_msgs__rosidl_generator_c.so" to ""
-- Up-to-date: /home/ahmo030/hunav_ws/install/hunav_msgs/include/hunav_msgs/hunav_msgs
-- Up-to-date: /home/ahmo030/hunav_ws/install/hunav_msgs/include/hunav_msgs/hunav_msgs/srv
-- Up-to-date: /home/ahmo030/hunav_ws/install/hunav_msgs/include/hunav_msgs/hunav_msgs/srv/detail
-- Installing: /home/ahmo030/hunav_ws/install/hunav_msgs/include/hunav_msgs/hunav_msgs/srv/detail/compute_agents__rosidl_typesupport_fastrtps_c.h
-- Installing: /home/ahmo030/hunav_ws/install/hunav_msgs/include/hunav_msgs/hunav_msgs/srv/detail/reset_agents__rosidl_typesupport_fastrtps_c.h
-- Installing: /home/ahmo030/hunav_ws/install/hunav_msgs/include/hunav_msgs/hunav_msgs/srv/detail/get_agents__rosidl_typesupport_fastrtps_c.h
-- Installing: /home/ahmo030/hunav_ws/install/hunav_msgs/include/hunav_msgs/hunav_msgs/srv/detail/move_agent__rosidl_typesupport_fastrtps_c.h
-- Installing: /home/ahmo030/hunav_ws/install/hunav_msgs/include/hunav_msgs/hunav_msgs/srv/detail/compute_agent__rosidl_typesupport_fastrtps_c.h
-- Up-to-date: /home/ahmo030/hunav_ws/install/hunav_msgs/include/hunav_msgs/hunav_msgs/msg
-- Installing: /home/ahmo030/hunav_ws/install/hunav_msgs/include/hunav_msgs/hunav_msgs/msg/rosidl_typesupport_fastrtps_c__visibility_control.h
-- Up-to-date: /home/ahmo030/hunav_ws/install/hunav_msgs/include/hunav_msgs/hunav_msgs/msg/detail
-- Installing: /home/ahmo030/hunav_ws/install/hunav_msgs/include/hunav_msgs/hunav_msgs/msg/detail/agent__rosidl_typesupport_fastrtps_c.h
-- Installing: /home/ahmo030/hunav_ws/install/hunav_msgs/include/hunav_msgs/hunav_msgs/msg/detail/agent_behavior__rosidl_typesupport_fastrtps_c.h
-- Installing: /home/ahmo030/hunav_ws/install/hunav_msgs/include/hunav_msgs/hunav_msgs/msg/detail/agents__rosidl_typesupport_fastrtps_c.h
-- Installing: /home/ahmo030/hunav_ws/install/hunav_msgs/lib/libhunav_msgs__rosidl_typesupport_fastrtps_c.so
-- Set runtime path of "/home/ahmo030/hunav_ws/install/hunav_msgs/lib/libhunav_msgs__rosidl_typesupport_fastrtps_c.so" to ""
-- Up-to-date: /home/ahmo030/hunav_ws/install/hunav_msgs/include/hunav_msgs/hunav_msgs
-- Up-to-date: /home/ahmo030/hunav_ws/install/hunav_msgs/include/hunav_msgs/hunav_msgs/srv
-- Installing: /home/ahmo030/hunav_ws/install/hunav_msgs/include/hunav_msgs/hunav_msgs/srv/get_agents.hpp
-- Up-to-date: /home/ahmo030/hunav_ws/install/hunav_msgs/include/hunav_msgs/hunav_msgs/srv/detail
-- Installing: /home/ahmo030/hunav_ws/install/hunav_msgs/include/hunav_msgs/hunav_msgs/srv/detail/compute_agents__struct.hpp
-- Installing: /home/ahmo030/hunav_ws/install/hunav_msgs/include/hunav_msgs/hunav_msgs/srv/detail/move_agent__struct.hpp
-- Installing: /home/ahmo030/hunav_ws/install/hunav_msgs/include/hunav_msgs/hunav_msgs/srv/detail/reset_agents__traits.hpp
-- Installing: /home/ahmo030/hunav_ws/install/hunav_msgs/include/hunav_msgs/hunav_msgs/srv/detail/compute_agents__builder.hpp
-- Installing: /home/ahmo030/hunav_ws/install/hunav_msgs/include/hunav_msgs/hunav_msgs/srv/detail/compute_agents__traits.hpp
-- Installing: /home/ahmo030/hunav_ws/install/hunav_msgs/include/hunav_msgs/hunav_msgs/srv/detail/reset_agents__builder.hpp
-- Installing: /home/ahmo030/hunav_ws/install/hunav_msgs/include/hunav_msgs/hunav_msgs/srv/detail/move_agent__builder.hpp
-- Installing: /home/ahmo030/hunav_ws/install/hunav_msgs/include/hunav_msgs/hunav_msgs/srv/detail/compute_agent__builder.hpp
-- Installing: /home/ahmo030/hunav_ws/install/hunav_msgs/include/hunav_msgs/hunav_msgs/srv/detail/get_agents__struct.hpp
-- Installing: /home/ahmo030/hunav_ws/install/hunav_msgs/include/hunav_msgs/hunav_msgs/srv/detail/get_agents__traits.hpp
-- Installing: /home/ahmo030/hunav_ws/install/hunav_msgs/include/hunav_msgs/hunav_msgs/srv/detail/move_agent__traits.hpp
-- Installing: /home/ahmo030/hunav_ws/install/hunav_msgs/include/hunav_msgs/hunav_msgs/srv/detail/reset_agents__struct.hpp
-- Installing: /home/ahmo030/hunav_ws/install/hunav_msgs/include/hunav_msgs/hunav_msgs/srv/detail/get_agents__builder.hpp
-- Installing: /home/ahmo030/hunav_ws/install/hunav_msgs/include/hunav_msgs/hunav_msgs/srv/detail/compute_agent__struct.hpp
-- Installing: /home/ahmo030/hunav_ws/install/hunav_msgs/include/hunav_msgs/hunav_msgs/srv/detail/compute_agent__traits.hpp
-- Installing: /home/ahmo030/hunav_ws/install/hunav_msgs/include/hunav_msgs/hunav_msgs/srv/compute_agents.hpp
-- Installing: /home/ahmo030/hunav_ws/install/hunav_msgs/include/hunav_msgs/hunav_msgs/srv/reset_agents.hpp
-- Installing: /home/ahmo030/hunav_ws/install/hunav_msgs/include/hunav_msgs/hunav_msgs/srv/compute_agent.hpp
-- Installing: /home/ahmo030/hunav_ws/install/hunav_msgs/include/hunav_msgs/hunav_msgs/srv/move_agent.hpp
-- Up-to-date: /home/ahmo030/hunav_ws/install/hunav_msgs/include/hunav_msgs/hunav_msgs/msg
-- Up-to-date: /home/ahmo030/hunav_ws/install/hunav_msgs/include/hunav_msgs/hunav_msgs/msg/detail
-- Installing: /home/ahmo030/hunav_ws/install/hunav_msgs/include/hunav_msgs/hunav_msgs/msg/detail/agent_behavior__struct.hpp
-- Installing: /home/ahmo030/hunav_ws/install/hunav_msgs/include/hunav_msgs/hunav_msgs/msg/detail/agent__builder.hpp
-- Installing: /home/ahmo030/hunav_ws/install/hunav_msgs/include/hunav_msgs/hunav_msgs/msg/detail/agent__traits.hpp
-- Installing: /home/ahmo030/hunav_ws/install/hunav_msgs/include/hunav_msgs/hunav_msgs/msg/detail/agent__struct.hpp
-- Installing: /home/ahmo030/hunav_ws/install/hunav_msgs/include/hunav_msgs/hunav_msgs/msg/detail/agent_behavior__builder.hpp
-- Installing: /home/ahmo030/hunav_ws/install/hunav_msgs/include/hunav_msgs/hunav_msgs/msg/detail/agents__struct.hpp
-- Installing: /home/ahmo030/hunav_ws/install/hunav_msgs/include/hunav_msgs/hunav_msgs/msg/detail/agents__builder.hpp
-- Installing: /home/ahmo030/hunav_ws/install/hunav_msgs/include/hunav_msgs/hunav_msgs/msg/detail/agents__traits.hpp
-- Installing: /home/ahmo030/hunav_ws/install/hunav_msgs/include/hunav_msgs/hunav_msgs/msg/detail/agent_behavior__traits.hpp
-- Installing: /home/ahmo030/hunav_ws/install/hunav_msgs/include/hunav_msgs/hunav_msgs/msg/agents.hpp
-- Installing: /home/ahmo030/hunav_ws/install/hunav_msgs/include/hunav_msgs/hunav_msgs/msg/agent.hpp
-- Installing: /home/ahmo030/hunav_ws/install/hunav_msgs/include/hunav_msgs/hunav_msgs/msg/agent_behavior.hpp
-- Up-to-date: /home/ahmo030/hunav_ws/install/hunav_msgs/include/hunav_msgs/hunav_msgs
-- Up-to-date: /home/ahmo030/hunav_ws/install/hunav_msgs/include/hunav_msgs/hunav_msgs/srv
-- Up-to-date: /home/ahmo030/hunav_ws/install/hunav_msgs/include/hunav_msgs/hunav_msgs/srv/detail
-- Installing: /home/ahmo030/hunav_ws/install/hunav_msgs/include/hunav_msgs/hunav_msgs/srv/detail/reset_agents__rosidl_typesupport_fastrtps_cpp.hpp
-- Installing: /home/ahmo030/hunav_ws/install/hunav_msgs/include/hunav_msgs/hunav_msgs/srv/detail/move_agent__rosidl_typesupport_fastrtps_cpp.hpp
-- Installing: /home/ahmo030/hunav_ws/install/hunav_msgs/include/hunav_msgs/hunav_msgs/srv/detail/dds_fastrtps
-- Installing: /home/ahmo030/hunav_ws/install/hunav_msgs/include/hunav_msgs/hunav_msgs/srv/detail/compute_agents__rosidl_typesupport_fastrtps_cpp.hpp
-- Installing: /home/ahmo030/hunav_ws/install/hunav_msgs/include/hunav_msgs/hunav_msgs/srv/detail/compute_agent__rosidl_typesupport_fastrtps_cpp.hpp
-- Installing: /home/ahmo030/hunav_ws/install/hunav_msgs/include/hunav_msgs/hunav_msgs/srv/detail/get_agents__rosidl_typesupport_fastrtps_cpp.hpp
-- Up-to-date: /home/ahmo030/hunav_ws/install/hunav_msgs/include/hunav_msgs/hunav_msgs/msg
-- Up-to-date: /home/ahmo030/hunav_ws/install/hunav_msgs/include/hunav_msgs/hunav_msgs/msg/detail
-- Installing: /home/ahmo030/hunav_ws/install/hunav_msgs/include/hunav_msgs/hunav_msgs/msg/detail/agent_behavior__rosidl_typesupport_fastrtps_cpp.hpp
-- Installing: /home/ahmo030/hunav_ws/install/hunav_msgs/include/hunav_msgs/hunav_msgs/msg/detail/agent__rosidl_typesupport_fastrtps_cpp.hpp
-- Installing: /home/ahmo030/hunav_ws/install/hunav_msgs/include/hunav_msgs/hunav_msgs/msg/detail/dds_fastrtps
-- Installing: /home/ahmo030/hunav_ws/install/hunav_msgs/include/hunav_msgs/hunav_msgs/msg/detail/agents__rosidl_typesupport_fastrtps_cpp.hpp
-- Installing: /home/ahmo030/hunav_ws/install/hunav_msgs/include/hunav_msgs/hunav_msgs/msg/rosidl_typesupport_fastrtps_cpp__visibility_control.h
-- Installing: /home/ahmo030/hunav_ws/install/hunav_msgs/lib/libhunav_msgs__rosidl_typesupport_fastrtps_cpp.so
-- Set runtime path of "/home/ahmo030/hunav_ws/install/hunav_msgs/lib/libhunav_msgs__rosidl_typesupport_fastrtps_cpp.so" to ""
-- Up-to-date: /home/ahmo030/hunav_ws/install/hunav_msgs/include/hunav_msgs/hunav_msgs
-- Up-to-date: /home/ahmo030/hunav_ws/install/hunav_msgs/include/hunav_msgs/hunav_msgs/srv
-- Up-to-date: /home/ahmo030/hunav_ws/install/hunav_msgs/include/hunav_msgs/hunav_msgs/srv/detail
-- Installing: /home/ahmo030/hunav_ws/install/hunav_msgs/include/hunav_msgs/hunav_msgs/srv/detail/get_agents__type_support.c
-- Installing: /home/ahmo030/hunav_ws/install/hunav_msgs/include/hunav_msgs/hunav_msgs/srv/detail/compute_agents__type_support.c
-- Installing: /home/ahmo030/hunav_ws/install/hunav_msgs/include/hunav_msgs/hunav_msgs/srv/detail/compute_agents__rosidl_typesupport_introspection_c.h
-- Installing: /home/ahmo030/hunav_ws/install/hunav_msgs/include/hunav_msgs/hunav_msgs/srv/detail/move_agent__type_support.c
-- Installing: /home/ahmo030/hunav_ws/install/hunav_msgs/include/hunav_msgs/hunav_msgs/srv/detail/move_agent__rosidl_typesupport_introspection_c.h
-- Installing: /home/ahmo030/hunav_ws/install/hunav_msgs/include/hunav_msgs/hunav_msgs/srv/detail/reset_agents__rosidl_typesupport_introspection_c.h
-- Installing: /home/ahmo030/hunav_ws/install/hunav_msgs/include/hunav_msgs/hunav_msgs/srv/detail/get_agents__rosidl_typesupport_introspection_c.h
-- Installing: /home/ahmo030/hunav_ws/install/hunav_msgs/include/hunav_msgs/hunav_msgs/srv/detail/compute_agent__rosidl_typesupport_introspection_c.h
-- Installing: /home/ahmo030/hunav_ws/install/hunav_msgs/include/hunav_msgs/hunav_msgs/srv/detail/compute_agent__type_support.c
-- Installing: /home/ahmo030/hunav_ws/install/hunav_msgs/include/hunav_msgs/hunav_msgs/srv/detail/reset_agents__type_support.c
-- Up-to-date: /home/ahmo030/hunav_ws/install/hunav_msgs/include/hunav_msgs/hunav_msgs/msg
-- Installing: /home/ahmo030/hunav_ws/install/hunav_msgs/include/hunav_msgs/hunav_msgs/msg/rosidl_typesupport_introspection_c__visibility_control.h
-- Up-to-date: /home/ahmo030/hunav_ws/install/hunav_msgs/include/hunav_msgs/hunav_msgs/msg/detail
-- Installing: /home/ahmo030/hunav_ws/install/hunav_msgs/include/hunav_msgs/hunav_msgs/msg/detail/agent_behavior__rosidl_typesupport_introspection_c.h
-- Installing: /home/ahmo030/hunav_ws/install/hunav_msgs/include/hunav_msgs/hunav_msgs/msg/detail/agent__type_support.c
-- Installing: /home/ahmo030/hunav_ws/install/hunav_msgs/include/hunav_msgs/hunav_msgs/msg/detail/agents__rosidl_typesupport_introspection_c.h
-- Installing: /home/ahmo030/hunav_ws/install/hunav_msgs/include/hunav_msgs/hunav_msgs/msg/detail/agent_behavior__type_support.c
-- Installing: /home/ahmo030/hunav_ws/install/hunav_msgs/include/hunav_msgs/hunav_msgs/msg/detail/agent__rosidl_typesupport_introspection_c.h
-- Installing: /home/ahmo030/hunav_ws/install/hunav_msgs/include/hunav_msgs/hunav_msgs/msg/detail/agents__type_support.c
-- Installing: /home/ahmo030/hunav_ws/install/hunav_msgs/lib/libhunav_msgs__rosidl_typesupport_introspection_c.so
-- Set runtime path of "/home/ahmo030/hunav_ws/install/hunav_msgs/lib/libhunav_msgs__rosidl_typesupport_introspection_c.so" to ""
-- Installing: /home/ahmo030/hunav_ws/install/hunav_msgs/lib/libhunav_msgs__rosidl_typesupport_c.so
-- Set runtime path of "/home/ahmo030/hunav_ws/install/hunav_msgs/lib/libhunav_msgs__rosidl_typesupport_c.so" to ""
-- Up-to-date: /home/ahmo030/hunav_ws/install/hunav_msgs/include/hunav_msgs/hunav_msgs
-- Up-to-date: /home/ahmo030/hunav_ws/install/hunav_msgs/include/hunav_msgs/hunav_msgs/srv
-- Up-to-date: /home/ahmo030/hunav_ws/install/hunav_msgs/include/hunav_msgs/hunav_msgs/srv/detail
-- Installing: /home/ahmo030/hunav_ws/install/hunav_msgs/include/hunav_msgs/hunav_msgs/srv/detail/compute_agent__type_support.cpp
-- Installing: /home/ahmo030/hunav_ws/install/hunav_msgs/include/hunav_msgs/hunav_msgs/srv/detail/move_agent__rosidl_typesupport_introspection_cpp.hpp
-- Installing: /home/ahmo030/hunav_ws/install/hunav_msgs/include/hunav_msgs/hunav_msgs/srv/detail/compute_agents__type_support.cpp
-- Installing: /home/ahmo030/hunav_ws/install/hunav_msgs/include/hunav_msgs/hunav_msgs/srv/detail/compute_agents__rosidl_typesupport_introspection_cpp.hpp
-- Installing: /home/ahmo030/hunav_ws/install/hunav_msgs/include/hunav_msgs/hunav_msgs/srv/detail/get_agents__rosidl_typesupport_introspection_cpp.hpp
-- Installing: /home/ahmo030/hunav_ws/install/hunav_msgs/include/hunav_msgs/hunav_msgs/srv/detail/reset_agents__type_support.cpp
-- Installing: /home/ahmo030/hunav_ws/install/hunav_msgs/include/hunav_msgs/hunav_msgs/srv/detail/compute_agent__rosidl_typesupport_introspection_cpp.hpp
-- Installing: /home/ahmo030/hunav_ws/install/hunav_msgs/include/hunav_msgs/hunav_msgs/srv/detail/get_agents__type_support.cpp
-- Installing: /home/ahmo030/hunav_ws/install/hunav_msgs/include/hunav_msgs/hunav_msgs/srv/detail/reset_agents__rosidl_typesupport_introspection_cpp.hpp
-- Installing: /home/ahmo030/hunav_ws/install/hunav_msgs/include/hunav_msgs/hunav_msgs/srv/detail/move_agent__type_support.cpp
-- Up-to-date: /home/ahmo030/hunav_ws/install/hunav_msgs/include/hunav_msgs/hunav_msgs/msg
-- Up-to-date: /home/ahmo030/hunav_ws/install/hunav_msgs/include/hunav_msgs/hunav_msgs/msg/detail
-- Installing: /home/ahmo030/hunav_ws/install/hunav_msgs/include/hunav_msgs/hunav_msgs/msg/detail/agent__type_support.cpp
-- Installing: /home/ahmo030/hunav_ws/install/hunav_msgs/include/hunav_msgs/hunav_msgs/msg/detail/agents__rosidl_typesupport_introspection_cpp.hpp
-- Installing: /home/ahmo030/hunav_ws/install/hunav_msgs/include/hunav_msgs/hunav_msgs/msg/detail/agent__rosidl_typesupport_introspection_cpp.hpp
-- Installing: /home/ahmo030/hunav_ws/install/hunav_msgs/include/hunav_msgs/hunav_msgs/msg/detail/agent_behavior__type_support.cpp
-- Installing: /home/ahmo030/hunav_ws/install/hunav_msgs/include/hunav_msgs/hunav_msgs/msg/detail/agents__type_support.cpp
-- Installing: /home/ahmo030/hunav_ws/install/hunav_msgs/include/hunav_msgs/hunav_msgs/msg/detail/agent_behavior__rosidl_typesupport_introspection_cpp.hpp
-- Installing: /home/ahmo030/hunav_ws/install/hunav_msgs/lib/libhunav_msgs__rosidl_typesupport_introspection_cpp.so
-- Set runtime path of "/home/ahmo030/hunav_ws/install/hunav_msgs/lib/libhunav_msgs__rosidl_typesupport_introspection_cpp.so" to ""
-- Installing: /home/ahmo030/hunav_ws/install/hunav_msgs/lib/libhunav_msgs__rosidl_typesupport_cpp.so
-- Set runtime path of "/home/ahmo030/hunav_ws/install/hunav_msgs/lib/libhunav_msgs__rosidl_typesupport_cpp.so" to ""
-- Installing: /home/ahmo030/hunav_ws/install/hunav_msgs/share/hunav_msgs/environment/pythonpath.sh
-- Installing: /home/ahmo030/hunav_ws/install/hunav_msgs/share/hunav_msgs/environment/pythonpath.dsv
-- Installing: /home/ahmo030/hunav_ws/install/hunav_msgs/local/lib/python3.10/dist-packages/hunav_msgs-1.0.0-py3.10.egg-info
-- Installing: /home/ahmo030/hunav_ws/install/hunav_msgs/local/lib/python3.10/dist-packages/hunav_msgs-1.0.0-py3.10.egg-info/SOURCES.txt
-- Installing: /home/ahmo030/hunav_ws/install/hunav_msgs/local/lib/python3.10/dist-packages/hunav_msgs-1.0.0-py3.10.egg-info/top_level.txt
-- Installing: /home/ahmo030/hunav_ws/install/hunav_msgs/local/lib/python3.10/dist-packages/hunav_msgs-1.0.0-py3.10.egg-info/dependency_links.txt
-- Installing: /home/ahmo030/hunav_ws/install/hunav_msgs/local/lib/python3.10/dist-packages/hunav_msgs-1.0.0-py3.10.egg-info/PKG-INFO
-- Installing: /home/ahmo030/hunav_ws/install/hunav_msgs/local/lib/python3.10/dist-packages/hunav_msgs
-- Installing: /home/ahmo030/hunav_ws/install/hunav_msgs/local/lib/python3.10/dist-packages/hunav_msgs/hunav_msgs_s__rosidl_typesupport_c.cpython-310-x86_64-linux-gnu.so
-- Installing: /home/ahmo030/hunav_ws/install/hunav_msgs/local/lib/python3.10/dist-packages/hunav_msgs/srv
-- Installing: /home/ahmo030/hunav_ws/install/hunav_msgs/local/lib/python3.10/dist-packages/hunav_msgs/srv/_compute_agent_s.c
-- Installing: /home/ahmo030/hunav_ws/install/hunav_msgs/local/lib/python3.10/dist-packages/hunav_msgs/srv/_get_agents.py
-- Installing: /home/ahmo030/hunav_ws/install/hunav_msgs/local/lib/python3.10/dist-packages/hunav_msgs/srv/_compute_agent.py
-- Installing: /home/ahmo030/hunav_ws/install/hunav_msgs/local/lib/python3.10/dist-packages/hunav_msgs/srv/_reset_agents_s.c
-- Installing: /home/ahmo030/hunav_ws/install/hunav_msgs/local/lib/python3.10/dist-packages/hunav_msgs/srv/_get_agents_s.c
-- Installing: /home/ahmo030/hunav_ws/install/hunav_msgs/local/lib/python3.10/dist-packages/hunav_msgs/srv/_compute_agents_s.c
-- Installing: /home/ahmo030/hunav_ws/install/hunav_msgs/local/lib/python3.10/dist-packages/hunav_msgs/srv/_move_agent.py
-- Installing: /home/ahmo030/hunav_ws/install/hunav_msgs/local/lib/python3.10/dist-packages/hunav_msgs/srv/__init__.py
-- Installing: /home/ahmo030/hunav_ws/install/hunav_msgs/local/lib/python3.10/dist-packages/hunav_msgs/srv/_compute_agents.py
-- Installing: /home/ahmo030/hunav_ws/install/hunav_msgs/local/lib/python3.10/dist-packages/hunav_msgs/srv/_move_agent_s.c
-- Installing: /home/ahmo030/hunav_ws/install/hunav_msgs/local/lib/python3.10/dist-packages/hunav_msgs/srv/_reset_agents.py
-- Installing: /home/ahmo030/hunav_ws/install/hunav_msgs/local/lib/python3.10/dist-packages/hunav_msgs/_hunav_msgs_s.ep.rosidl_typesupport_c.c
-- Installing: /home/ahmo030/hunav_ws/install/hunav_msgs/local/lib/python3.10/dist-packages/hunav_msgs/hunav_msgs_s__rosidl_typesupport_fastrtps_c.cpython-310-x86_64-linux-gnu.so
-- Installing: /home/ahmo030/hunav_ws/install/hunav_msgs/local/lib/python3.10/dist-packages/hunav_msgs/hunav_msgs_s__rosidl_typesupport_introspection_c.cpython-310-x86_64-linux-gnu.so
-- Installing: /home/ahmo030/hunav_ws/install/hunav_msgs/local/lib/python3.10/dist-packages/hunav_msgs/libhunav_msgs__rosidl_generator_py.so
-- Installing: /home/ahmo030/hunav_ws/install/hunav_msgs/local/lib/python3.10/dist-packages/hunav_msgs/__init__.py
-- Installing: /home/ahmo030/hunav_ws/install/hunav_msgs/local/lib/python3.10/dist-packages/hunav_msgs/msg
-- Installing: /home/ahmo030/hunav_ws/install/hunav_msgs/local/lib/python3.10/dist-packages/hunav_msgs/msg/_agent_behavior_s.c
-- Installing: /home/ahmo030/hunav_ws/install/hunav_msgs/local/lib/python3.10/dist-packages/hunav_msgs/msg/_agent_s.c
-- Installing: /home/ahmo030/hunav_ws/install/hunav_msgs/local/lib/python3.10/dist-packages/hunav_msgs/msg/_agents_s.c
-- Installing: /home/ahmo030/hunav_ws/install/hunav_msgs/local/lib/python3.10/dist-packages/hunav_msgs/msg/_agent_behavior.py
-- Installing: /home/ahmo030/hunav_ws/install/hunav_msgs/local/lib/python3.10/dist-packages/hunav_msgs/msg/__init__.py
-- Installing: /home/ahmo030/hunav_ws/install/hunav_msgs/local/lib/python3.10/dist-packages/hunav_msgs/msg/_agent.py
-- Installing: /home/ahmo030/hunav_ws/install/hunav_msgs/local/lib/python3.10/dist-packages/hunav_msgs/msg/_agents.py
-- Installing: /home/ahmo030/hunav_ws/install/hunav_msgs/local/lib/python3.10/dist-packages/hunav_msgs/_hunav_msgs_s.ep.rosidl_typesupport_introspection_c.c
-- Installing: /home/ahmo030/hunav_ws/install/hunav_msgs/local/lib/python3.10/dist-packages/hunav_msgs/_hunav_msgs_s.ep.rosidl_typesupport_fastrtps_c.c
Listing '/home/ahmo030/hunav_ws/install/hunav_msgs/local/lib/python3.10/dist-packages/hunav_msgs'...
Compiling '/home/ahmo030/hunav_ws/install/hunav_msgs/local/lib/python3.10/dist-packages/hunav_msgs/__init__.py'...
Listing '/home/ahmo030/hunav_ws/install/hunav_msgs/local/lib/python3.10/dist-packages/hunav_msgs/msg'...
Compiling '/home/ahmo030/hunav_ws/install/hunav_msgs/local/lib/python3.10/dist-packages/hunav_msgs/msg/__init__.py'...
Compiling '/home/ahmo030/hunav_ws/install/hunav_msgs/local/lib/python3.10/dist-packages/hunav_msgs/msg/_agent.py'...
Compiling '/home/ahmo030/hunav_ws/install/hunav_msgs/local/lib/python3.10/dist-packages/hunav_msgs/msg/_agent_behavior.py'...
Compiling '/home/ahmo030/hunav_ws/install/hunav_msgs/local/lib/python3.10/dist-packages/hunav_msgs/msg/_agents.py'...
Listing '/home/ahmo030/hunav_ws/install/hunav_msgs/local/lib/python3.10/dist-packages/hunav_msgs/srv'...
Compiling '/home/ahmo030/hunav_ws/install/hunav_msgs/local/lib/python3.10/dist-packages/hunav_msgs/srv/__init__.py'...
Compiling '/home/ahmo030/hunav_ws/install/hunav_msgs/local/lib/python3.10/dist-packages/hunav_msgs/srv/_compute_agent.py'...
Compiling '/home/ahmo030/hunav_ws/install/hunav_msgs/local/lib/python3.10/dist-packages/hunav_msgs/srv/_compute_agents.py'...
Compiling '/home/ahmo030/hunav_ws/install/hunav_msgs/local/lib/python3.10/dist-packages/hunav_msgs/srv/_get_agents.py'...
Compiling '/home/ahmo030/hunav_ws/install/hunav_msgs/local/lib/python3.10/dist-packages/hunav_msgs/srv/_move_agent.py'...
Compiling '/home/ahmo030/hunav_ws/install/hunav_msgs/local/lib/python3.10/dist-packages/hunav_msgs/srv/_reset_agents.py'...
-- Installing: /home/ahmo030/hunav_ws/install/hunav_msgs/local/lib/python3.10/dist-packages/hunav_msgs/hunav_msgs_s__rosidl_typesupport_fastrtps_c.cpython-310-x86_64-linux-gnu.so
-- Set runtime path of "/home/ahmo030/hunav_ws/install/hunav_msgs/local/lib/python3.10/dist-packages/hunav_msgs/hunav_msgs_s__rosidl_typesupport_fastrtps_c.cpython-310-x86_64-linux-gnu.so" to ""
-- Installing: /home/ahmo030/hunav_ws/install/hunav_msgs/local/lib/python3.10/dist-packages/hunav_msgs/hunav_msgs_s__rosidl_typesupport_introspection_c.cpython-310-x86_64-linux-gnu.so
-- Set runtime path of "/home/ahmo030/hunav_ws/install/hunav_msgs/local/lib/python3.10/dist-packages/hunav_msgs/hunav_msgs_s__rosidl_typesupport_introspection_c.cpython-310-x86_64-linux-gnu.so" to ""
-- Installing: /home/ahmo030/hunav_ws/install/hunav_msgs/local/lib/python3.10/dist-packages/hunav_msgs/hunav_msgs_s__rosidl_typesupport_c.cpython-310-x86_64-linux-gnu.so
-- Set runtime path of "/home/ahmo030/hunav_ws/install/hunav_msgs/local/lib/python3.10/dist-packages/hunav_msgs/hunav_msgs_s__rosidl_typesupport_c.cpython-310-x86_64-linux-gnu.so" to ""
-- Installing: /home/ahmo030/hunav_ws/install/hunav_msgs/lib/libhunav_msgs__rosidl_generator_py.so
-- Set runtime path of "/home/ahmo030/hunav_ws/install/hunav_msgs/lib/libhunav_msgs__rosidl_generator_py.so" to ""
-- Installing: /home/ahmo030/hunav_ws/install/hunav_msgs/share/hunav_msgs/msg/Agent.idl
-- Installing: /home/ahmo030/hunav_ws/install/hunav_msgs/share/hunav_msgs/msg/Agents.idl
-- Installing: /home/ahmo030/hunav_ws/install/hunav_msgs/share/hunav_msgs/msg/AgentBehavior.idl
-- Installing: /home/ahmo030/hunav_ws/install/hunav_msgs/share/hunav_msgs/srv/ComputeAgents.idl
-- Installing: /home/ahmo030/hunav_ws/install/hunav_msgs/share/hunav_msgs/srv/ComputeAgent.idl
-- Installing: /home/ahmo030/hunav_ws/install/hunav_msgs/share/hunav_msgs/srv/MoveAgent.idl
-- Installing: /home/ahmo030/hunav_ws/install/hunav_msgs/share/hunav_msgs/srv/GetAgents.idl
-- Installing: /home/ahmo030/hunav_ws/install/hunav_msgs/share/hunav_msgs/srv/ResetAgents.idl
-- Installing: /home/ahmo030/hunav_ws/install/hunav_msgs/share/hunav_msgs/msg/Agent.msg
-- Installing: /home/ahmo030/hunav_ws/install/hunav_msgs/share/hunav_msgs/msg/Agents.msg
-- Installing: /home/ahmo030/hunav_ws/install/hunav_msgs/share/hunav_msgs/msg/AgentBehavior.msg
-- Installing: /home/ahmo030/hunav_ws/install/hunav_msgs/share/hunav_msgs/srv/ComputeAgents.srv
-- Installing: /home/ahmo030/hunav_ws/install/hunav_msgs/share/hunav_msgs/srv/ComputeAgents_Request.msg
-- Installing: /home/ahmo030/hunav_ws/install/hunav_msgs/share/hunav_msgs/srv/ComputeAgents_Response.msg
-- Installing: /home/ahmo030/hunav_ws/install/hunav_msgs/share/hunav_msgs/srv/ComputeAgent.srv
-- Installing: /home/ahmo030/hunav_ws/install/hunav_msgs/share/hunav_msgs/srv/ComputeAgent_Request.msg
-- Installing: /home/ahmo030/hunav_ws/install/hunav_msgs/share/hunav_msgs/srv/ComputeAgent_Response.msg
-- Installing: /home/ahmo030/hunav_ws/install/hunav_msgs/share/hunav_msgs/srv/MoveAgent.srv
-- Installing: /home/ahmo030/hunav_ws/install/hunav_msgs/share/hunav_msgs/srv/MoveAgent_Request.msg
-- Installing: /home/ahmo030/hunav_ws/install/hunav_msgs/share/hunav_msgs/srv/MoveAgent_Response.msg
-- Installing: /home/ahmo030/hunav_ws/install/hunav_msgs/share/hunav_msgs/srv/GetAgents.srv
-- Installing: /home/ahmo030/hunav_ws/install/hunav_msgs/share/hunav_msgs/srv/GetAgents_Request.msg
-- Installing: /home/ahmo030/hunav_ws/install/hunav_msgs/share/hunav_msgs/srv/GetAgents_Response.msg
-- Installing: /home/ahmo030/hunav_ws/install/hunav_msgs/share/hunav_msgs/srv/ResetAgents.srv
-- Installing: /home/ahmo030/hunav_ws/install/hunav_msgs/share/hunav_msgs/srv/ResetAgents_Request.msg
-- Installing: /home/ahmo030/hunav_ws/install/hunav_msgs/share/hunav_msgs/srv/ResetAgents_Response.msg
-- Installing: /home/ahmo030/hunav_ws/install/hunav_msgs/share/ament_index/resource_index/package_run_dependencies/hunav_msgs
-- Installing: /home/ahmo030/hunav_ws/install/hunav_msgs/share/ament_index/resource_index/parent_prefix_path/hunav_msgs
-- Installing: /home/ahmo030/hunav_ws/install/hunav_msgs/share/hunav_msgs/environment/ament_prefix_path.sh
-- Installing: /home/ahmo030/hunav_ws/install/hunav_msgs/share/hunav_msgs/environment/ament_prefix_path.dsv
-- Installing: /home/ahmo030/hunav_ws/install/hunav_msgs/share/hunav_msgs/environment/path.sh
-- Installing: /home/ahmo030/hunav_ws/install/hunav_msgs/share/hunav_msgs/environment/path.dsv
-- Installing: /home/ahmo030/hunav_ws/install/hunav_msgs/share/hunav_msgs/local_setup.bash
-- Installing: /home/ahmo030/hunav_ws/install/hunav_msgs/share/hunav_msgs/local_setup.sh
-- Installing: /home/ahmo030/hunav_ws/install/hunav_msgs/share/hunav_msgs/local_setup.zsh
-- Installing: /home/ahmo030/hunav_ws/install/hunav_msgs/share/hunav_msgs/local_setup.dsv
-- Installing: /home/ahmo030/hunav_ws/install/hunav_msgs/share/hunav_msgs/package.dsv
-- Installing: /home/ahmo030/hunav_ws/install/hunav_msgs/share/ament_index/resource_index/packages/hunav_msgs
-- Installing: /home/ahmo030/hunav_ws/install/hunav_msgs/share/hunav_msgs/cmake/export_hunav_msgs__rosidl_generator_cExport.cmake
-- Installing: /home/ahmo030/hunav_ws/install/hunav_msgs/share/hunav_msgs/cmake/export_hunav_msgs__rosidl_generator_cExport-noconfig.cmake
-- Installing: /home/ahmo030/hunav_ws/install/hunav_msgs/share/hunav_msgs/cmake/export_hunav_msgs__rosidl_typesupport_fastrtps_cExport.cmake
-- Installing: /home/ahmo030/hunav_ws/install/hunav_msgs/share/hunav_msgs/cmake/export_hunav_msgs__rosidl_typesupport_fastrtps_cExport-noconfig.cmake
-- Installing: /home/ahmo030/hunav_ws/install/hunav_msgs/share/hunav_msgs/cmake/export_hunav_msgs__rosidl_generator_cppExport.cmake
-- Installing: /home/ahmo030/hunav_ws/install/hunav_msgs/share/hunav_msgs/cmake/export_hunav_msgs__rosidl_typesupport_fastrtps_cppExport.cmake
-- Installing: /home/ahmo030/hunav_ws/install/hunav_msgs/share/hunav_msgs/cmake/export_hunav_msgs__rosidl_typesupport_fastrtps_cppExport-noconfig.cmake
-- Installing: /home/ahmo030/hunav_ws/install/hunav_msgs/share/hunav_msgs/cmake/hunav_msgs__rosidl_typesupport_introspection_cExport.cmake
-- Installing: /home/ahmo030/hunav_ws/install/hunav_msgs/share/hunav_msgs/cmake/hunav_msgs__rosidl_typesupport_introspection_cExport-noconfig.cmake
-- Installing: /home/ahmo030/hunav_ws/install/hunav_msgs/share/hunav_msgs/cmake/hunav_msgs__rosidl_typesupport_cExport.cmake
-- Installing: /home/ahmo030/hunav_ws/install/hunav_msgs/share/hunav_msgs/cmake/hunav_msgs__rosidl_typesupport_cExport-noconfig.cmake
-- Installing: /home/ahmo030/hunav_ws/install/hunav_msgs/share/hunav_msgs/cmake/hunav_msgs__rosidl_typesupport_introspection_cppExport.cmake
-- Installing: /home/ahmo030/hunav_ws/install/hunav_msgs/share/hunav_msgs/cmake/hunav_msgs__rosidl_typesupport_introspection_cppExport-noconfig.cmake
-- Installing: /home/ahmo030/hunav_ws/install/hunav_msgs/share/hunav_msgs/cmake/hunav_msgs__rosidl_typesupport_cppExport.cmake
-- Installing: /home/ahmo030/hunav_ws/install/hunav_msgs/share/hunav_msgs/cmake/hunav_msgs__rosidl_typesupport_cppExport-noconfig.cmake
-- Installing: /home/ahmo030/hunav_ws/install/hunav_msgs/share/hunav_msgs/cmake/export_hunav_msgs__rosidl_generator_pyExport.cmake
-- Installing: /home/ahmo030/hunav_ws/install/hunav_msgs/share/hunav_msgs/cmake/export_hunav_msgs__rosidl_generator_pyExport-noconfig.cmake
-- Installing: /home/ahmo030/hunav_ws/install/hunav_msgs/share/hunav_msgs/cmake/rosidl_cmake-extras.cmake
-- Installing: /home/ahmo030/hunav_ws/install/hunav_msgs/share/hunav_msgs/cmake/ament_cmake_export_dependencies-extras.cmake
-- Installing: /home/ahmo030/hunav_ws/install/hunav_msgs/share/hunav_msgs/cmake/ament_cmake_export_include_directories-extras.cmake
-- Installing: /home/ahmo030/hunav_ws/install/hunav_msgs/share/hunav_msgs/cmake/ament_cmake_export_libraries-extras.cmake
-- Installing: /home/ahmo030/hunav_ws/install/hunav_msgs/share/hunav_msgs/cmake/ament_cmake_export_targets-extras.cmake
-- Installing: /home/ahmo030/hunav_ws/install/hunav_msgs/share/hunav_msgs/cmake/rosidl_cmake_export_typesupport_targets-extras.cmake
-- Installing: /home/ahmo030/hunav_ws/install/hunav_msgs/share/hunav_msgs/cmake/rosidl_cmake_export_typesupport_libraries-extras.cmake
-- Installing: /home/ahmo030/hunav_ws/install/hunav_msgs/share/hunav_msgs/cmake/hunav_msgsConfig.cmake
-- Installing: /home/ahmo030/hunav_ws/install/hunav_msgs/share/hunav_msgs/cmake/hunav_msgsConfig-version.cmake
-- Installing: /home/ahmo030/hunav_ws/install/hunav_msgs/share/hunav_msgs/package.xml
