[0.007s] Invoking command in '/home/ahmo030/hunav_ws/build/hunav_msgs': CMAKE_PREFIX_PATH=${CMAKE_PREFIX_PATH}:/home/ahmo030/hunav_ws/install/hunav_evaluator:/opt/ros/humble /usr/bin/cmake /home/ahmo030/hunav_ws/src/hunav_sim/hunav_msgs -DCMAKE_INSTALL_PREFIX=/home/ahmo030/hunav_ws/install/hunav_msgs
[2.036s] -- The C compiler identification is GNU 11.4.0
[2.869s] -- The CXX compiler identification is GNU 11.4.0
[2.925s] -- Detecting C compiler ABI info
[3.049s] -- Detecting C compiler ABI info - done
[3.053s] -- Check for working C compiler: /usr/bin/cc - skipped
[3.053s] -- Detecting C compile features
[3.087s] -- Detecting C compile features - done
[3.095s] -- Detecting CXX compiler ABI info
[3.262s] -- Detecting CXX compiler ABI info - done
[3.267s] -- Check for working CXX compiler: /usr/bin/c++ - skipped
[3.267s] -- Detecting CXX compile features
[3.267s] -- Detecting CXX compile features - done
[3.315s] -- Found ament_cmake: 1.3.10 (/opt/ros/humble/share/ament_cmake/cmake)
[3.715s] -- Found Python3: /home/ahmo030/.pyenv/shims/python3 (found version "3.10.12") found components: Interpreter 
[4.085s] -- Found builtin_interfaces: 1.2.1 (/opt/ros/humble/share/builtin_interfaces/cmake)
[4.310s] -- Found rosidl_generator_c: 3.1.5 (/opt/ros/humble/share/rosidl_generator_c/cmake)
[4.313s] -- Found rosidl_adapter: 3.1.5 (/opt/ros/humble/share/rosidl_adapter/cmake)
[4.400s] -- Found rosidl_generator_cpp: 3.1.5 (/opt/ros/humble/share/rosidl_generator_cpp/cmake)
[4.493s] -- Using all available rosidl_typesupport_c: rosidl_typesupport_fastrtps_c;rosidl_typesupport_introspection_c
[4.509s] -- Using all available rosidl_typesupport_cpp: rosidl_typesupport_fastrtps_cpp;rosidl_typesupport_introspection_cpp
[4.623s] -- Found geometry_msgs: 4.2.4 (/opt/ros/humble/share/geometry_msgs/cmake)
[4.710s] -- Found rosidl_default_generators: 1.2.0 (/opt/ros/humble/share/rosidl_default_generators/cmake)
[5.095s] -- Found ament_cmake_ros: 0.10.0 (/opt/ros/humble/share/ament_cmake_ros/cmake)
[5.565s] -- Using all available rosidl_typesupport_c: rosidl_typesupport_fastrtps_c;rosidl_typesupport_introspection_c
[5.728s] -- Using all available rosidl_typesupport_cpp: rosidl_typesupport_fastrtps_cpp;rosidl_typesupport_introspection_cpp
[5.773s] -- Found PythonInterp: /home/ahmo030/.pyenv/shims/python3 (found suitable version "3.10.12", minimum required is "3.6") 
[5.774s] -- Found python_cmake_module: 0.10.0 (/opt/ros/humble/share/python_cmake_module/cmake)
[5.849s] -- Found PythonLibs: /usr/lib/x86_64-linux-gnu/libpython3.10.so (found suitable version "3.10.12", minimum required is "3.5") 
[5.849s] -- Using PYTHON_EXECUTABLE: /home/ahmo030/.pyenv/shims/python3
[5.849s] -- Using PYTHON_INCLUDE_DIRS: /usr/include/python3.10
[5.849s] -- Using PYTHON_LIBRARIES: /usr/lib/x86_64-linux-gnu/libpython3.10.so
[5.896s] -- Found PythonExtra: .so  
[5.984s] -- Configuring done
[6.013s] -- Generating done
[6.014s] -- Build files have been written to: /home/ahmo030/hunav_ws/build/hunav_msgs
[6.022s] Invoked command in '/home/ahmo030/hunav_ws/build/hunav_msgs' returned '0': CMAKE_PREFIX_PATH=${CMAKE_PREFIX_PATH}:/home/ahmo030/hunav_ws/install/hunav_evaluator:/opt/ros/humble /usr/bin/cmake /home/ahmo030/hunav_ws/src/hunav_sim/hunav_msgs -DCMAKE_INSTALL_PREFIX=/home/ahmo030/hunav_ws/install/hunav_msgs
[6.023s] Invoking command in '/home/ahmo030/hunav_ws/build/hunav_msgs': CMAKE_PREFIX_PATH=${CMAKE_PREFIX_PATH}:/home/ahmo030/hunav_ws/install/hunav_evaluator:/opt/ros/humble /usr/bin/cmake --build /home/ahmo030/hunav_ws/build/hunav_msgs -- -j16 -l16
[6.052s] [  1%] [34m[1mGenerating C code for ROS interfaces[0m
[6.059s] [  2%] [34m[1mGenerating C++ code for ROS interfaces[0m
[6.064s] [  2%] Built target ament_cmake_python_copy_hunav_msgs
[6.289s] running egg_info
[6.290s] creating hunav_msgs.egg-info
[6.290s] writing hunav_msgs.egg-info/PKG-INFO
[6.290s] writing dependency_links to hunav_msgs.egg-info/dependency_links.txt
[6.290s] writing top-level names to hunav_msgs.egg-info/top_level.txt
[6.293s] writing manifest file 'hunav_msgs.egg-info/SOURCES.txt'
[6.294s] reading manifest file 'hunav_msgs.egg-info/SOURCES.txt'
[6.295s] writing manifest file 'hunav_msgs.egg-info/SOURCES.txt'
[6.313s] [  2%] Built target ament_cmake_python_build_hunav_msgs_egg
[6.693s] [  2%] Built target hunav_msgs__cpp
[6.701s] [  5%] [34m[1mGenerating C++ type support dispatch for ROS interfaces[0m
[6.701s] [  5%] [34m[1mGenerating C++ type support for eProsima Fast-RTPS[0m
[6.701s] [  5%] [34m[1mGenerating C++ introspection for ROS interfaces[0m
[6.747s] [  6%] [32mBuilding C object CMakeFiles/hunav_msgs__rosidl_generator_c.dir/rosidl_generator_c/hunav_msgs/msg/detail/agent__functions.c.o[0m
[6.747s] [  8%] [32mBuilding C object CMakeFiles/hunav_msgs__rosidl_generator_c.dir/rosidl_generator_c/hunav_msgs/srv/detail/compute_agent__functions.c.o[0m
[6.748s] [  9%] [32mBuilding C object CMakeFiles/hunav_msgs__rosidl_generator_c.dir/rosidl_generator_c/hunav_msgs/srv/detail/reset_agents__functions.c.o[0m
[6.748s] [ 11%] [32mBuilding C object CMakeFiles/hunav_msgs__rosidl_generator_c.dir/rosidl_generator_c/hunav_msgs/srv/detail/compute_agents__functions.c.o[0m
[6.748s] [ 12%] [32mBuilding C object CMakeFiles/hunav_msgs__rosidl_generator_c.dir/rosidl_generator_c/hunav_msgs/msg/detail/agent_behavior__functions.c.o[0m
[6.748s] [ 12%] [32mBuilding C object CMakeFiles/hunav_msgs__rosidl_generator_c.dir/rosidl_generator_c/hunav_msgs/msg/detail/agents__functions.c.o[0m
[6.749s] [ 13%] [32mBuilding C object CMakeFiles/hunav_msgs__rosidl_generator_c.dir/rosidl_generator_c/hunav_msgs/srv/detail/get_agents__functions.c.o[0m
[6.749s] [ 14%] [32mBuilding C object CMakeFiles/hunav_msgs__rosidl_generator_c.dir/rosidl_generator_c/hunav_msgs/srv/detail/move_agent__functions.c.o[0m
[7.174s] [ 19%] [32mBuilding CXX object CMakeFiles/hunav_msgs__rosidl_typesupport_cpp.dir/rosidl_typesupport_cpp/hunav_msgs/srv/compute_agents__type_support.cpp.o[0m
[7.175s] [ 19%] [32mBuilding CXX object CMakeFiles/hunav_msgs__rosidl_typesupport_cpp.dir/rosidl_typesupport_cpp/hunav_msgs/msg/agent__type_support.cpp.o[0m
[7.175s] [ 19%] [32mBuilding CXX object CMakeFiles/hunav_msgs__rosidl_typesupport_cpp.dir/rosidl_typesupport_cpp/hunav_msgs/msg/agents__type_support.cpp.o[0m
[7.175s] [ 20%] [32mBuilding CXX object CMakeFiles/hunav_msgs__rosidl_typesupport_cpp.dir/rosidl_typesupport_cpp/hunav_msgs/srv/compute_agent__type_support.cpp.o[0m
[7.175s] [ 21%] [32mBuilding CXX object CMakeFiles/hunav_msgs__rosidl_typesupport_cpp.dir/rosidl_typesupport_cpp/hunav_msgs/msg/agent_behavior__type_support.cpp.o[0m
[7.175s] [ 21%] [32mBuilding CXX object CMakeFiles/hunav_msgs__rosidl_typesupport_cpp.dir/rosidl_typesupport_cpp/hunav_msgs/srv/move_agent__type_support.cpp.o[0m
[7.334s] [ 22%] [32mBuilding CXX object CMakeFiles/hunav_msgs__rosidl_typesupport_fastrtps_cpp.dir/rosidl_typesupport_fastrtps_cpp/hunav_msgs/msg/detail/dds_fastrtps/agent__type_support.cpp.o[0m
[7.428s] [ 24%] [32mBuilding CXX object CMakeFiles/hunav_msgs__rosidl_typesupport_introspection_cpp.dir/rosidl_typesupport_introspection_cpp/hunav_msgs/msg/detail/agent__type_support.cpp.o[0m
[7.556s] [ 25%] [32mBuilding CXX object CMakeFiles/hunav_msgs__rosidl_typesupport_introspection_cpp.dir/rosidl_typesupport_introspection_cpp/hunav_msgs/msg/detail/agents__type_support.cpp.o[0m
[7.562s] [ 26%] [32mBuilding CXX object CMakeFiles/hunav_msgs__rosidl_typesupport_introspection_cpp.dir/rosidl_typesupport_introspection_cpp/hunav_msgs/msg/detail/agent_behavior__type_support.cpp.o[0m
[7.562s] [ 28%] [32mBuilding CXX object CMakeFiles/hunav_msgs__rosidl_typesupport_fastrtps_cpp.dir/rosidl_typesupport_fastrtps_cpp/hunav_msgs/msg/detail/dds_fastrtps/agents__type_support.cpp.o[0m
[7.562s] [ 28%] [32mBuilding CXX object CMakeFiles/hunav_msgs__rosidl_typesupport_cpp.dir/rosidl_typesupport_cpp/hunav_msgs/srv/get_agents__type_support.cpp.o[0m
[7.565s] [ 29%] [32mBuilding CXX object CMakeFiles/hunav_msgs__rosidl_typesupport_introspection_cpp.dir/rosidl_typesupport_introspection_cpp/hunav_msgs/srv/detail/compute_agents__type_support.cpp.o[0m
[7.565s] [ 31%] [32mBuilding CXX object CMakeFiles/hunav_msgs__rosidl_typesupport_introspection_cpp.dir/rosidl_typesupport_introspection_cpp/hunav_msgs/srv/detail/compute_agent__type_support.cpp.o[0m
[7.578s] [ 32%] [32mBuilding CXX object CMakeFiles/hunav_msgs__rosidl_typesupport_cpp.dir/rosidl_typesupport_cpp/hunav_msgs/srv/reset_agents__type_support.cpp.o[0m
[7.579s] [ 33%] [32m[1mLinking C shared library libhunav_msgs__rosidl_generator_c.so[0m
[7.645s] [ 33%] Built target hunav_msgs__rosidl_generator_c
[7.651s] [ 34%] [32mBuilding CXX object CMakeFiles/hunav_msgs__rosidl_typesupport_fastrtps_cpp.dir/rosidl_typesupport_fastrtps_cpp/hunav_msgs/msg/detail/dds_fastrtps/agent_behavior__type_support.cpp.o[0m
[8.685s] [ 35%] [32mBuilding CXX object CMakeFiles/hunav_msgs__rosidl_typesupport_introspection_cpp.dir/rosidl_typesupport_introspection_cpp/hunav_msgs/srv/detail/get_agents__type_support.cpp.o[0m
[8.685s] [ 37%] [32mBuilding CXX object CMakeFiles/hunav_msgs__rosidl_typesupport_fastrtps_cpp.dir/rosidl_typesupport_fastrtps_cpp/hunav_msgs/srv/detail/dds_fastrtps/compute_agents__type_support.cpp.o[0m
[8.685s] [ 37%] [32mBuilding CXX object CMakeFiles/hunav_msgs__rosidl_typesupport_introspection_cpp.dir/rosidl_typesupport_introspection_cpp/hunav_msgs/srv/detail/move_agent__type_support.cpp.o[0m
[8.685s] [ 39%] [34m[1mGenerating C type support for eProsima Fast-RTPS[0m
[8.690s] [ 40%] [32mBuilding CXX object CMakeFiles/hunav_msgs__rosidl_typesupport_introspection_cpp.dir/rosidl_typesupport_introspection_cpp/hunav_msgs/srv/detail/reset_agents__type_support.cpp.o[0m
[8.694s] [ 41%] [34m[1mGenerating C introspection for ROS interfaces[0m
[8.701s] [ 42%] [32m[1mLinking CXX shared library libhunav_msgs__rosidl_typesupport_cpp.so[0m
[8.704s] [ 43%] [34m[1mGenerating C type support dispatch for ROS interfaces[0m
[8.834s] [ 43%] Built target hunav_msgs__rosidl_typesupport_cpp
[8.856s] [ 44%] [32mBuilding CXX object CMakeFiles/hunav_msgs__rosidl_typesupport_fastrtps_cpp.dir/rosidl_typesupport_fastrtps_cpp/hunav_msgs/srv/detail/dds_fastrtps/compute_agent__type_support.cpp.o[0m
[9.149s] [ 45%] [32mBuilding CXX object CMakeFiles/hunav_msgs__rosidl_typesupport_fastrtps_cpp.dir/rosidl_typesupport_fastrtps_cpp/hunav_msgs/srv/detail/dds_fastrtps/move_agent__type_support.cpp.o[0m
[9.188s] [ 47%] [32mBuilding CXX object CMakeFiles/hunav_msgs__rosidl_typesupport_fastrtps_cpp.dir/rosidl_typesupport_fastrtps_cpp/hunav_msgs/srv/detail/dds_fastrtps/get_agents__type_support.cpp.o[0m
[9.225s] [ 48%] [32mBuilding CXX object CMakeFiles/hunav_msgs__rosidl_typesupport_fastrtps_cpp.dir/rosidl_typesupport_fastrtps_cpp/hunav_msgs/srv/detail/dds_fastrtps/reset_agents__type_support.cpp.o[0m
[9.661s] [ 49%] [32m[1mLinking CXX shared library libhunav_msgs__rosidl_typesupport_introspection_cpp.so[0m
[9.726s] [ 49%] Built target hunav_msgs__rosidl_typesupport_introspection_cpp
[9.739s] [ 50%] [32m[1mLinking CXX shared library libhunav_msgs__rosidl_typesupport_fastrtps_cpp.so[0m
[9.780s] [ 51%] [32mBuilding CXX object CMakeFiles/hunav_msgs__rosidl_typesupport_c.dir/rosidl_typesupport_c/hunav_msgs/msg/agents__type_support.cpp.o[0m
[9.781s] [ 54%] [32mBuilding CXX object CMakeFiles/hunav_msgs__rosidl_typesupport_c.dir/rosidl_typesupport_c/hunav_msgs/msg/agent_behavior__type_support.cpp.o[0m
[9.781s] [ 54%] [32mBuilding CXX object CMakeFiles/hunav_msgs__rosidl_typesupport_c.dir/rosidl_typesupport_c/hunav_msgs/msg/agent__type_support.cpp.o[0m
[9.781s] [ 55%] [32mBuilding CXX object CMakeFiles/hunav_msgs__rosidl_typesupport_c.dir/rosidl_typesupport_c/hunav_msgs/srv/compute_agents__type_support.cpp.o[0m
[9.781s] [ 56%] [32mBuilding CXX object CMakeFiles/hunav_msgs__rosidl_typesupport_c.dir/rosidl_typesupport_c/hunav_msgs/srv/compute_agent__type_support.cpp.o[0m
[9.781s] [ 58%] [32mBuilding CXX object CMakeFiles/hunav_msgs__rosidl_typesupport_c.dir/rosidl_typesupport_c/hunav_msgs/srv/move_agent__type_support.cpp.o[0m
[9.781s] [ 58%] [32mBuilding CXX object CMakeFiles/hunav_msgs__rosidl_typesupport_c.dir/rosidl_typesupport_c/hunav_msgs/srv/get_agents__type_support.cpp.o[0m
[9.781s] [ 59%] [32mBuilding CXX object CMakeFiles/hunav_msgs__rosidl_typesupport_c.dir/rosidl_typesupport_c/hunav_msgs/srv/reset_agents__type_support.cpp.o[0m
[9.808s] [ 59%] Built target hunav_msgs__rosidl_typesupport_fastrtps_cpp
[9.808s] [ 60%] [32m[1mLinking CXX shared library libhunav_msgs__rosidl_typesupport_c.so[0m
[9.819s] [ 64%] [32mBuilding C object CMakeFiles/hunav_msgs__rosidl_typesupport_introspection_c.dir/rosidl_typesupport_introspection_c/hunav_msgs/msg/detail/agent__type_support.c.o[0m
[9.820s] [ 64%] [32mBuilding C object CMakeFiles/hunav_msgs__rosidl_typesupport_introspection_c.dir/rosidl_typesupport_introspection_c/hunav_msgs/msg/detail/agent_behavior__type_support.c.o[0m
[9.820s] [ 64%] [32mBuilding C object CMakeFiles/hunav_msgs__rosidl_typesupport_introspection_c.dir/rosidl_typesupport_introspection_c/hunav_msgs/srv/detail/compute_agent__type_support.c.o[0m
[9.820s] [ 65%] [32mBuilding C object CMakeFiles/hunav_msgs__rosidl_typesupport_introspection_c.dir/rosidl_typesupport_introspection_c/hunav_msgs/srv/detail/compute_agents__type_support.c.o[0m
[9.820s] [ 66%] [32mBuilding C object CMakeFiles/hunav_msgs__rosidl_typesupport_introspection_c.dir/rosidl_typesupport_introspection_c/hunav_msgs/msg/detail/agents__type_support.c.o[0m
[9.821s] [ 67%] [32mBuilding C object CMakeFiles/hunav_msgs__rosidl_typesupport_introspection_c.dir/rosidl_typesupport_introspection_c/hunav_msgs/srv/detail/get_agents__type_support.c.o[0m
[9.821s] [ 68%] [32mBuilding C object CMakeFiles/hunav_msgs__rosidl_typesupport_introspection_c.dir/rosidl_typesupport_introspection_c/hunav_msgs/srv/detail/move_agent__type_support.c.o[0m
[9.821s] [ 70%] [32mBuilding C object CMakeFiles/hunav_msgs__rosidl_typesupport_introspection_c.dir/rosidl_typesupport_introspection_c/hunav_msgs/srv/detail/reset_agents__type_support.c.o[0m
[9.846s] [ 70%] Built target hunav_msgs__rosidl_typesupport_c
[9.876s] [ 71%] [32m[1mLinking C shared library libhunav_msgs__rosidl_typesupport_introspection_c.so[0m
[9.897s] [ 71%] Built target hunav_msgs__rosidl_typesupport_introspection_c
[9.981s] [ 75%] [32mBuilding CXX object CMakeFiles/hunav_msgs__rosidl_typesupport_fastrtps_c.dir/rosidl_typesupport_fastrtps_c/hunav_msgs/msg/detail/agent_behavior__type_support_c.cpp.o[0m
[9.981s] [ 75%] [32mBuilding CXX object CMakeFiles/hunav_msgs__rosidl_typesupport_fastrtps_c.dir/rosidl_typesupport_fastrtps_c/hunav_msgs/srv/detail/compute_agents__type_support_c.cpp.o[0m
[9.981s] [ 75%] [32mBuilding CXX object CMakeFiles/hunav_msgs__rosidl_typesupport_fastrtps_c.dir/rosidl_typesupport_fastrtps_c/hunav_msgs/msg/detail/agent__type_support_c.cpp.o[0m
[9.981s] [ 75%] [32mBuilding CXX object CMakeFiles/hunav_msgs__rosidl_typesupport_fastrtps_c.dir/rosidl_typesupport_fastrtps_c/hunav_msgs/msg/detail/agents__type_support_c.cpp.o[0m
[9.981s] [ 77%] [32mBuilding CXX object CMakeFiles/hunav_msgs__rosidl_typesupport_fastrtps_c.dir/rosidl_typesupport_fastrtps_c/hunav_msgs/srv/detail/reset_agents__type_support_c.cpp.o[0m
[9.982s] [ 78%] [32mBuilding CXX object CMakeFiles/hunav_msgs__rosidl_typesupport_fastrtps_c.dir/rosidl_typesupport_fastrtps_c/hunav_msgs/srv/detail/move_agent__type_support_c.cpp.o[0m
[9.982s] [ 79%] [32mBuilding CXX object CMakeFiles/hunav_msgs__rosidl_typesupport_fastrtps_c.dir/rosidl_typesupport_fastrtps_c/hunav_msgs/srv/detail/get_agents__type_support_c.cpp.o[0m
[9.983s] [ 80%] [32mBuilding CXX object CMakeFiles/hunav_msgs__rosidl_typesupport_fastrtps_c.dir/rosidl_typesupport_fastrtps_c/hunav_msgs/srv/detail/compute_agent__type_support_c.cpp.o[0m
[10.279s] [ 81%] [32m[1mLinking CXX shared library libhunav_msgs__rosidl_typesupport_fastrtps_c.so[0m
[10.322s] [ 81%] Built target hunav_msgs__rosidl_typesupport_fastrtps_c
[10.334s] [ 81%] Built target hunav_msgs
[10.347s] [ 82%] [34m[1mGenerating Python code for ROS interfaces[0m
[11.330s] [ 82%] Built target hunav_msgs__py
[11.343s] [ 86%] [32mBuilding C object CMakeFiles/hunav_msgs__rosidl_generator_py.dir/rosidl_generator_py/hunav_msgs/srv/_compute_agents_s.c.o[0m
[11.343s] [ 86%] [32mBuilding C object CMakeFiles/hunav_msgs__rosidl_generator_py.dir/rosidl_generator_py/hunav_msgs/srv/_compute_agent_s.c.o[0m
[11.343s] [ 89%] [32mBuilding C object CMakeFiles/hunav_msgs__rosidl_generator_py.dir/rosidl_generator_py/hunav_msgs/msg/_agent_behavior_s.c.o[0m
[11.343s] [ 89%] [32mBuilding C object CMakeFiles/hunav_msgs__rosidl_generator_py.dir/rosidl_generator_py/hunav_msgs/srv/_move_agent_s.c.o[0m
[11.343s] [ 89%] [32mBuilding C object CMakeFiles/hunav_msgs__rosidl_generator_py.dir/rosidl_generator_py/hunav_msgs/msg/_agents_s.c.o[0m
[11.343s] [ 89%] [32mBuilding C object CMakeFiles/hunav_msgs__rosidl_generator_py.dir/rosidl_generator_py/hunav_msgs/srv/_get_agents_s.c.o[0m
[11.343s] [ 90%] [32mBuilding C object CMakeFiles/hunav_msgs__rosidl_generator_py.dir/rosidl_generator_py/hunav_msgs/srv/_reset_agents_s.c.o[0m
[11.344s] [ 91%] [32mBuilding C object CMakeFiles/hunav_msgs__rosidl_generator_py.dir/rosidl_generator_py/hunav_msgs/msg/_agent_s.c.o[0m
[11.421s] [ 93%] [32m[1mLinking C shared library rosidl_generator_py/hunav_msgs/libhunav_msgs__rosidl_generator_py.so[0m
[11.449s] [ 93%] Built target hunav_msgs__rosidl_generator_py
[11.462s] [ 95%] [32mBuilding C object CMakeFiles/hunav_msgs__rosidl_typesupport_introspection_c__pyext.dir/rosidl_generator_py/hunav_msgs/_hunav_msgs_s.ep.rosidl_typesupport_introspection_c.c.o[0m
[11.462s] [ 95%] [32mBuilding C object CMakeFiles/hunav_msgs__rosidl_typesupport_c__pyext.dir/rosidl_generator_py/hunav_msgs/_hunav_msgs_s.ep.rosidl_typesupport_c.c.o[0m
[11.462s] [ 96%] [32mBuilding C object CMakeFiles/hunav_msgs__rosidl_typesupport_fastrtps_c__pyext.dir/rosidl_generator_py/hunav_msgs/_hunav_msgs_s.ep.rosidl_typesupport_fastrtps_c.c.o[0m
[11.544s] [ 97%] [32m[1mLinking C shared library rosidl_generator_py/hunav_msgs/hunav_msgs_s__rosidl_typesupport_introspection_c.cpython-310-x86_64-linux-gnu.so[0m
[11.544s] [ 98%] [32m[1mLinking C shared library rosidl_generator_py/hunav_msgs/hunav_msgs_s__rosidl_typesupport_c.cpython-310-x86_64-linux-gnu.so[0m
[11.544s] [100%] [32m[1mLinking C shared library rosidl_generator_py/hunav_msgs/hunav_msgs_s__rosidl_typesupport_fastrtps_c.cpython-310-x86_64-linux-gnu.so[0m
[11.570s] [100%] Built target hunav_msgs__rosidl_typesupport_c__pyext
[11.570s] [100%] Built target hunav_msgs__rosidl_typesupport_introspection_c__pyext
[11.570s] [100%] Built target hunav_msgs__rosidl_typesupport_fastrtps_c__pyext
[11.577s] Invoked command in '/home/ahmo030/hunav_ws/build/hunav_msgs' returned '0': CMAKE_PREFIX_PATH=${CMAKE_PREFIX_PATH}:/home/ahmo030/hunav_ws/install/hunav_evaluator:/opt/ros/humble /usr/bin/cmake --build /home/ahmo030/hunav_ws/build/hunav_msgs -- -j16 -l16
[11.693s] Invoking command in '/home/ahmo030/hunav_ws/build/hunav_msgs': CMAKE_PREFIX_PATH=${CMAKE_PREFIX_PATH}:/home/ahmo030/hunav_ws/install/hunav_evaluator:/opt/ros/humble /usr/bin/cmake --install /home/ahmo030/hunav_ws/build/hunav_msgs
[11.698s] -- Install configuration: ""
[11.699s] -- Installing: /home/ahmo030/hunav_ws/install/hunav_msgs/share/ament_index/resource_index/rosidl_interfaces/hunav_msgs
[11.699s] -- Installing: /home/ahmo030/hunav_ws/install/hunav_msgs/include/hunav_msgs/hunav_msgs
[11.699s] -- Installing: /home/ahmo030/hunav_ws/install/hunav_msgs/include/hunav_msgs/hunav_msgs/srv
[11.699s] -- Installing: /home/ahmo030/hunav_ws/install/hunav_msgs/include/hunav_msgs/hunav_msgs/srv/compute_agents.h
[11.699s] -- Installing: /home/ahmo030/hunav_ws/install/hunav_msgs/include/hunav_msgs/hunav_msgs/srv/move_agent.h
[11.699s] -- Installing: /home/ahmo030/hunav_ws/install/hunav_msgs/include/hunav_msgs/hunav_msgs/srv/compute_agent.h
[11.699s] -- Installing: /home/ahmo030/hunav_ws/install/hunav_msgs/include/hunav_msgs/hunav_msgs/srv/detail
[11.699s] -- Installing: /home/ahmo030/hunav_ws/install/hunav_msgs/include/hunav_msgs/hunav_msgs/srv/detail/compute_agents__functions.h
[11.699s] -- Installing: /home/ahmo030/hunav_ws/install/hunav_msgs/include/hunav_msgs/hunav_msgs/srv/detail/get_agents__functions.h
[11.699s] -- Installing: /home/ahmo030/hunav_ws/install/hunav_msgs/include/hunav_msgs/hunav_msgs/srv/detail/compute_agents__type_support.h
[11.699s] -- Installing: /home/ahmo030/hunav_ws/install/hunav_msgs/include/hunav_msgs/hunav_msgs/srv/detail/move_agent__type_support.h
[11.699s] -- Installing: /home/ahmo030/hunav_ws/install/hunav_msgs/include/hunav_msgs/hunav_msgs/srv/detail/reset_agents__type_support.h
[11.699s] -- Installing: /home/ahmo030/hunav_ws/install/hunav_msgs/include/hunav_msgs/hunav_msgs/srv/detail/compute_agent__functions.h
[11.699s] -- Installing: /home/ahmo030/hunav_ws/install/hunav_msgs/include/hunav_msgs/hunav_msgs/srv/detail/get_agents__struct.h
[11.699s] -- Installing: /home/ahmo030/hunav_ws/install/hunav_msgs/include/hunav_msgs/hunav_msgs/srv/detail/move_agent__struct.h
[11.699s] -- Installing: /home/ahmo030/hunav_ws/install/hunav_msgs/include/hunav_msgs/hunav_msgs/srv/detail/compute_agent__struct.h
[11.699s] -- Installing: /home/ahmo030/hunav_ws/install/hunav_msgs/include/hunav_msgs/hunav_msgs/srv/detail/reset_agents__struct.h
[11.700s] -- Installing: /home/ahmo030/hunav_ws/install/hunav_msgs/include/hunav_msgs/hunav_msgs/srv/detail/reset_agents__functions.h
[11.700s] -- Installing: /home/ahmo030/hunav_ws/install/hunav_msgs/include/hunav_msgs/hunav_msgs/srv/detail/compute_agent__functions.c
[11.700s] -- Installing: /home/ahmo030/hunav_ws/install/hunav_msgs/include/hunav_msgs/hunav_msgs/srv/detail/move_agent__functions.c
[11.700s] -- Installing: /home/ahmo030/hunav_ws/install/hunav_msgs/include/hunav_msgs/hunav_msgs/srv/detail/compute_agents__struct.h
[11.700s] -- Installing: /home/ahmo030/hunav_ws/install/hunav_msgs/include/hunav_msgs/hunav_msgs/srv/detail/compute_agent__type_support.h
[11.700s] -- Installing: /home/ahmo030/hunav_ws/install/hunav_msgs/include/hunav_msgs/hunav_msgs/srv/detail/get_agents__functions.c
[11.700s] -- Installing: /home/ahmo030/hunav_ws/install/hunav_msgs/include/hunav_msgs/hunav_msgs/srv/detail/get_agents__type_support.h
[11.700s] -- Installing: /home/ahmo030/hunav_ws/install/hunav_msgs/include/hunav_msgs/hunav_msgs/srv/detail/reset_agents__functions.c
[11.700s] -- Installing: /home/ahmo030/hunav_ws/install/hunav_msgs/include/hunav_msgs/hunav_msgs/srv/detail/move_agent__functions.h
[11.700s] -- Installing: /home/ahmo030/hunav_ws/install/hunav_msgs/include/hunav_msgs/hunav_msgs/srv/detail/compute_agents__functions.c
[11.700s] -- Installing: /home/ahmo030/hunav_ws/install/hunav_msgs/include/hunav_msgs/hunav_msgs/srv/get_agents.h
[11.700s] -- Installing: /home/ahmo030/hunav_ws/install/hunav_msgs/include/hunav_msgs/hunav_msgs/srv/reset_agents.h
[11.700s] -- Installing: /home/ahmo030/hunav_ws/install/hunav_msgs/include/hunav_msgs/hunav_msgs/msg
[11.700s] -- Installing: /home/ahmo030/hunav_ws/install/hunav_msgs/include/hunav_msgs/hunav_msgs/msg/detail
[11.700s] -- Installing: /home/ahmo030/hunav_ws/install/hunav_msgs/include/hunav_msgs/hunav_msgs/msg/detail/agent_behavior__functions.c
[11.700s] -- Installing: /home/ahmo030/hunav_ws/install/hunav_msgs/include/hunav_msgs/hunav_msgs/msg/detail/agents__type_support.h
[11.700s] -- Installing: /home/ahmo030/hunav_ws/install/hunav_msgs/include/hunav_msgs/hunav_msgs/msg/detail/agent_behavior__struct.h
[11.701s] -- Installing: /home/ahmo030/hunav_ws/install/hunav_msgs/include/hunav_msgs/hunav_msgs/msg/detail/agent__functions.h
[11.701s] -- Installing: /home/ahmo030/hunav_ws/install/hunav_msgs/include/hunav_msgs/hunav_msgs/msg/detail/agent__functions.c
[11.701s] -- Installing: /home/ahmo030/hunav_ws/install/hunav_msgs/include/hunav_msgs/hunav_msgs/msg/detail/agents__functions.c
[11.701s] -- Installing: /home/ahmo030/hunav_ws/install/hunav_msgs/include/hunav_msgs/hunav_msgs/msg/detail/agent_behavior__type_support.h
[11.701s] -- Installing: /home/ahmo030/hunav_ws/install/hunav_msgs/include/hunav_msgs/hunav_msgs/msg/detail/agent__type_support.h
[11.701s] -- Installing: /home/ahmo030/hunav_ws/install/hunav_msgs/include/hunav_msgs/hunav_msgs/msg/detail/agent_behavior__functions.h
[11.701s] -- Installing: /home/ahmo030/hunav_ws/install/hunav_msgs/include/hunav_msgs/hunav_msgs/msg/detail/agent__struct.h
[11.701s] -- Installing: /home/ahmo030/hunav_ws/install/hunav_msgs/include/hunav_msgs/hunav_msgs/msg/detail/agents__struct.h
[11.701s] -- Installing: /home/ahmo030/hunav_ws/install/hunav_msgs/include/hunav_msgs/hunav_msgs/msg/detail/agents__functions.h
[11.701s] -- Installing: /home/ahmo030/hunav_ws/install/hunav_msgs/include/hunav_msgs/hunav_msgs/msg/agents.h
[11.701s] -- Installing: /home/ahmo030/hunav_ws/install/hunav_msgs/include/hunav_msgs/hunav_msgs/msg/agent.h
[11.701s] -- Installing: /home/ahmo030/hunav_ws/install/hunav_msgs/include/hunav_msgs/hunav_msgs/msg/rosidl_generator_c__visibility_control.h
[11.701s] -- Installing: /home/ahmo030/hunav_ws/install/hunav_msgs/include/hunav_msgs/hunav_msgs/msg/agent_behavior.h
[11.701s] -- Installing: /home/ahmo030/hunav_ws/install/hunav_msgs/share/hunav_msgs/environment/library_path.sh
[11.701s] -- Installing: /home/ahmo030/hunav_ws/install/hunav_msgs/share/hunav_msgs/environment/library_path.dsv
[11.702s] -- Installing: /home/ahmo030/hunav_ws/install/hunav_msgs/lib/libhunav_msgs__rosidl_generator_c.so
[11.702s] -- Set runtime path of "/home/ahmo030/hunav_ws/install/hunav_msgs/lib/libhunav_msgs__rosidl_generator_c.so" to ""
[11.702s] -- Up-to-date: /home/ahmo030/hunav_ws/install/hunav_msgs/include/hunav_msgs/hunav_msgs
[11.702s] -- Up-to-date: /home/ahmo030/hunav_ws/install/hunav_msgs/include/hunav_msgs/hunav_msgs/srv
[11.702s] -- Up-to-date: /home/ahmo030/hunav_ws/install/hunav_msgs/include/hunav_msgs/hunav_msgs/srv/detail
[11.702s] -- Installing: /home/ahmo030/hunav_ws/install/hunav_msgs/include/hunav_msgs/hunav_msgs/srv/detail/compute_agents__rosidl_typesupport_fastrtps_c.h
[11.702s] -- Installing: /home/ahmo030/hunav_ws/install/hunav_msgs/include/hunav_msgs/hunav_msgs/srv/detail/reset_agents__rosidl_typesupport_fastrtps_c.h
[11.702s] -- Installing: /home/ahmo030/hunav_ws/install/hunav_msgs/include/hunav_msgs/hunav_msgs/srv/detail/get_agents__rosidl_typesupport_fastrtps_c.h
[11.702s] -- Installing: /home/ahmo030/hunav_ws/install/hunav_msgs/include/hunav_msgs/hunav_msgs/srv/detail/move_agent__rosidl_typesupport_fastrtps_c.h
[11.702s] -- Installing: /home/ahmo030/hunav_ws/install/hunav_msgs/include/hunav_msgs/hunav_msgs/srv/detail/compute_agent__rosidl_typesupport_fastrtps_c.h
[11.702s] -- Up-to-date: /home/ahmo030/hunav_ws/install/hunav_msgs/include/hunav_msgs/hunav_msgs/msg
[11.702s] -- Installing: /home/ahmo030/hunav_ws/install/hunav_msgs/include/hunav_msgs/hunav_msgs/msg/rosidl_typesupport_fastrtps_c__visibility_control.h
[11.702s] -- Up-to-date: /home/ahmo030/hunav_ws/install/hunav_msgs/include/hunav_msgs/hunav_msgs/msg/detail
[11.702s] -- Installing: /home/ahmo030/hunav_ws/install/hunav_msgs/include/hunav_msgs/hunav_msgs/msg/detail/agent__rosidl_typesupport_fastrtps_c.h
[11.703s] -- Installing: /home/ahmo030/hunav_ws/install/hunav_msgs/include/hunav_msgs/hunav_msgs/msg/detail/agent_behavior__rosidl_typesupport_fastrtps_c.h
[11.703s] -- Installing: /home/ahmo030/hunav_ws/install/hunav_msgs/include/hunav_msgs/hunav_msgs/msg/detail/agents__rosidl_typesupport_fastrtps_c.h
[11.703s] -- Installing: /home/ahmo030/hunav_ws/install/hunav_msgs/lib/libhunav_msgs__rosidl_typesupport_fastrtps_c.so
[11.703s] -- Set runtime path of "/home/ahmo030/hunav_ws/install/hunav_msgs/lib/libhunav_msgs__rosidl_typesupport_fastrtps_c.so" to ""
[11.703s] -- Up-to-date: /home/ahmo030/hunav_ws/install/hunav_msgs/include/hunav_msgs/hunav_msgs
[11.703s] -- Up-to-date: /home/ahmo030/hunav_ws/install/hunav_msgs/include/hunav_msgs/hunav_msgs/srv
[11.703s] -- Installing: /home/ahmo030/hunav_ws/install/hunav_msgs/include/hunav_msgs/hunav_msgs/srv/get_agents.hpp
[11.703s] -- Up-to-date: /home/ahmo030/hunav_ws/install/hunav_msgs/include/hunav_msgs/hunav_msgs/srv/detail
[11.703s] -- Installing: /home/ahmo030/hunav_ws/install/hunav_msgs/include/hunav_msgs/hunav_msgs/srv/detail/compute_agents__struct.hpp
[11.703s] -- Installing: /home/ahmo030/hunav_ws/install/hunav_msgs/include/hunav_msgs/hunav_msgs/srv/detail/move_agent__struct.hpp
[11.703s] -- Installing: /home/ahmo030/hunav_ws/install/hunav_msgs/include/hunav_msgs/hunav_msgs/srv/detail/reset_agents__traits.hpp
[11.703s] -- Installing: /home/ahmo030/hunav_ws/install/hunav_msgs/include/hunav_msgs/hunav_msgs/srv/detail/compute_agents__builder.hpp
[11.703s] -- Installing: /home/ahmo030/hunav_ws/install/hunav_msgs/include/hunav_msgs/hunav_msgs/srv/detail/compute_agents__traits.hpp
[11.703s] -- Installing: /home/ahmo030/hunav_ws/install/hunav_msgs/include/hunav_msgs/hunav_msgs/srv/detail/reset_agents__builder.hpp
[11.704s] -- Installing: /home/ahmo030/hunav_ws/install/hunav_msgs/include/hunav_msgs/hunav_msgs/srv/detail/move_agent__builder.hpp
[11.704s] -- Installing: /home/ahmo030/hunav_ws/install/hunav_msgs/include/hunav_msgs/hunav_msgs/srv/detail/compute_agent__builder.hpp
[11.704s] -- Installing: /home/ahmo030/hunav_ws/install/hunav_msgs/include/hunav_msgs/hunav_msgs/srv/detail/get_agents__struct.hpp
[11.704s] -- Installing: /home/ahmo030/hunav_ws/install/hunav_msgs/include/hunav_msgs/hunav_msgs/srv/detail/get_agents__traits.hpp
[11.704s] -- Installing: /home/ahmo030/hunav_ws/install/hunav_msgs/include/hunav_msgs/hunav_msgs/srv/detail/move_agent__traits.hpp
[11.704s] -- Installing: /home/ahmo030/hunav_ws/install/hunav_msgs/include/hunav_msgs/hunav_msgs/srv/detail/reset_agents__struct.hpp
[11.704s] -- Installing: /home/ahmo030/hunav_ws/install/hunav_msgs/include/hunav_msgs/hunav_msgs/srv/detail/get_agents__builder.hpp
[11.704s] -- Installing: /home/ahmo030/hunav_ws/install/hunav_msgs/include/hunav_msgs/hunav_msgs/srv/detail/compute_agent__struct.hpp
[11.704s] -- Installing: /home/ahmo030/hunav_ws/install/hunav_msgs/include/hunav_msgs/hunav_msgs/srv/detail/compute_agent__traits.hpp
[11.704s] -- Installing: /home/ahmo030/hunav_ws/install/hunav_msgs/include/hunav_msgs/hunav_msgs/srv/compute_agents.hpp
[11.704s] -- Installing: /home/ahmo030/hunav_ws/install/hunav_msgs/include/hunav_msgs/hunav_msgs/srv/reset_agents.hpp
[11.704s] -- Installing: /home/ahmo030/hunav_ws/install/hunav_msgs/include/hunav_msgs/hunav_msgs/srv/compute_agent.hpp
[11.704s] -- Installing: /home/ahmo030/hunav_ws/install/hunav_msgs/include/hunav_msgs/hunav_msgs/srv/move_agent.hpp
[11.704s] -- Up-to-date: /home/ahmo030/hunav_ws/install/hunav_msgs/include/hunav_msgs/hunav_msgs/msg
[11.704s] -- Up-to-date: /home/ahmo030/hunav_ws/install/hunav_msgs/include/hunav_msgs/hunav_msgs/msg/detail
[11.704s] -- Installing: /home/ahmo030/hunav_ws/install/hunav_msgs/include/hunav_msgs/hunav_msgs/msg/detail/agent_behavior__struct.hpp
[11.704s] -- Installing: /home/ahmo030/hunav_ws/install/hunav_msgs/include/hunav_msgs/hunav_msgs/msg/detail/agent__builder.hpp
[11.704s] -- Installing: /home/ahmo030/hunav_ws/install/hunav_msgs/include/hunav_msgs/hunav_msgs/msg/detail/agent__traits.hpp
[11.704s] -- Installing: /home/ahmo030/hunav_ws/install/hunav_msgs/include/hunav_msgs/hunav_msgs/msg/detail/agent__struct.hpp
[11.705s] -- Installing: /home/ahmo030/hunav_ws/install/hunav_msgs/include/hunav_msgs/hunav_msgs/msg/detail/agent_behavior__builder.hpp
[11.705s] -- Installing: /home/ahmo030/hunav_ws/install/hunav_msgs/include/hunav_msgs/hunav_msgs/msg/detail/agents__struct.hpp
[11.705s] -- Installing: /home/ahmo030/hunav_ws/install/hunav_msgs/include/hunav_msgs/hunav_msgs/msg/detail/agents__builder.hpp
[11.705s] -- Installing: /home/ahmo030/hunav_ws/install/hunav_msgs/include/hunav_msgs/hunav_msgs/msg/detail/agents__traits.hpp
[11.705s] -- Installing: /home/ahmo030/hunav_ws/install/hunav_msgs/include/hunav_msgs/hunav_msgs/msg/detail/agent_behavior__traits.hpp
[11.705s] -- Installing: /home/ahmo030/hunav_ws/install/hunav_msgs/include/hunav_msgs/hunav_msgs/msg/agents.hpp
[11.705s] -- Installing: /home/ahmo030/hunav_ws/install/hunav_msgs/include/hunav_msgs/hunav_msgs/msg/agent.hpp
[11.705s] -- Installing: /home/ahmo030/hunav_ws/install/hunav_msgs/include/hunav_msgs/hunav_msgs/msg/agent_behavior.hpp
[11.705s] -- Up-to-date: /home/ahmo030/hunav_ws/install/hunav_msgs/include/hunav_msgs/hunav_msgs
[11.705s] -- Up-to-date: /home/ahmo030/hunav_ws/install/hunav_msgs/include/hunav_msgs/hunav_msgs/srv
[11.705s] -- Up-to-date: /home/ahmo030/hunav_ws/install/hunav_msgs/include/hunav_msgs/hunav_msgs/srv/detail
[11.705s] -- Installing: /home/ahmo030/hunav_ws/install/hunav_msgs/include/hunav_msgs/hunav_msgs/srv/detail/reset_agents__rosidl_typesupport_fastrtps_cpp.hpp
[11.705s] -- Installing: /home/ahmo030/hunav_ws/install/hunav_msgs/include/hunav_msgs/hunav_msgs/srv/detail/move_agent__rosidl_typesupport_fastrtps_cpp.hpp
[11.705s] -- Installing: /home/ahmo030/hunav_ws/install/hunav_msgs/include/hunav_msgs/hunav_msgs/srv/detail/dds_fastrtps
[11.705s] -- Installing: /home/ahmo030/hunav_ws/install/hunav_msgs/include/hunav_msgs/hunav_msgs/srv/detail/compute_agents__rosidl_typesupport_fastrtps_cpp.hpp
[11.705s] -- Installing: /home/ahmo030/hunav_ws/install/hunav_msgs/include/hunav_msgs/hunav_msgs/srv/detail/compute_agent__rosidl_typesupport_fastrtps_cpp.hpp
[11.706s] -- Installing: /home/ahmo030/hunav_ws/install/hunav_msgs/include/hunav_msgs/hunav_msgs/srv/detail/get_agents__rosidl_typesupport_fastrtps_cpp.hpp
[11.706s] -- Up-to-date: /home/ahmo030/hunav_ws/install/hunav_msgs/include/hunav_msgs/hunav_msgs/msg
[11.706s] -- Up-to-date: /home/ahmo030/hunav_ws/install/hunav_msgs/include/hunav_msgs/hunav_msgs/msg/detail
[11.706s] -- Installing: /home/ahmo030/hunav_ws/install/hunav_msgs/include/hunav_msgs/hunav_msgs/msg/detail/agent_behavior__rosidl_typesupport_fastrtps_cpp.hpp
[11.706s] -- Installing: /home/ahmo030/hunav_ws/install/hunav_msgs/include/hunav_msgs/hunav_msgs/msg/detail/agent__rosidl_typesupport_fastrtps_cpp.hpp
[11.706s] -- Installing: /home/ahmo030/hunav_ws/install/hunav_msgs/include/hunav_msgs/hunav_msgs/msg/detail/dds_fastrtps
[11.706s] -- Installing: /home/ahmo030/hunav_ws/install/hunav_msgs/include/hunav_msgs/hunav_msgs/msg/detail/agents__rosidl_typesupport_fastrtps_cpp.hpp
[11.706s] -- Installing: /home/ahmo030/hunav_ws/install/hunav_msgs/include/hunav_msgs/hunav_msgs/msg/rosidl_typesupport_fastrtps_cpp__visibility_control.h
[11.706s] -- Installing: /home/ahmo030/hunav_ws/install/hunav_msgs/lib/libhunav_msgs__rosidl_typesupport_fastrtps_cpp.so
[11.706s] -- Set runtime path of "/home/ahmo030/hunav_ws/install/hunav_msgs/lib/libhunav_msgs__rosidl_typesupport_fastrtps_cpp.so" to ""
[11.706s] -- Up-to-date: /home/ahmo030/hunav_ws/install/hunav_msgs/include/hunav_msgs/hunav_msgs
[11.706s] -- Up-to-date: /home/ahmo030/hunav_ws/install/hunav_msgs/include/hunav_msgs/hunav_msgs/srv
[11.706s] -- Up-to-date: /home/ahmo030/hunav_ws/install/hunav_msgs/include/hunav_msgs/hunav_msgs/srv/detail
[11.707s] -- Installing: /home/ahmo030/hunav_ws/install/hunav_msgs/include/hunav_msgs/hunav_msgs/srv/detail/get_agents__type_support.c
[11.707s] -- Installing: /home/ahmo030/hunav_ws/install/hunav_msgs/include/hunav_msgs/hunav_msgs/srv/detail/compute_agents__type_support.c
[11.707s] -- Installing: /home/ahmo030/hunav_ws/install/hunav_msgs/include/hunav_msgs/hunav_msgs/srv/detail/compute_agents__rosidl_typesupport_introspection_c.h
[11.707s] -- Installing: /home/ahmo030/hunav_ws/install/hunav_msgs/include/hunav_msgs/hunav_msgs/srv/detail/move_agent__type_support.c
[11.707s] -- Installing: /home/ahmo030/hunav_ws/install/hunav_msgs/include/hunav_msgs/hunav_msgs/srv/detail/move_agent__rosidl_typesupport_introspection_c.h
[11.707s] -- Installing: /home/ahmo030/hunav_ws/install/hunav_msgs/include/hunav_msgs/hunav_msgs/srv/detail/reset_agents__rosidl_typesupport_introspection_c.h
[11.707s] -- Installing: /home/ahmo030/hunav_ws/install/hunav_msgs/include/hunav_msgs/hunav_msgs/srv/detail/get_agents__rosidl_typesupport_introspection_c.h
[11.707s] -- Installing: /home/ahmo030/hunav_ws/install/hunav_msgs/include/hunav_msgs/hunav_msgs/srv/detail/compute_agent__rosidl_typesupport_introspection_c.h
[11.707s] -- Installing: /home/ahmo030/hunav_ws/install/hunav_msgs/include/hunav_msgs/hunav_msgs/srv/detail/compute_agent__type_support.c
[11.707s] -- Installing: /home/ahmo030/hunav_ws/install/hunav_msgs/include/hunav_msgs/hunav_msgs/srv/detail/reset_agents__type_support.c
[11.707s] -- Up-to-date: /home/ahmo030/hunav_ws/install/hunav_msgs/include/hunav_msgs/hunav_msgs/msg
[11.707s] -- Installing: /home/ahmo030/hunav_ws/install/hunav_msgs/include/hunav_msgs/hunav_msgs/msg/rosidl_typesupport_introspection_c__visibility_control.h
[11.707s] -- Up-to-date: /home/ahmo030/hunav_ws/install/hunav_msgs/include/hunav_msgs/hunav_msgs/msg/detail
[11.707s] -- Installing: /home/ahmo030/hunav_ws/install/hunav_msgs/include/hunav_msgs/hunav_msgs/msg/detail/agent_behavior__rosidl_typesupport_introspection_c.h
[11.708s] -- Installing: /home/ahmo030/hunav_ws/install/hunav_msgs/include/hunav_msgs/hunav_msgs/msg/detail/agent__type_support.c
[11.708s] -- Installing: /home/ahmo030/hunav_ws/install/hunav_msgs/include/hunav_msgs/hunav_msgs/msg/detail/agents__rosidl_typesupport_introspection_c.h
[11.708s] -- Installing: /home/ahmo030/hunav_ws/install/hunav_msgs/include/hunav_msgs/hunav_msgs/msg/detail/agent_behavior__type_support.c
[11.708s] -- Installing: /home/ahmo030/hunav_ws/install/hunav_msgs/include/hunav_msgs/hunav_msgs/msg/detail/agent__rosidl_typesupport_introspection_c.h
[11.708s] -- Installing: /home/ahmo030/hunav_ws/install/hunav_msgs/include/hunav_msgs/hunav_msgs/msg/detail/agents__type_support.c
[11.708s] -- Installing: /home/ahmo030/hunav_ws/install/hunav_msgs/lib/libhunav_msgs__rosidl_typesupport_introspection_c.so
[11.708s] -- Set runtime path of "/home/ahmo030/hunav_ws/install/hunav_msgs/lib/libhunav_msgs__rosidl_typesupport_introspection_c.so" to ""
[11.708s] -- Installing: /home/ahmo030/hunav_ws/install/hunav_msgs/lib/libhunav_msgs__rosidl_typesupport_c.so
[11.708s] -- Set runtime path of "/home/ahmo030/hunav_ws/install/hunav_msgs/lib/libhunav_msgs__rosidl_typesupport_c.so" to ""
[11.708s] -- Up-to-date: /home/ahmo030/hunav_ws/install/hunav_msgs/include/hunav_msgs/hunav_msgs
[11.708s] -- Up-to-date: /home/ahmo030/hunav_ws/install/hunav_msgs/include/hunav_msgs/hunav_msgs/srv
[11.708s] -- Up-to-date: /home/ahmo030/hunav_ws/install/hunav_msgs/include/hunav_msgs/hunav_msgs/srv/detail
[11.709s] -- Installing: /home/ahmo030/hunav_ws/install/hunav_msgs/include/hunav_msgs/hunav_msgs/srv/detail/compute_agent__type_support.cpp
[11.709s] -- Installing: /home/ahmo030/hunav_ws/install/hunav_msgs/include/hunav_msgs/hunav_msgs/srv/detail/move_agent__rosidl_typesupport_introspection_cpp.hpp
[11.709s] -- Installing: /home/ahmo030/hunav_ws/install/hunav_msgs/include/hunav_msgs/hunav_msgs/srv/detail/compute_agents__type_support.cpp
[11.709s] -- Installing: /home/ahmo030/hunav_ws/install/hunav_msgs/include/hunav_msgs/hunav_msgs/srv/detail/compute_agents__rosidl_typesupport_introspection_cpp.hpp
[11.709s] -- Installing: /home/ahmo030/hunav_ws/install/hunav_msgs/include/hunav_msgs/hunav_msgs/srv/detail/get_agents__rosidl_typesupport_introspection_cpp.hpp
[11.709s] -- Installing: /home/ahmo030/hunav_ws/install/hunav_msgs/include/hunav_msgs/hunav_msgs/srv/detail/reset_agents__type_support.cpp
[11.709s] -- Installing: /home/ahmo030/hunav_ws/install/hunav_msgs/include/hunav_msgs/hunav_msgs/srv/detail/compute_agent__rosidl_typesupport_introspection_cpp.hpp
[11.709s] -- Installing: /home/ahmo030/hunav_ws/install/hunav_msgs/include/hunav_msgs/hunav_msgs/srv/detail/get_agents__type_support.cpp
[11.709s] -- Installing: /home/ahmo030/hunav_ws/install/hunav_msgs/include/hunav_msgs/hunav_msgs/srv/detail/reset_agents__rosidl_typesupport_introspection_cpp.hpp
[11.709s] -- Installing: /home/ahmo030/hunav_ws/install/hunav_msgs/include/hunav_msgs/hunav_msgs/srv/detail/move_agent__type_support.cpp
[11.709s] -- Up-to-date: /home/ahmo030/hunav_ws/install/hunav_msgs/include/hunav_msgs/hunav_msgs/msg
[11.709s] -- Up-to-date: /home/ahmo030/hunav_ws/install/hunav_msgs/include/hunav_msgs/hunav_msgs/msg/detail
[11.709s] -- Installing: /home/ahmo030/hunav_ws/install/hunav_msgs/include/hunav_msgs/hunav_msgs/msg/detail/agent__type_support.cpp
[11.709s] -- Installing: /home/ahmo030/hunav_ws/install/hunav_msgs/include/hunav_msgs/hunav_msgs/msg/detail/agents__rosidl_typesupport_introspection_cpp.hpp
[11.709s] -- Installing: /home/ahmo030/hunav_ws/install/hunav_msgs/include/hunav_msgs/hunav_msgs/msg/detail/agent__rosidl_typesupport_introspection_cpp.hpp
[11.710s] -- Installing: /home/ahmo030/hunav_ws/install/hunav_msgs/include/hunav_msgs/hunav_msgs/msg/detail/agent_behavior__type_support.cpp
[11.710s] -- Installing: /home/ahmo030/hunav_ws/install/hunav_msgs/include/hunav_msgs/hunav_msgs/msg/detail/agents__type_support.cpp
[11.710s] -- Installing: /home/ahmo030/hunav_ws/install/hunav_msgs/include/hunav_msgs/hunav_msgs/msg/detail/agent_behavior__rosidl_typesupport_introspection_cpp.hpp
[11.710s] -- Installing: /home/ahmo030/hunav_ws/install/hunav_msgs/lib/libhunav_msgs__rosidl_typesupport_introspection_cpp.so
[11.710s] -- Set runtime path of "/home/ahmo030/hunav_ws/install/hunav_msgs/lib/libhunav_msgs__rosidl_typesupport_introspection_cpp.so" to ""
[11.710s] -- Installing: /home/ahmo030/hunav_ws/install/hunav_msgs/lib/libhunav_msgs__rosidl_typesupport_cpp.so
[11.710s] -- Set runtime path of "/home/ahmo030/hunav_ws/install/hunav_msgs/lib/libhunav_msgs__rosidl_typesupport_cpp.so" to ""
[11.710s] -- Installing: /home/ahmo030/hunav_ws/install/hunav_msgs/share/hunav_msgs/environment/pythonpath.sh
[11.710s] -- Installing: /home/ahmo030/hunav_ws/install/hunav_msgs/share/hunav_msgs/environment/pythonpath.dsv
[11.711s] -- Installing: /home/ahmo030/hunav_ws/install/hunav_msgs/local/lib/python3.10/dist-packages/hunav_msgs-1.0.0-py3.10.egg-info
[11.711s] -- Installing: /home/ahmo030/hunav_ws/install/hunav_msgs/local/lib/python3.10/dist-packages/hunav_msgs-1.0.0-py3.10.egg-info/SOURCES.txt
[11.711s] -- Installing: /home/ahmo030/hunav_ws/install/hunav_msgs/local/lib/python3.10/dist-packages/hunav_msgs-1.0.0-py3.10.egg-info/top_level.txt
[11.711s] -- Installing: /home/ahmo030/hunav_ws/install/hunav_msgs/local/lib/python3.10/dist-packages/hunav_msgs-1.0.0-py3.10.egg-info/dependency_links.txt
[11.711s] -- Installing: /home/ahmo030/hunav_ws/install/hunav_msgs/local/lib/python3.10/dist-packages/hunav_msgs-1.0.0-py3.10.egg-info/PKG-INFO
[11.711s] -- Installing: /home/ahmo030/hunav_ws/install/hunav_msgs/local/lib/python3.10/dist-packages/hunav_msgs
[11.711s] -- Installing: /home/ahmo030/hunav_ws/install/hunav_msgs/local/lib/python3.10/dist-packages/hunav_msgs/hunav_msgs_s__rosidl_typesupport_c.cpython-310-x86_64-linux-gnu.so
[11.711s] -- Installing: /home/ahmo030/hunav_ws/install/hunav_msgs/local/lib/python3.10/dist-packages/hunav_msgs/srv
[11.711s] -- Installing: /home/ahmo030/hunav_ws/install/hunav_msgs/local/lib/python3.10/dist-packages/hunav_msgs/srv/_compute_agent_s.c
[11.711s] -- Installing: /home/ahmo030/hunav_ws/install/hunav_msgs/local/lib/python3.10/dist-packages/hunav_msgs/srv/_get_agents.py
[11.711s] -- Installing: /home/ahmo030/hunav_ws/install/hunav_msgs/local/lib/python3.10/dist-packages/hunav_msgs/srv/_compute_agent.py
[11.711s] -- Installing: /home/ahmo030/hunav_ws/install/hunav_msgs/local/lib/python3.10/dist-packages/hunav_msgs/srv/_reset_agents_s.c
[11.712s] -- Installing: /home/ahmo030/hunav_ws/install/hunav_msgs/local/lib/python3.10/dist-packages/hunav_msgs/srv/_get_agents_s.c
[11.712s] -- Installing: /home/ahmo030/hunav_ws/install/hunav_msgs/local/lib/python3.10/dist-packages/hunav_msgs/srv/_compute_agents_s.c
[11.712s] -- Installing: /home/ahmo030/hunav_ws/install/hunav_msgs/local/lib/python3.10/dist-packages/hunav_msgs/srv/_move_agent.py
[11.712s] -- Installing: /home/ahmo030/hunav_ws/install/hunav_msgs/local/lib/python3.10/dist-packages/hunav_msgs/srv/__init__.py
[11.712s] -- Installing: /home/ahmo030/hunav_ws/install/hunav_msgs/local/lib/python3.10/dist-packages/hunav_msgs/srv/_compute_agents.py
[11.712s] -- Installing: /home/ahmo030/hunav_ws/install/hunav_msgs/local/lib/python3.10/dist-packages/hunav_msgs/srv/_move_agent_s.c
[11.712s] -- Installing: /home/ahmo030/hunav_ws/install/hunav_msgs/local/lib/python3.10/dist-packages/hunav_msgs/srv/_reset_agents.py
[11.712s] -- Installing: /home/ahmo030/hunav_ws/install/hunav_msgs/local/lib/python3.10/dist-packages/hunav_msgs/_hunav_msgs_s.ep.rosidl_typesupport_c.c
[11.712s] -- Installing: /home/ahmo030/hunav_ws/install/hunav_msgs/local/lib/python3.10/dist-packages/hunav_msgs/hunav_msgs_s__rosidl_typesupport_fastrtps_c.cpython-310-x86_64-linux-gnu.so
[11.712s] -- Installing: /home/ahmo030/hunav_ws/install/hunav_msgs/local/lib/python3.10/dist-packages/hunav_msgs/hunav_msgs_s__rosidl_typesupport_introspection_c.cpython-310-x86_64-linux-gnu.so
[11.712s] -- Installing: /home/ahmo030/hunav_ws/install/hunav_msgs/local/lib/python3.10/dist-packages/hunav_msgs/libhunav_msgs__rosidl_generator_py.so
[11.712s] -- Installing: /home/ahmo030/hunav_ws/install/hunav_msgs/local/lib/python3.10/dist-packages/hunav_msgs/__init__.py
[11.713s] -- Installing: /home/ahmo030/hunav_ws/install/hunav_msgs/local/lib/python3.10/dist-packages/hunav_msgs/msg
[11.713s] -- Installing: /home/ahmo030/hunav_ws/install/hunav_msgs/local/lib/python3.10/dist-packages/hunav_msgs/msg/_agent_behavior_s.c
[11.713s] -- Installing: /home/ahmo030/hunav_ws/install/hunav_msgs/local/lib/python3.10/dist-packages/hunav_msgs/msg/_agent_s.c
[11.713s] -- Installing: /home/ahmo030/hunav_ws/install/hunav_msgs/local/lib/python3.10/dist-packages/hunav_msgs/msg/_agents_s.c
[11.713s] -- Installing: /home/ahmo030/hunav_ws/install/hunav_msgs/local/lib/python3.10/dist-packages/hunav_msgs/msg/_agent_behavior.py
[11.713s] -- Installing: /home/ahmo030/hunav_ws/install/hunav_msgs/local/lib/python3.10/dist-packages/hunav_msgs/msg/__init__.py
[11.713s] -- Installing: /home/ahmo030/hunav_ws/install/hunav_msgs/local/lib/python3.10/dist-packages/hunav_msgs/msg/_agent.py
[11.713s] -- Installing: /home/ahmo030/hunav_ws/install/hunav_msgs/local/lib/python3.10/dist-packages/hunav_msgs/msg/_agents.py
[11.713s] -- Installing: /home/ahmo030/hunav_ws/install/hunav_msgs/local/lib/python3.10/dist-packages/hunav_msgs/_hunav_msgs_s.ep.rosidl_typesupport_introspection_c.c
[11.713s] -- Installing: /home/ahmo030/hunav_ws/install/hunav_msgs/local/lib/python3.10/dist-packages/hunav_msgs/_hunav_msgs_s.ep.rosidl_typesupport_fastrtps_c.c
[11.772s] Listing '/home/ahmo030/hunav_ws/install/hunav_msgs/local/lib/python3.10/dist-packages/hunav_msgs'...
[11.772s] Compiling '/home/ahmo030/hunav_ws/install/hunav_msgs/local/lib/python3.10/dist-packages/hunav_msgs/__init__.py'...
[11.772s] Listing '/home/ahmo030/hunav_ws/install/hunav_msgs/local/lib/python3.10/dist-packages/hunav_msgs/msg'...
[11.772s] Compiling '/home/ahmo030/hunav_ws/install/hunav_msgs/local/lib/python3.10/dist-packages/hunav_msgs/msg/__init__.py'...
[11.772s] Compiling '/home/ahmo030/hunav_ws/install/hunav_msgs/local/lib/python3.10/dist-packages/hunav_msgs/msg/_agent.py'...
[11.772s] Compiling '/home/ahmo030/hunav_ws/install/hunav_msgs/local/lib/python3.10/dist-packages/hunav_msgs/msg/_agent_behavior.py'...
[11.772s] Compiling '/home/ahmo030/hunav_ws/install/hunav_msgs/local/lib/python3.10/dist-packages/hunav_msgs/msg/_agents.py'...
[11.772s] Listing '/home/ahmo030/hunav_ws/install/hunav_msgs/local/lib/python3.10/dist-packages/hunav_msgs/srv'...
[11.772s] Compiling '/home/ahmo030/hunav_ws/install/hunav_msgs/local/lib/python3.10/dist-packages/hunav_msgs/srv/__init__.py'...
[11.772s] Compiling '/home/ahmo030/hunav_ws/install/hunav_msgs/local/lib/python3.10/dist-packages/hunav_msgs/srv/_compute_agent.py'...
[11.772s] Compiling '/home/ahmo030/hunav_ws/install/hunav_msgs/local/lib/python3.10/dist-packages/hunav_msgs/srv/_compute_agents.py'...
[11.772s] Compiling '/home/ahmo030/hunav_ws/install/hunav_msgs/local/lib/python3.10/dist-packages/hunav_msgs/srv/_get_agents.py'...
[11.772s] Compiling '/home/ahmo030/hunav_ws/install/hunav_msgs/local/lib/python3.10/dist-packages/hunav_msgs/srv/_move_agent.py'...
[11.772s] Compiling '/home/ahmo030/hunav_ws/install/hunav_msgs/local/lib/python3.10/dist-packages/hunav_msgs/srv/_reset_agents.py'...
[11.775s] -- Installing: /home/ahmo030/hunav_ws/install/hunav_msgs/local/lib/python3.10/dist-packages/hunav_msgs/hunav_msgs_s__rosidl_typesupport_fastrtps_c.cpython-310-x86_64-linux-gnu.so
[11.775s] -- Set runtime path of "/home/ahmo030/hunav_ws/install/hunav_msgs/local/lib/python3.10/dist-packages/hunav_msgs/hunav_msgs_s__rosidl_typesupport_fastrtps_c.cpython-310-x86_64-linux-gnu.so" to ""
[11.775s] -- Installing: /home/ahmo030/hunav_ws/install/hunav_msgs/local/lib/python3.10/dist-packages/hunav_msgs/hunav_msgs_s__rosidl_typesupport_introspection_c.cpython-310-x86_64-linux-gnu.so
[11.775s] -- Set runtime path of "/home/ahmo030/hunav_ws/install/hunav_msgs/local/lib/python3.10/dist-packages/hunav_msgs/hunav_msgs_s__rosidl_typesupport_introspection_c.cpython-310-x86_64-linux-gnu.so" to ""
[11.775s] -- Installing: /home/ahmo030/hunav_ws/install/hunav_msgs/local/lib/python3.10/dist-packages/hunav_msgs/hunav_msgs_s__rosidl_typesupport_c.cpython-310-x86_64-linux-gnu.so
[11.775s] -- Set runtime path of "/home/ahmo030/hunav_ws/install/hunav_msgs/local/lib/python3.10/dist-packages/hunav_msgs/hunav_msgs_s__rosidl_typesupport_c.cpython-310-x86_64-linux-gnu.so" to ""
[11.775s] -- Installing: /home/ahmo030/hunav_ws/install/hunav_msgs/lib/libhunav_msgs__rosidl_generator_py.so
[11.776s] -- Set runtime path of "/home/ahmo030/hunav_ws/install/hunav_msgs/lib/libhunav_msgs__rosidl_generator_py.so" to ""
[11.776s] -- Installing: /home/ahmo030/hunav_ws/install/hunav_msgs/share/hunav_msgs/msg/Agent.idl
[11.776s] -- Installing: /home/ahmo030/hunav_ws/install/hunav_msgs/share/hunav_msgs/msg/Agents.idl
[11.776s] -- Installing: /home/ahmo030/hunav_ws/install/hunav_msgs/share/hunav_msgs/msg/AgentBehavior.idl
[11.776s] -- Installing: /home/ahmo030/hunav_ws/install/hunav_msgs/share/hunav_msgs/srv/ComputeAgents.idl
[11.776s] -- Installing: /home/ahmo030/hunav_ws/install/hunav_msgs/share/hunav_msgs/srv/ComputeAgent.idl
[11.776s] -- Installing: /home/ahmo030/hunav_ws/install/hunav_msgs/share/hunav_msgs/srv/MoveAgent.idl
[11.776s] -- Installing: /home/ahmo030/hunav_ws/install/hunav_msgs/share/hunav_msgs/srv/GetAgents.idl
[11.776s] -- Installing: /home/ahmo030/hunav_ws/install/hunav_msgs/share/hunav_msgs/srv/ResetAgents.idl
[11.776s] -- Installing: /home/ahmo030/hunav_ws/install/hunav_msgs/share/hunav_msgs/msg/Agent.msg
[11.776s] -- Installing: /home/ahmo030/hunav_ws/install/hunav_msgs/share/hunav_msgs/msg/Agents.msg
[11.776s] -- Installing: /home/ahmo030/hunav_ws/install/hunav_msgs/share/hunav_msgs/msg/AgentBehavior.msg
[11.776s] -- Installing: /home/ahmo030/hunav_ws/install/hunav_msgs/share/hunav_msgs/srv/ComputeAgents.srv
[11.777s] -- Installing: /home/ahmo030/hunav_ws/install/hunav_msgs/share/hunav_msgs/srv/ComputeAgents_Request.msg
[11.777s] -- Installing: /home/ahmo030/hunav_ws/install/hunav_msgs/share/hunav_msgs/srv/ComputeAgents_Response.msg
[11.777s] -- Installing: /home/ahmo030/hunav_ws/install/hunav_msgs/share/hunav_msgs/srv/ComputeAgent.srv
[11.777s] -- Installing: /home/ahmo030/hunav_ws/install/hunav_msgs/share/hunav_msgs/srv/ComputeAgent_Request.msg
[11.777s] -- Installing: /home/ahmo030/hunav_ws/install/hunav_msgs/share/hunav_msgs/srv/ComputeAgent_Response.msg
[11.777s] -- Installing: /home/ahmo030/hunav_ws/install/hunav_msgs/share/hunav_msgs/srv/MoveAgent.srv
[11.777s] -- Installing: /home/ahmo030/hunav_ws/install/hunav_msgs/share/hunav_msgs/srv/MoveAgent_Request.msg
[11.777s] -- Installing: /home/ahmo030/hunav_ws/install/hunav_msgs/share/hunav_msgs/srv/MoveAgent_Response.msg
[11.777s] -- Installing: /home/ahmo030/hunav_ws/install/hunav_msgs/share/hunav_msgs/srv/GetAgents.srv
[11.777s] -- Installing: /home/ahmo030/hunav_ws/install/hunav_msgs/share/hunav_msgs/srv/GetAgents_Request.msg
[11.777s] -- Installing: /home/ahmo030/hunav_ws/install/hunav_msgs/share/hunav_msgs/srv/GetAgents_Response.msg
[11.777s] -- Installing: /home/ahmo030/hunav_ws/install/hunav_msgs/share/hunav_msgs/srv/ResetAgents.srv
[11.777s] -- Installing: /home/ahmo030/hunav_ws/install/hunav_msgs/share/hunav_msgs/srv/ResetAgents_Request.msg
[11.777s] -- Installing: /home/ahmo030/hunav_ws/install/hunav_msgs/share/hunav_msgs/srv/ResetAgents_Response.msg
[11.778s] -- Installing: /home/ahmo030/hunav_ws/install/hunav_msgs/share/ament_index/resource_index/package_run_dependencies/hunav_msgs
[11.778s] -- Installing: /home/ahmo030/hunav_ws/install/hunav_msgs/share/ament_index/resource_index/parent_prefix_path/hunav_msgs
[11.778s] -- Installing: /home/ahmo030/hunav_ws/install/hunav_msgs/share/hunav_msgs/environment/ament_prefix_path.sh
[11.778s] -- Installing: /home/ahmo030/hunav_ws/install/hunav_msgs/share/hunav_msgs/environment/ament_prefix_path.dsv
[11.778s] -- Installing: /home/ahmo030/hunav_ws/install/hunav_msgs/share/hunav_msgs/environment/path.sh
[11.778s] -- Installing: /home/ahmo030/hunav_ws/install/hunav_msgs/share/hunav_msgs/environment/path.dsv
[11.778s] -- Installing: /home/ahmo030/hunav_ws/install/hunav_msgs/share/hunav_msgs/local_setup.bash
[11.778s] -- Installing: /home/ahmo030/hunav_ws/install/hunav_msgs/share/hunav_msgs/local_setup.sh
[11.778s] -- Installing: /home/ahmo030/hunav_ws/install/hunav_msgs/share/hunav_msgs/local_setup.zsh
[11.778s] -- Installing: /home/ahmo030/hunav_ws/install/hunav_msgs/share/hunav_msgs/local_setup.dsv
[11.778s] -- Installing: /home/ahmo030/hunav_ws/install/hunav_msgs/share/hunav_msgs/package.dsv
[11.778s] -- Installing: /home/ahmo030/hunav_ws/install/hunav_msgs/share/ament_index/resource_index/packages/hunav_msgs
[11.779s] -- Installing: /home/ahmo030/hunav_ws/install/hunav_msgs/share/hunav_msgs/cmake/export_hunav_msgs__rosidl_generator_cExport.cmake
[11.779s] -- Installing: /home/ahmo030/hunav_ws/install/hunav_msgs/share/hunav_msgs/cmake/export_hunav_msgs__rosidl_generator_cExport-noconfig.cmake
[11.779s] -- Installing: /home/ahmo030/hunav_ws/install/hunav_msgs/share/hunav_msgs/cmake/export_hunav_msgs__rosidl_typesupport_fastrtps_cExport.cmake
[11.779s] -- Installing: /home/ahmo030/hunav_ws/install/hunav_msgs/share/hunav_msgs/cmake/export_hunav_msgs__rosidl_typesupport_fastrtps_cExport-noconfig.cmake
[11.779s] -- Installing: /home/ahmo030/hunav_ws/install/hunav_msgs/share/hunav_msgs/cmake/export_hunav_msgs__rosidl_generator_cppExport.cmake
[11.779s] -- Installing: /home/ahmo030/hunav_ws/install/hunav_msgs/share/hunav_msgs/cmake/export_hunav_msgs__rosidl_typesupport_fastrtps_cppExport.cmake
[11.779s] -- Installing: /home/ahmo030/hunav_ws/install/hunav_msgs/share/hunav_msgs/cmake/export_hunav_msgs__rosidl_typesupport_fastrtps_cppExport-noconfig.cmake
[11.779s] -- Installing: /home/ahmo030/hunav_ws/install/hunav_msgs/share/hunav_msgs/cmake/hunav_msgs__rosidl_typesupport_introspection_cExport.cmake
[11.779s] -- Installing: /home/ahmo030/hunav_ws/install/hunav_msgs/share/hunav_msgs/cmake/hunav_msgs__rosidl_typesupport_introspection_cExport-noconfig.cmake
[11.779s] -- Installing: /home/ahmo030/hunav_ws/install/hunav_msgs/share/hunav_msgs/cmake/hunav_msgs__rosidl_typesupport_cExport.cmake
[11.779s] -- Installing: /home/ahmo030/hunav_ws/install/hunav_msgs/share/hunav_msgs/cmake/hunav_msgs__rosidl_typesupport_cExport-noconfig.cmake
[11.780s] -- Installing: /home/ahmo030/hunav_ws/install/hunav_msgs/share/hunav_msgs/cmake/hunav_msgs__rosidl_typesupport_introspection_cppExport.cmake
[11.780s] -- Installing: /home/ahmo030/hunav_ws/install/hunav_msgs/share/hunav_msgs/cmake/hunav_msgs__rosidl_typesupport_introspection_cppExport-noconfig.cmake
[11.780s] -- Installing: /home/ahmo030/hunav_ws/install/hunav_msgs/share/hunav_msgs/cmake/hunav_msgs__rosidl_typesupport_cppExport.cmake
[11.780s] -- Installing: /home/ahmo030/hunav_ws/install/hunav_msgs/share/hunav_msgs/cmake/hunav_msgs__rosidl_typesupport_cppExport-noconfig.cmake
[11.780s] -- Installing: /home/ahmo030/hunav_ws/install/hunav_msgs/share/hunav_msgs/cmake/export_hunav_msgs__rosidl_generator_pyExport.cmake
[11.780s] -- Installing: /home/ahmo030/hunav_ws/install/hunav_msgs/share/hunav_msgs/cmake/export_hunav_msgs__rosidl_generator_pyExport-noconfig.cmake
[11.780s] -- Installing: /home/ahmo030/hunav_ws/install/hunav_msgs/share/hunav_msgs/cmake/rosidl_cmake-extras.cmake
[11.780s] -- Installing: /home/ahmo030/hunav_ws/install/hunav_msgs/share/hunav_msgs/cmake/ament_cmake_export_dependencies-extras.cmake
[11.780s] -- Installing: /home/ahmo030/hunav_ws/install/hunav_msgs/share/hunav_msgs/cmake/ament_cmake_export_include_directories-extras.cmake
[11.780s] -- Installing: /home/ahmo030/hunav_ws/install/hunav_msgs/share/hunav_msgs/cmake/ament_cmake_export_libraries-extras.cmake
[11.780s] -- Installing: /home/ahmo030/hunav_ws/install/hunav_msgs/share/hunav_msgs/cmake/ament_cmake_export_targets-extras.cmake
[11.780s] -- Installing: /home/ahmo030/hunav_ws/install/hunav_msgs/share/hunav_msgs/cmake/rosidl_cmake_export_typesupport_targets-extras.cmake
[11.780s] -- Installing: /home/ahmo030/hunav_ws/install/hunav_msgs/share/hunav_msgs/cmake/rosidl_cmake_export_typesupport_libraries-extras.cmake
[11.781s] -- Installing: /home/ahmo030/hunav_ws/install/hunav_msgs/share/hunav_msgs/cmake/hunav_msgsConfig.cmake
[11.781s] -- Installing: /home/ahmo030/hunav_ws/install/hunav_msgs/share/hunav_msgs/cmake/hunav_msgsConfig-version.cmake
[11.781s] -- Installing: /home/ahmo030/hunav_ws/install/hunav_msgs/share/hunav_msgs/package.xml
[11.782s] Invoked command in '/home/ahmo030/hunav_ws/build/hunav_msgs' returned '0': CMAKE_PREFIX_PATH=${CMAKE_PREFIX_PATH}:/home/ahmo030/hunav_ws/install/hunav_evaluator:/opt/ros/humble /usr/bin/cmake --install /home/ahmo030/hunav_ws/build/hunav_msgs
