[01m[K/home/ahmo030/hunav_ws/src/hunav_gazebo_wrapper/src/WorldGenerator.cpp:[m[K In member function ‘[01m[Kvoid hunav::WorldGenerator::getAgentsService(std::shared_ptr<hunav_msgs::srv::GetAgents_Request_<std::allocator<void> > >, std::shared_ptr<hunav_msgs::srv::GetAgents_Response_<std::allocator<void> > >)[m[K’:
[01m[K/home/ahmo030/hunav_ws/src/hunav_gazebo_wrapper/src/WorldGenerator.cpp:262:7:[m[K [01;35m[Kwarning: [m[Kunused variable ‘[01m[Kr[m[K’ [[01;35m[K]8;;https://gcc.gnu.org/onlinedocs/gcc/Warning-Options.html#index-Wunused-variable-Wunused-variable]8;;[m[K]
  262 |   int [01;35m[Kr[m[K = request->empty;
      |       [01;35m[K^[m[K
In file included from [01m[K/opt/ros/humble/include/rclcpp/rclcpp/logging.hpp:24[m[K,
                 from [01m[K/opt/ros/humble/include/rclcpp/rclcpp/client.hpp:40[m[K,
                 from [01m[K/opt/ros/humble/include/rclcpp/rclcpp/callback_group.hpp:24[m[K,
                 from [01m[K/opt/ros/humble/include/rclcpp/rclcpp/any_executable.hpp:20[m[K,
                 from [01m[K/opt/ros/humble/include/rclcpp/rclcpp/memory_strategy.hpp:25[m[K,
                 from [01m[K/opt/ros/humble/include/rclcpp/rclcpp/memory_strategies.hpp:18[m[K,
                 from [01m[K/opt/ros/humble/include/rclcpp/rclcpp/executor_options.hpp:20[m[K,
                 from [01m[K/opt/ros/humble/include/rclcpp/rclcpp/executor.hpp:37[m[K,
                 from [01m[K/opt/ros/humble/include/rclcpp/rclcpp/executors/multi_threaded_executor.hpp:25[m[K,
                 from [01m[K/opt/ros/humble/include/rclcpp/rclcpp/executors.hpp:21[m[K,
                 from [01m[K/opt/ros/humble/include/rclcpp/rclcpp/rclcpp.hpp:155[m[K,
                 from [01m[K/home/ahmo030/hunav_ws/src/hunav_gazebo_wrapper/include/hunav_gazebo_wrapper/WorldGenerator.hpp:25[m[K,
                 from [01m[K/home/ahmo030/hunav_ws/src/hunav_gazebo_wrapper/src/WorldGenerator.cpp:20[m[K:
[01m[K/home/ahmo030/hunav_ws/src/hunav_gazebo_wrapper/src/WorldGenerator.cpp:[m[K In member function ‘[01m[Kbool hunav::WorldGenerator::processXML()[m[K’:
[01m[K/home/ahmo030/hunav_ws/src/hunav_gazebo_wrapper/src/WorldGenerator.cpp:289:38:[m[K [01;35m[Kwarning: [m[Ktoo many arguments for format [[01;35m[K]8;;https://gcc.gnu.org/onlinedocs/gcc/Warning-Options.html#index-Wformat-extra-args-Wformat-extra-args]8;;[m[K]
  289 |     RCLCPP_ERROR(this->get_logger(), [01;35m[K"Please, check that the world file does not contain any comment!\n"[m[K,
      |                                      [01;35m[K^~~~~~~~~~~~~~~~~~~~~~~~~~~~~~~~~~~~~~~~~~~~~~~~~~~~~~~~~~~~~~~~~~~[m[K
