[0.006s] Invoking command in '/home/ahmo030/hunav_ws/build/people_msgs': CMAKE_PREFIX_PATH=${CMAKE_PREFIX_PATH}:/home/ahmo030/hunav_ws/install/hunav_evaluator:/opt/ros/humble /usr/bin/cmake /home/ahmo030/hunav_ws/src/people/people_msgs -DCMAKE_INSTALL_PREFIX=/home/ahmo030/hunav_ws/install/people_msgs
[2.033s] -- The C compiler identification is GNU 11.4.0
[2.866s] -- The CXX compiler identification is GNU 11.4.0
[2.922s] -- Detecting C compiler ABI info
[3.045s] -- Detecting C compiler ABI info - done
[3.051s] -- Check for working C compiler: /usr/bin/cc - skipped
[3.051s] -- Detecting C compile features
[3.084s] -- Detecting C compile features - done
[3.092s] -- Detecting CXX compiler ABI info
[3.260s] -- Detecting CXX compiler ABI info - done
[3.265s] -- Check for working CXX compiler: /usr/bin/c++ - skipped
[3.265s] -- Detecting CXX compile features
[3.265s] -- Detecting CXX compile features - done
[3.312s] -- Found ament_cmake: 1.3.10 (/opt/ros/humble/share/ament_cmake/cmake)
[3.712s] -- Found Python3: /home/ahmo030/.pyenv/shims/python3 (found version "3.10.12") found components: Interpreter 
[4.095s] -- Found rosidl_default_generators: 1.2.0 (/opt/ros/humble/share/rosidl_default_generators/cmake)
[4.168s] -- Using all available rosidl_typesupport_c: rosidl_typesupport_fastrtps_c;rosidl_typesupport_introspection_c
[4.213s] -- Found rosidl_adapter: 3.1.5 (/opt/ros/humble/share/rosidl_adapter/cmake)
[4.505s] -- Using all available rosidl_typesupport_cpp: rosidl_typesupport_fastrtps_cpp;rosidl_typesupport_introspection_cpp
[4.620s] -- Found geometry_msgs: 4.2.4 (/opt/ros/humble/share/geometry_msgs/cmake)
[5.054s] -- Found ament_cmake_cppcheck: 0.12.11 (/opt/ros/humble/share/ament_cmake_cppcheck/cmake)
[5.071s] -- Found ament_cmake_cpplint: 0.12.11 (/opt/ros/humble/share/ament_cmake_cpplint/cmake)
[5.081s] -- Found ament_cmake_uncrustify: 0.12.11 (/opt/ros/humble/share/ament_cmake_uncrustify/cmake)
[5.091s] -- Found ament_cmake_ros: 0.10.0 (/opt/ros/humble/share/ament_cmake_ros/cmake)
[5.380s] -- Using all available rosidl_typesupport_c: rosidl_typesupport_fastrtps_c;rosidl_typesupport_introspection_c
[5.724s] -- Using all available rosidl_typesupport_cpp: rosidl_typesupport_fastrtps_cpp;rosidl_typesupport_introspection_cpp
[5.769s] -- Found PythonInterp: /home/ahmo030/.pyenv/shims/python3 (found suitable version "3.10.12", minimum required is "3.6") 
[5.770s] -- Found python_cmake_module: 0.10.0 (/opt/ros/humble/share/python_cmake_module/cmake)
[5.846s] -- Found PythonLibs: /usr/lib/x86_64-linux-gnu/libpython3.10.so (found suitable version "3.10.12", minimum required is "3.5") 
[5.846s] -- Using PYTHON_EXECUTABLE: /home/ahmo030/.pyenv/shims/python3
[5.846s] -- Using PYTHON_INCLUDE_DIRS: /usr/include/python3.10
[5.846s] -- Using PYTHON_LIBRARIES: /usr/lib/x86_64-linux-gnu/libpython3.10.so
[5.893s] -- Found PythonExtra: .so  
[5.978s] -- Found ament_cmake_flake8: 0.12.11 (/opt/ros/humble/share/ament_cmake_flake8/cmake)
[5.981s] -- Found ament_cmake_pep257: 0.12.11 (/opt/ros/humble/share/ament_cmake_pep257/cmake)
[5.999s] -- Found ament_lint_auto: 0.12.11 (/opt/ros/humble/share/ament_lint_auto/cmake)
[6.078s] -- Added test 'copyright' to check source files copyright and LICENSE
[6.079s] -- Added test 'lint_cmake' to check CMake code style
[6.079s] -- Added test 'xmllint' to check XML markup files
[6.081s] -- Configuring done
[6.105s] -- Generating done
[6.106s] -- Build files have been written to: /home/ahmo030/hunav_ws/build/people_msgs
[6.114s] Invoked command in '/home/ahmo030/hunav_ws/build/people_msgs' returned '0': CMAKE_PREFIX_PATH=${CMAKE_PREFIX_PATH}:/home/ahmo030/hunav_ws/install/hunav_evaluator:/opt/ros/humble /usr/bin/cmake /home/ahmo030/hunav_ws/src/people/people_msgs -DCMAKE_INSTALL_PREFIX=/home/ahmo030/hunav_ws/install/people_msgs
[6.115s] Invoking command in '/home/ahmo030/hunav_ws/build/people_msgs': CMAKE_PREFIX_PATH=${CMAKE_PREFIX_PATH}:/home/ahmo030/hunav_ws/install/hunav_evaluator:/opt/ros/humble /usr/bin/cmake --build /home/ahmo030/hunav_ws/build/people_msgs -- -j16 -l16
[6.142s] [  1%] [34m[1mGenerating C code for ROS interfaces[0m
[6.149s] [  3%] [34m[1mGenerating C++ code for ROS interfaces[0m
[6.154s] [  3%] Built target ament_cmake_python_copy_people_msgs
[6.380s] running egg_info
[6.381s] creating people_msgs.egg-info
[6.381s] writing people_msgs.egg-info/PKG-INFO
[6.381s] writing dependency_links to people_msgs.egg-info/dependency_links.txt
[6.381s] writing top-level names to people_msgs.egg-info/top_level.txt
[6.384s] writing manifest file 'people_msgs.egg-info/SOURCES.txt'
[6.385s] reading manifest file 'people_msgs.egg-info/SOURCES.txt'
[6.385s] writing manifest file 'people_msgs.egg-info/SOURCES.txt'
[6.404s] [  3%] Built target ament_cmake_python_build_people_msgs_egg
[6.509s] [  7%] [32mBuilding C object CMakeFiles/people_msgs__rosidl_generator_c.dir/rosidl_generator_c/people_msgs/msg/detail/position_measurement_array__functions.c.o[0m
[6.509s] [  7%] [32mBuilding C object CMakeFiles/people_msgs__rosidl_generator_c.dir/rosidl_generator_c/people_msgs/msg/detail/person__functions.c.o[0m
[6.510s] [  7%] [32mBuilding C object CMakeFiles/people_msgs__rosidl_generator_c.dir/rosidl_generator_c/people_msgs/msg/detail/person_stamped__functions.c.o[0m
[6.510s] [  9%] [32mBuilding C object CMakeFiles/people_msgs__rosidl_generator_c.dir/rosidl_generator_c/people_msgs/msg/detail/people__functions.c.o[0m
[6.510s] [ 11%] [32mBuilding C object CMakeFiles/people_msgs__rosidl_generator_c.dir/rosidl_generator_c/people_msgs/msg/detail/position_measurement__functions.c.o[0m
[6.532s] [ 11%] Built target people_msgs__cpp
[6.539s] [ 15%] [34m[1mGenerating C++ type support for eProsima Fast-RTPS[0m
[6.539s] [ 15%] [34m[1mGenerating C++ introspection for ROS interfaces[0m
[6.539s] [ 15%] [34m[1mGenerating C++ type support dispatch for ROS interfaces[0m
[6.864s] [ 17%] [32mBuilding CXX object CMakeFiles/people_msgs__rosidl_typesupport_cpp.dir/rosidl_typesupport_cpp/people_msgs/msg/person_stamped__type_support.cpp.o[0m
[6.865s] [ 19%] [32mBuilding CXX object CMakeFiles/people_msgs__rosidl_typesupport_cpp.dir/rosidl_typesupport_cpp/people_msgs/msg/people__type_support.cpp.o[0m
[6.865s] [ 20%] [32mBuilding CXX object CMakeFiles/people_msgs__rosidl_typesupport_cpp.dir/rosidl_typesupport_cpp/people_msgs/msg/position_measurement__type_support.cpp.o[0m
[6.866s] [ 22%] [32mBuilding CXX object CMakeFiles/people_msgs__rosidl_typesupport_cpp.dir/rosidl_typesupport_cpp/people_msgs/msg/person__type_support.cpp.o[0m
[6.866s] [ 23%] [32mBuilding CXX object CMakeFiles/people_msgs__rosidl_typesupport_cpp.dir/rosidl_typesupport_cpp/people_msgs/msg/position_measurement_array__type_support.cpp.o[0m
[6.873s] [ 25%] [32mBuilding CXX object CMakeFiles/people_msgs__rosidl_typesupport_introspection_cpp.dir/rosidl_typesupport_introspection_cpp/people_msgs/msg/detail/people__type_support.cpp.o[0m
[6.873s] [ 26%] [32mBuilding CXX object CMakeFiles/people_msgs__rosidl_typesupport_introspection_cpp.dir/rosidl_typesupport_introspection_cpp/people_msgs/msg/detail/person__type_support.cpp.o[0m
[6.873s] [ 28%] [32mBuilding CXX object CMakeFiles/people_msgs__rosidl_typesupport_introspection_cpp.dir/rosidl_typesupport_introspection_cpp/people_msgs/msg/detail/position_measurement_array__type_support.cpp.o[0m
[6.873s] [ 30%] [32mBuilding CXX object CMakeFiles/people_msgs__rosidl_typesupport_introspection_cpp.dir/rosidl_typesupport_introspection_cpp/people_msgs/msg/detail/person_stamped__type_support.cpp.o[0m
[6.875s] [ 31%] [32mBuilding CXX object CMakeFiles/people_msgs__rosidl_typesupport_introspection_cpp.dir/rosidl_typesupport_introspection_cpp/people_msgs/msg/detail/position_measurement__type_support.cpp.o[0m
[6.962s] [ 33%] [32mBuilding CXX object CMakeFiles/people_msgs__rosidl_typesupport_fastrtps_cpp.dir/rosidl_typesupport_fastrtps_cpp/people_msgs/msg/detail/dds_fastrtps/people__type_support.cpp.o[0m
[7.553s] [ 34%] [32mBuilding CXX object CMakeFiles/people_msgs__rosidl_typesupport_fastrtps_cpp.dir/rosidl_typesupport_fastrtps_cpp/people_msgs/msg/detail/dds_fastrtps/person__type_support.cpp.o[0m
[7.553s] [ 36%] [32mBuilding CXX object CMakeFiles/people_msgs__rosidl_typesupport_fastrtps_cpp.dir/rosidl_typesupport_fastrtps_cpp/people_msgs/msg/detail/dds_fastrtps/person_stamped__type_support.cpp.o[0m
[7.558s] [ 38%] [32mBuilding CXX object CMakeFiles/people_msgs__rosidl_typesupport_fastrtps_cpp.dir/rosidl_typesupport_fastrtps_cpp/people_msgs/msg/detail/dds_fastrtps/position_measurement__type_support.cpp.o[0m
[7.573s] [ 39%] [32mBuilding CXX object CMakeFiles/people_msgs__rosidl_typesupport_fastrtps_cpp.dir/rosidl_typesupport_fastrtps_cpp/people_msgs/msg/detail/dds_fastrtps/position_measurement_array__type_support.cpp.o[0m
[7.573s] [ 41%] [32m[1mLinking C shared library libpeople_msgs__rosidl_generator_c.so[0m
[7.642s] [ 41%] Built target people_msgs__rosidl_generator_c
[7.649s] [ 42%] [34m[1mGenerating C type support for eProsima Fast-RTPS[0m
[8.011s] [ 44%] [32mBuilding CXX object CMakeFiles/people_msgs__rosidl_typesupport_fastrtps_c.dir/rosidl_typesupport_fastrtps_c/people_msgs/msg/detail/people__type_support_c.cpp.o[0m
[8.688s] [ 46%] [34m[1mGenerating C introspection for ROS interfaces[0m
[8.688s] [ 47%] [32mBuilding CXX object CMakeFiles/people_msgs__rosidl_typesupport_fastrtps_c.dir/rosidl_typesupport_fastrtps_c/people_msgs/msg/detail/person__type_support_c.cpp.o[0m
[8.688s] [ 49%] [32mBuilding CXX object CMakeFiles/people_msgs__rosidl_typesupport_fastrtps_c.dir/rosidl_typesupport_fastrtps_c/people_msgs/msg/detail/person_stamped__type_support_c.cpp.o[0m
[8.688s] [ 50%] [34m[1mGenerating C type support dispatch for ROS interfaces[0m
[8.692s] [ 52%] [32m[1mLinking CXX shared library libpeople_msgs__rosidl_typesupport_cpp.so[0m
[8.820s] [ 52%] Built target people_msgs__rosidl_typesupport_cpp
[8.840s] [ 53%] [32mBuilding CXX object CMakeFiles/people_msgs__rosidl_typesupport_fastrtps_c.dir/rosidl_typesupport_fastrtps_c/people_msgs/msg/detail/position_measurement__type_support_c.cpp.o[0m
[9.114s] [ 55%] [32mBuilding CXX object CMakeFiles/people_msgs__rosidl_typesupport_fastrtps_c.dir/rosidl_typesupport_fastrtps_c/people_msgs/msg/detail/position_measurement_array__type_support_c.cpp.o[0m
[9.546s] [ 57%] [32m[1mLinking CXX shared library libpeople_msgs__rosidl_typesupport_fastrtps_cpp.so[0m
[9.559s] [ 58%] [32m[1mLinking CXX shared library libpeople_msgs__rosidl_typesupport_introspection_cpp.so[0m
[9.606s] [ 61%] [32mBuilding CXX object CMakeFiles/people_msgs__rosidl_typesupport_c.dir/rosidl_typesupport_c/people_msgs/msg/person__type_support.cpp.o[0m
[9.606s] [ 61%] [32mBuilding CXX object CMakeFiles/people_msgs__rosidl_typesupport_c.dir/rosidl_typesupport_c/people_msgs/msg/person_stamped__type_support.cpp.o[0m
[9.608s] [ 63%] [32mBuilding CXX object CMakeFiles/people_msgs__rosidl_typesupport_c.dir/rosidl_typesupport_c/people_msgs/msg/position_measurement_array__type_support.cpp.o[0m
[9.609s] [ 65%] [32mBuilding CXX object CMakeFiles/people_msgs__rosidl_typesupport_c.dir/rosidl_typesupport_c/people_msgs/msg/position_measurement__type_support.cpp.o[0m
[9.609s] [ 66%] [32mBuilding CXX object CMakeFiles/people_msgs__rosidl_typesupport_c.dir/rosidl_typesupport_c/people_msgs/msg/people__type_support.cpp.o[0m
[9.620s] [ 68%] [32m[1mLinking CXX shared library libpeople_msgs__rosidl_typesupport_fastrtps_c.so[0m
[9.646s] [ 69%] [32m[1mLinking CXX shared library libpeople_msgs__rosidl_typesupport_c.so[0m
[9.651s] [ 69%] Built target people_msgs__rosidl_typesupport_fastrtps_cpp
[9.662s] [ 69%] Built target people_msgs__rosidl_typesupport_introspection_cpp
[9.681s] [ 69%] Built target people_msgs__rosidl_typesupport_c
[9.695s] [ 69%] Built target people_msgs__rosidl_typesupport_fastrtps_c
[9.713s] [ 73%] [32mBuilding C object CMakeFiles/people_msgs__rosidl_typesupport_introspection_c.dir/rosidl_typesupport_introspection_c/people_msgs/msg/detail/position_measurement__type_support.c.o[0m
[9.714s] [ 73%] [32mBuilding C object CMakeFiles/people_msgs__rosidl_typesupport_introspection_c.dir/rosidl_typesupport_introspection_c/people_msgs/msg/detail/person__type_support.c.o[0m
[9.714s] [ 74%] [32mBuilding C object CMakeFiles/people_msgs__rosidl_typesupport_introspection_c.dir/rosidl_typesupport_introspection_c/people_msgs/msg/detail/position_measurement_array__type_support.c.o[0m
[9.715s] [ 76%] [32mBuilding C object CMakeFiles/people_msgs__rosidl_typesupport_introspection_c.dir/rosidl_typesupport_introspection_c/people_msgs/msg/detail/people__type_support.c.o[0m
[9.715s] [ 77%] [32mBuilding C object CMakeFiles/people_msgs__rosidl_typesupport_introspection_c.dir/rosidl_typesupport_introspection_c/people_msgs/msg/detail/person_stamped__type_support.c.o[0m
[9.839s] [ 79%] [32m[1mLinking C shared library libpeople_msgs__rosidl_typesupport_introspection_c.so[0m
[9.861s] [ 79%] Built target people_msgs__rosidl_typesupport_introspection_c
[9.875s] [ 79%] Built target people_msgs
[9.888s] [ 80%] [34m[1mGenerating Python code for ROS interfaces[0m
[10.466s] [ 80%] Built target people_msgs__py
[10.480s] [ 87%] [32mBuilding C object CMakeFiles/people_msgs__rosidl_generator_py.dir/rosidl_generator_py/people_msgs/msg/_people_s.c.o[0m
[10.480s] [ 87%] [32mBuilding C object CMakeFiles/people_msgs__rosidl_generator_py.dir/rosidl_generator_py/people_msgs/msg/_person_stamped_s.c.o[0m
[10.480s] [ 87%] [32mBuilding C object CMakeFiles/people_msgs__rosidl_generator_py.dir/rosidl_generator_py/people_msgs/msg/_position_measurement_s.c.o[0m
[10.480s] [ 87%] [32mBuilding C object CMakeFiles/people_msgs__rosidl_generator_py.dir/rosidl_generator_py/people_msgs/msg/_person_s.c.o[0m
[10.480s] [ 88%] [32mBuilding C object CMakeFiles/people_msgs__rosidl_generator_py.dir/rosidl_generator_py/people_msgs/msg/_position_measurement_array_s.c.o[0m
[10.960s] [ 90%] [32m[1mLinking C shared library rosidl_generator_py/people_msgs/libpeople_msgs__rosidl_generator_py.so[0m
[10.987s] [ 90%] Built target people_msgs__rosidl_generator_py
[11.000s] [ 95%] [32mBuilding C object CMakeFiles/people_msgs__rosidl_typesupport_fastrtps_c__pyext.dir/rosidl_generator_py/people_msgs/_people_msgs_s.ep.rosidl_typesupport_fastrtps_c.c.o[0m
[11.000s] [ 95%] [32mBuilding C object CMakeFiles/people_msgs__rosidl_typesupport_c__pyext.dir/rosidl_generator_py/people_msgs/_people_msgs_s.ep.rosidl_typesupport_c.c.o[0m
[11.000s] [ 95%] [32mBuilding C object CMakeFiles/people_msgs__rosidl_typesupport_introspection_c__pyext.dir/rosidl_generator_py/people_msgs/_people_msgs_s.ep.rosidl_typesupport_introspection_c.c.o[0m
[11.064s] [100%] [32m[1mLinking C shared library rosidl_generator_py/people_msgs/people_msgs_s__rosidl_typesupport_c.cpython-310-x86_64-linux-gnu.so[0m
[11.064s] [100%] [32m[1mLinking C shared library rosidl_generator_py/people_msgs/people_msgs_s__rosidl_typesupport_fastrtps_c.cpython-310-x86_64-linux-gnu.so[0m
[11.064s] [100%] [32m[1mLinking C shared library rosidl_generator_py/people_msgs/people_msgs_s__rosidl_typesupport_introspection_c.cpython-310-x86_64-linux-gnu.so[0m
[11.089s] [100%] Built target people_msgs__rosidl_typesupport_introspection_c__pyext
[11.089s] [100%] Built target people_msgs__rosidl_typesupport_fastrtps_c__pyext
[11.089s] [100%] Built target people_msgs__rosidl_typesupport_c__pyext
[11.096s] Invoked command in '/home/ahmo030/hunav_ws/build/people_msgs' returned '0': CMAKE_PREFIX_PATH=${CMAKE_PREFIX_PATH}:/home/ahmo030/hunav_ws/install/hunav_evaluator:/opt/ros/humble /usr/bin/cmake --build /home/ahmo030/hunav_ws/build/people_msgs -- -j16 -l16
[11.184s] Invoking command in '/home/ahmo030/hunav_ws/build/people_msgs': CMAKE_PREFIX_PATH=${CMAKE_PREFIX_PATH}:/home/ahmo030/hunav_ws/install/hunav_evaluator:/opt/ros/humble /usr/bin/cmake --install /home/ahmo030/hunav_ws/build/people_msgs
[11.189s] -- Install configuration: ""
[11.189s] -- Installing: /home/ahmo030/hunav_ws/install/people_msgs/share/ament_index/resource_index/rosidl_interfaces/people_msgs
[11.189s] -- Installing: /home/ahmo030/hunav_ws/install/people_msgs/include/people_msgs/people_msgs
[11.189s] -- Installing: /home/ahmo030/hunav_ws/install/people_msgs/include/people_msgs/people_msgs/msg
[11.189s] -- Installing: /home/ahmo030/hunav_ws/install/people_msgs/include/people_msgs/people_msgs/msg/position_measurement.h
[11.189s] -- Installing: /home/ahmo030/hunav_ws/install/people_msgs/include/people_msgs/people_msgs/msg/detail
[11.189s] -- Installing: /home/ahmo030/hunav_ws/install/people_msgs/include/people_msgs/people_msgs/msg/detail/person_stamped__struct.h
[11.189s] -- Installing: /home/ahmo030/hunav_ws/install/people_msgs/include/people_msgs/people_msgs/msg/detail/people__functions.h
[11.189s] -- Installing: /home/ahmo030/hunav_ws/install/people_msgs/include/people_msgs/people_msgs/msg/detail/position_measurement_array__type_support.h
[11.189s] -- Installing: /home/ahmo030/hunav_ws/install/people_msgs/include/people_msgs/people_msgs/msg/detail/position_measurement__functions.h
[11.189s] -- Installing: /home/ahmo030/hunav_ws/install/people_msgs/include/people_msgs/people_msgs/msg/detail/person__struct.h
[11.189s] -- Installing: /home/ahmo030/hunav_ws/install/people_msgs/include/people_msgs/people_msgs/msg/detail/people__type_support.h
[11.189s] -- Installing: /home/ahmo030/hunav_ws/install/people_msgs/include/people_msgs/people_msgs/msg/detail/position_measurement_array__functions.h
[11.190s] -- Installing: /home/ahmo030/hunav_ws/install/people_msgs/include/people_msgs/people_msgs/msg/detail/people__struct.h
[11.190s] -- Installing: /home/ahmo030/hunav_ws/install/people_msgs/include/people_msgs/people_msgs/msg/detail/person_stamped__functions.c
[11.190s] -- Installing: /home/ahmo030/hunav_ws/install/people_msgs/include/people_msgs/people_msgs/msg/detail/position_measurement__type_support.h
[11.190s] -- Installing: /home/ahmo030/hunav_ws/install/people_msgs/include/people_msgs/people_msgs/msg/detail/person_stamped__type_support.h
[11.190s] -- Installing: /home/ahmo030/hunav_ws/install/people_msgs/include/people_msgs/people_msgs/msg/detail/person_stamped__functions.h
[11.190s] -- Installing: /home/ahmo030/hunav_ws/install/people_msgs/include/people_msgs/people_msgs/msg/detail/person__type_support.h
[11.190s] -- Installing: /home/ahmo030/hunav_ws/install/people_msgs/include/people_msgs/people_msgs/msg/detail/position_measurement_array__struct.h
[11.190s] -- Installing: /home/ahmo030/hunav_ws/install/people_msgs/include/people_msgs/people_msgs/msg/detail/position_measurement__struct.h
[11.190s] -- Installing: /home/ahmo030/hunav_ws/install/people_msgs/include/people_msgs/people_msgs/msg/detail/position_measurement__functions.c
[11.190s] -- Installing: /home/ahmo030/hunav_ws/install/people_msgs/include/people_msgs/people_msgs/msg/detail/person__functions.h
[11.190s] -- Installing: /home/ahmo030/hunav_ws/install/people_msgs/include/people_msgs/people_msgs/msg/detail/position_measurement_array__functions.c
[11.190s] -- Installing: /home/ahmo030/hunav_ws/install/people_msgs/include/people_msgs/people_msgs/msg/detail/person__functions.c
[11.190s] -- Installing: /home/ahmo030/hunav_ws/install/people_msgs/include/people_msgs/people_msgs/msg/detail/people__functions.c
[11.190s] -- Installing: /home/ahmo030/hunav_ws/install/people_msgs/include/people_msgs/people_msgs/msg/person_stamped.h
[11.190s] -- Installing: /home/ahmo030/hunav_ws/install/people_msgs/include/people_msgs/people_msgs/msg/person.h
[11.190s] -- Installing: /home/ahmo030/hunav_ws/install/people_msgs/include/people_msgs/people_msgs/msg/rosidl_generator_c__visibility_control.h
[11.191s] -- Installing: /home/ahmo030/hunav_ws/install/people_msgs/include/people_msgs/people_msgs/msg/people.h
[11.191s] -- Installing: /home/ahmo030/hunav_ws/install/people_msgs/include/people_msgs/people_msgs/msg/position_measurement_array.h
[11.191s] -- Installing: /home/ahmo030/hunav_ws/install/people_msgs/share/people_msgs/environment/library_path.sh
[11.191s] -- Installing: /home/ahmo030/hunav_ws/install/people_msgs/share/people_msgs/environment/library_path.dsv
[11.191s] -- Installing: /home/ahmo030/hunav_ws/install/people_msgs/lib/libpeople_msgs__rosidl_generator_c.so
[11.191s] -- Set runtime path of "/home/ahmo030/hunav_ws/install/people_msgs/lib/libpeople_msgs__rosidl_generator_c.so" to ""
[11.191s] -- Up-to-date: /home/ahmo030/hunav_ws/install/people_msgs/include/people_msgs/people_msgs
[11.191s] -- Up-to-date: /home/ahmo030/hunav_ws/install/people_msgs/include/people_msgs/people_msgs/msg
[11.191s] -- Installing: /home/ahmo030/hunav_ws/install/people_msgs/include/people_msgs/people_msgs/msg/rosidl_typesupport_fastrtps_c__visibility_control.h
[11.191s] -- Up-to-date: /home/ahmo030/hunav_ws/install/people_msgs/include/people_msgs/people_msgs/msg/detail
[11.191s] -- Installing: /home/ahmo030/hunav_ws/install/people_msgs/include/people_msgs/people_msgs/msg/detail/person_stamped__rosidl_typesupport_fastrtps_c.h
[11.192s] -- Installing: /home/ahmo030/hunav_ws/install/people_msgs/include/people_msgs/people_msgs/msg/detail/position_measurement__rosidl_typesupport_fastrtps_c.h
[11.192s] -- Installing: /home/ahmo030/hunav_ws/install/people_msgs/include/people_msgs/people_msgs/msg/detail/position_measurement_array__rosidl_typesupport_fastrtps_c.h
[11.192s] -- Installing: /home/ahmo030/hunav_ws/install/people_msgs/include/people_msgs/people_msgs/msg/detail/people__rosidl_typesupport_fastrtps_c.h
[11.192s] -- Installing: /home/ahmo030/hunav_ws/install/people_msgs/include/people_msgs/people_msgs/msg/detail/person__rosidl_typesupport_fastrtps_c.h
[11.192s] -- Installing: /home/ahmo030/hunav_ws/install/people_msgs/lib/libpeople_msgs__rosidl_typesupport_fastrtps_c.so
[11.192s] -- Set runtime path of "/home/ahmo030/hunav_ws/install/people_msgs/lib/libpeople_msgs__rosidl_typesupport_fastrtps_c.so" to ""
[11.192s] -- Up-to-date: /home/ahmo030/hunav_ws/install/people_msgs/include/people_msgs/people_msgs
[11.192s] -- Up-to-date: /home/ahmo030/hunav_ws/install/people_msgs/include/people_msgs/people_msgs/msg
[11.192s] -- Installing: /home/ahmo030/hunav_ws/install/people_msgs/include/people_msgs/people_msgs/msg/rosidl_typesupport_introspection_c__visibility_control.h
[11.192s] -- Up-to-date: /home/ahmo030/hunav_ws/install/people_msgs/include/people_msgs/people_msgs/msg/detail
[11.192s] -- Installing: /home/ahmo030/hunav_ws/install/people_msgs/include/people_msgs/people_msgs/msg/detail/person_stamped__type_support.c
[11.192s] -- Installing: /home/ahmo030/hunav_ws/install/people_msgs/include/people_msgs/people_msgs/msg/detail/person__type_support.c
[11.193s] -- Installing: /home/ahmo030/hunav_ws/install/people_msgs/include/people_msgs/people_msgs/msg/detail/people__type_support.c
[11.193s] -- Installing: /home/ahmo030/hunav_ws/install/people_msgs/include/people_msgs/people_msgs/msg/detail/person__rosidl_typesupport_introspection_c.h
[11.193s] -- Installing: /home/ahmo030/hunav_ws/install/people_msgs/include/people_msgs/people_msgs/msg/detail/person_stamped__rosidl_typesupport_introspection_c.h
[11.193s] -- Installing: /home/ahmo030/hunav_ws/install/people_msgs/include/people_msgs/people_msgs/msg/detail/position_measurement_array__type_support.c
[11.193s] -- Installing: /home/ahmo030/hunav_ws/install/people_msgs/include/people_msgs/people_msgs/msg/detail/people__rosidl_typesupport_introspection_c.h
[11.193s] -- Installing: /home/ahmo030/hunav_ws/install/people_msgs/include/people_msgs/people_msgs/msg/detail/position_measurement_array__rosidl_typesupport_introspection_c.h
[11.193s] -- Installing: /home/ahmo030/hunav_ws/install/people_msgs/include/people_msgs/people_msgs/msg/detail/position_measurement__rosidl_typesupport_introspection_c.h
[11.193s] -- Installing: /home/ahmo030/hunav_ws/install/people_msgs/include/people_msgs/people_msgs/msg/detail/position_measurement__type_support.c
[11.193s] -- Installing: /home/ahmo030/hunav_ws/install/people_msgs/lib/libpeople_msgs__rosidl_typesupport_introspection_c.so
[11.193s] -- Set runtime path of "/home/ahmo030/hunav_ws/install/people_msgs/lib/libpeople_msgs__rosidl_typesupport_introspection_c.so" to ""
[11.193s] -- Installing: /home/ahmo030/hunav_ws/install/people_msgs/lib/libpeople_msgs__rosidl_typesupport_c.so
[11.193s] -- Set runtime path of "/home/ahmo030/hunav_ws/install/people_msgs/lib/libpeople_msgs__rosidl_typesupport_c.so" to ""
[11.194s] -- Up-to-date: /home/ahmo030/hunav_ws/install/people_msgs/include/people_msgs/people_msgs
[11.194s] -- Up-to-date: /home/ahmo030/hunav_ws/install/people_msgs/include/people_msgs/people_msgs/msg
[11.194s] -- Installing: /home/ahmo030/hunav_ws/install/people_msgs/include/people_msgs/people_msgs/msg/people.hpp
[11.194s] -- Installing: /home/ahmo030/hunav_ws/install/people_msgs/include/people_msgs/people_msgs/msg/person.hpp
[11.194s] -- Installing: /home/ahmo030/hunav_ws/install/people_msgs/include/people_msgs/people_msgs/msg/person_stamped.hpp
[11.194s] -- Up-to-date: /home/ahmo030/hunav_ws/install/people_msgs/include/people_msgs/people_msgs/msg/detail
[11.194s] -- Installing: /home/ahmo030/hunav_ws/install/people_msgs/include/people_msgs/people_msgs/msg/detail/position_measurement__builder.hpp
[11.194s] -- Installing: /home/ahmo030/hunav_ws/install/people_msgs/include/people_msgs/people_msgs/msg/detail/position_measurement__traits.hpp
[11.194s] -- Installing: /home/ahmo030/hunav_ws/install/people_msgs/include/people_msgs/people_msgs/msg/detail/people__struct.hpp
[11.194s] -- Installing: /home/ahmo030/hunav_ws/install/people_msgs/include/people_msgs/people_msgs/msg/detail/people__builder.hpp
[11.194s] -- Installing: /home/ahmo030/hunav_ws/install/people_msgs/include/people_msgs/people_msgs/msg/detail/person_stamped__struct.hpp
[11.194s] -- Installing: /home/ahmo030/hunav_ws/install/people_msgs/include/people_msgs/people_msgs/msg/detail/person_stamped__traits.hpp
[11.194s] -- Installing: /home/ahmo030/hunav_ws/install/people_msgs/include/people_msgs/people_msgs/msg/detail/person__builder.hpp
[11.194s] -- Installing: /home/ahmo030/hunav_ws/install/people_msgs/include/people_msgs/people_msgs/msg/detail/person__traits.hpp
[11.194s] -- Installing: /home/ahmo030/hunav_ws/install/people_msgs/include/people_msgs/people_msgs/msg/detail/position_measurement_array__builder.hpp
[11.194s] -- Installing: /home/ahmo030/hunav_ws/install/people_msgs/include/people_msgs/people_msgs/msg/detail/position_measurement_array__struct.hpp
[11.194s] -- Installing: /home/ahmo030/hunav_ws/install/people_msgs/include/people_msgs/people_msgs/msg/detail/position_measurement__struct.hpp
[11.194s] -- Installing: /home/ahmo030/hunav_ws/install/people_msgs/include/people_msgs/people_msgs/msg/detail/people__traits.hpp
[11.194s] -- Installing: /home/ahmo030/hunav_ws/install/people_msgs/include/people_msgs/people_msgs/msg/detail/position_measurement_array__traits.hpp
[11.195s] -- Installing: /home/ahmo030/hunav_ws/install/people_msgs/include/people_msgs/people_msgs/msg/detail/person__struct.hpp
[11.195s] -- Installing: /home/ahmo030/hunav_ws/install/people_msgs/include/people_msgs/people_msgs/msg/detail/person_stamped__builder.hpp
[11.195s] -- Installing: /home/ahmo030/hunav_ws/install/people_msgs/include/people_msgs/people_msgs/msg/position_measurement_array.hpp
[11.195s] -- Installing: /home/ahmo030/hunav_ws/install/people_msgs/include/people_msgs/people_msgs/msg/position_measurement.hpp
[11.195s] -- Up-to-date: /home/ahmo030/hunav_ws/install/people_msgs/include/people_msgs/people_msgs
[11.195s] -- Up-to-date: /home/ahmo030/hunav_ws/install/people_msgs/include/people_msgs/people_msgs/msg
[11.195s] -- Up-to-date: /home/ahmo030/hunav_ws/install/people_msgs/include/people_msgs/people_msgs/msg/detail
[11.195s] -- Installing: /home/ahmo030/hunav_ws/install/people_msgs/include/people_msgs/people_msgs/msg/detail/people__rosidl_typesupport_fastrtps_cpp.hpp
[11.195s] -- Installing: /home/ahmo030/hunav_ws/install/people_msgs/include/people_msgs/people_msgs/msg/detail/position_measurement__rosidl_typesupport_fastrtps_cpp.hpp
[11.195s] -- Installing: /home/ahmo030/hunav_ws/install/people_msgs/include/people_msgs/people_msgs/msg/detail/person_stamped__rosidl_typesupport_fastrtps_cpp.hpp
[11.195s] -- Installing: /home/ahmo030/hunav_ws/install/people_msgs/include/people_msgs/people_msgs/msg/detail/dds_fastrtps
[11.195s] -- Installing: /home/ahmo030/hunav_ws/install/people_msgs/include/people_msgs/people_msgs/msg/detail/position_measurement_array__rosidl_typesupport_fastrtps_cpp.hpp
[11.195s] -- Installing: /home/ahmo030/hunav_ws/install/people_msgs/include/people_msgs/people_msgs/msg/detail/person__rosidl_typesupport_fastrtps_cpp.hpp
[11.195s] -- Installing: /home/ahmo030/hunav_ws/install/people_msgs/include/people_msgs/people_msgs/msg/rosidl_typesupport_fastrtps_cpp__visibility_control.h
[11.195s] -- Installing: /home/ahmo030/hunav_ws/install/people_msgs/lib/libpeople_msgs__rosidl_typesupport_fastrtps_cpp.so
[11.196s] -- Set runtime path of "/home/ahmo030/hunav_ws/install/people_msgs/lib/libpeople_msgs__rosidl_typesupport_fastrtps_cpp.so" to ""
[11.196s] -- Up-to-date: /home/ahmo030/hunav_ws/install/people_msgs/include/people_msgs/people_msgs
[11.196s] -- Up-to-date: /home/ahmo030/hunav_ws/install/people_msgs/include/people_msgs/people_msgs/msg
[11.196s] -- Up-to-date: /home/ahmo030/hunav_ws/install/people_msgs/include/people_msgs/people_msgs/msg/detail
[11.196s] -- Installing: /home/ahmo030/hunav_ws/install/people_msgs/include/people_msgs/people_msgs/msg/detail/position_measurement_array__rosidl_typesupport_introspection_cpp.hpp
[11.196s] -- Installing: /home/ahmo030/hunav_ws/install/people_msgs/include/people_msgs/people_msgs/msg/detail/position_measurement__type_support.cpp
[11.196s] -- Installing: /home/ahmo030/hunav_ws/install/people_msgs/include/people_msgs/people_msgs/msg/detail/people__type_support.cpp
[11.196s] -- Installing: /home/ahmo030/hunav_ws/install/people_msgs/include/people_msgs/people_msgs/msg/detail/person__rosidl_typesupport_introspection_cpp.hpp
[11.196s] -- Installing: /home/ahmo030/hunav_ws/install/people_msgs/include/people_msgs/people_msgs/msg/detail/person__type_support.cpp
[11.196s] -- Installing: /home/ahmo030/hunav_ws/install/people_msgs/include/people_msgs/people_msgs/msg/detail/position_measurement_array__type_support.cpp
[11.196s] -- Installing: /home/ahmo030/hunav_ws/install/people_msgs/include/people_msgs/people_msgs/msg/detail/people__rosidl_typesupport_introspection_cpp.hpp
[11.196s] -- Installing: /home/ahmo030/hunav_ws/install/people_msgs/include/people_msgs/people_msgs/msg/detail/person_stamped__type_support.cpp
[11.196s] -- Installing: /home/ahmo030/hunav_ws/install/people_msgs/include/people_msgs/people_msgs/msg/detail/person_stamped__rosidl_typesupport_introspection_cpp.hpp
[11.196s] -- Installing: /home/ahmo030/hunav_ws/install/people_msgs/include/people_msgs/people_msgs/msg/detail/position_measurement__rosidl_typesupport_introspection_cpp.hpp
[11.196s] -- Installing: /home/ahmo030/hunav_ws/install/people_msgs/lib/libpeople_msgs__rosidl_typesupport_introspection_cpp.so
[11.197s] -- Set runtime path of "/home/ahmo030/hunav_ws/install/people_msgs/lib/libpeople_msgs__rosidl_typesupport_introspection_cpp.so" to ""
[11.197s] -- Installing: /home/ahmo030/hunav_ws/install/people_msgs/lib/libpeople_msgs__rosidl_typesupport_cpp.so
[11.197s] -- Set runtime path of "/home/ahmo030/hunav_ws/install/people_msgs/lib/libpeople_msgs__rosidl_typesupport_cpp.so" to ""
[11.197s] -- Installing: /home/ahmo030/hunav_ws/install/people_msgs/share/people_msgs/environment/pythonpath.sh
[11.197s] -- Installing: /home/ahmo030/hunav_ws/install/people_msgs/share/people_msgs/environment/pythonpath.dsv
[11.197s] -- Installing: /home/ahmo030/hunav_ws/install/people_msgs/local/lib/python3.10/dist-packages/people_msgs-1.3.0-py3.10.egg-info
[11.197s] -- Installing: /home/ahmo030/hunav_ws/install/people_msgs/local/lib/python3.10/dist-packages/people_msgs-1.3.0-py3.10.egg-info/SOURCES.txt
[11.197s] -- Installing: /home/ahmo030/hunav_ws/install/people_msgs/local/lib/python3.10/dist-packages/people_msgs-1.3.0-py3.10.egg-info/top_level.txt
[11.197s] -- Installing: /home/ahmo030/hunav_ws/install/people_msgs/local/lib/python3.10/dist-packages/people_msgs-1.3.0-py3.10.egg-info/dependency_links.txt
[11.197s] -- Installing: /home/ahmo030/hunav_ws/install/people_msgs/local/lib/python3.10/dist-packages/people_msgs-1.3.0-py3.10.egg-info/PKG-INFO
[11.197s] -- Installing: /home/ahmo030/hunav_ws/install/people_msgs/local/lib/python3.10/dist-packages/people_msgs
[11.197s] -- Installing: /home/ahmo030/hunav_ws/install/people_msgs/local/lib/python3.10/dist-packages/people_msgs/people_msgs_s__rosidl_typesupport_fastrtps_c.cpython-310-x86_64-linux-gnu.so
[11.197s] -- Installing: /home/ahmo030/hunav_ws/install/people_msgs/local/lib/python3.10/dist-packages/people_msgs/people_msgs_s__rosidl_typesupport_introspection_c.cpython-310-x86_64-linux-gnu.so
[11.197s] -- Installing: /home/ahmo030/hunav_ws/install/people_msgs/local/lib/python3.10/dist-packages/people_msgs/_people_msgs_s.ep.rosidl_typesupport_fastrtps_c.c
[11.198s] -- Installing: /home/ahmo030/hunav_ws/install/people_msgs/local/lib/python3.10/dist-packages/people_msgs/people_msgs_s__rosidl_typesupport_c.cpython-310-x86_64-linux-gnu.so
[11.198s] -- Installing: /home/ahmo030/hunav_ws/install/people_msgs/local/lib/python3.10/dist-packages/people_msgs/libpeople_msgs__rosidl_generator_py.so
[11.198s] -- Installing: /home/ahmo030/hunav_ws/install/people_msgs/local/lib/python3.10/dist-packages/people_msgs/__init__.py
[11.198s] -- Installing: /home/ahmo030/hunav_ws/install/people_msgs/local/lib/python3.10/dist-packages/people_msgs/_people_msgs_s.ep.rosidl_typesupport_introspection_c.c
[11.198s] -- Installing: /home/ahmo030/hunav_ws/install/people_msgs/local/lib/python3.10/dist-packages/people_msgs/_people_msgs_s.ep.rosidl_typesupport_c.c
[11.198s] -- Installing: /home/ahmo030/hunav_ws/install/people_msgs/local/lib/python3.10/dist-packages/people_msgs/msg
[11.198s] -- Installing: /home/ahmo030/hunav_ws/install/people_msgs/local/lib/python3.10/dist-packages/people_msgs/msg/_person_stamped_s.c
[11.198s] -- Installing: /home/ahmo030/hunav_ws/install/people_msgs/local/lib/python3.10/dist-packages/people_msgs/msg/_people_s.c
[11.198s] -- Installing: /home/ahmo030/hunav_ws/install/people_msgs/local/lib/python3.10/dist-packages/people_msgs/msg/_position_measurement_array_s.c
[11.198s] -- Installing: /home/ahmo030/hunav_ws/install/people_msgs/local/lib/python3.10/dist-packages/people_msgs/msg/_person_s.c
[11.198s] -- Installing: /home/ahmo030/hunav_ws/install/people_msgs/local/lib/python3.10/dist-packages/people_msgs/msg/_person.py
[11.198s] -- Installing: /home/ahmo030/hunav_ws/install/people_msgs/local/lib/python3.10/dist-packages/people_msgs/msg/_people.py
[11.198s] -- Installing: /home/ahmo030/hunav_ws/install/people_msgs/local/lib/python3.10/dist-packages/people_msgs/msg/_person_stamped.py
[11.198s] -- Installing: /home/ahmo030/hunav_ws/install/people_msgs/local/lib/python3.10/dist-packages/people_msgs/msg/_position_measurement_array.py
[11.198s] -- Installing: /home/ahmo030/hunav_ws/install/people_msgs/local/lib/python3.10/dist-packages/people_msgs/msg/_position_measurement.py
[11.198s] -- Installing: /home/ahmo030/hunav_ws/install/people_msgs/local/lib/python3.10/dist-packages/people_msgs/msg/_position_measurement_s.c
[11.199s] -- Installing: /home/ahmo030/hunav_ws/install/people_msgs/local/lib/python3.10/dist-packages/people_msgs/msg/__init__.py
[11.250s] Listing '/home/ahmo030/hunav_ws/install/people_msgs/local/lib/python3.10/dist-packages/people_msgs'...
[11.250s] Compiling '/home/ahmo030/hunav_ws/install/people_msgs/local/lib/python3.10/dist-packages/people_msgs/__init__.py'...
[11.250s] Listing '/home/ahmo030/hunav_ws/install/people_msgs/local/lib/python3.10/dist-packages/people_msgs/msg'...
[11.250s] Compiling '/home/ahmo030/hunav_ws/install/people_msgs/local/lib/python3.10/dist-packages/people_msgs/msg/__init__.py'...
[11.250s] Compiling '/home/ahmo030/hunav_ws/install/people_msgs/local/lib/python3.10/dist-packages/people_msgs/msg/_people.py'...
[11.250s] Compiling '/home/ahmo030/hunav_ws/install/people_msgs/local/lib/python3.10/dist-packages/people_msgs/msg/_person.py'...
[11.250s] Compiling '/home/ahmo030/hunav_ws/install/people_msgs/local/lib/python3.10/dist-packages/people_msgs/msg/_person_stamped.py'...
[11.250s] Compiling '/home/ahmo030/hunav_ws/install/people_msgs/local/lib/python3.10/dist-packages/people_msgs/msg/_position_measurement.py'...
[11.250s] Compiling '/home/ahmo030/hunav_ws/install/people_msgs/local/lib/python3.10/dist-packages/people_msgs/msg/_position_measurement_array.py'...
[11.253s] -- Installing: /home/ahmo030/hunav_ws/install/people_msgs/local/lib/python3.10/dist-packages/people_msgs/people_msgs_s__rosidl_typesupport_fastrtps_c.cpython-310-x86_64-linux-gnu.so
[11.253s] -- Set runtime path of "/home/ahmo030/hunav_ws/install/people_msgs/local/lib/python3.10/dist-packages/people_msgs/people_msgs_s__rosidl_typesupport_fastrtps_c.cpython-310-x86_64-linux-gnu.so" to ""
[11.253s] -- Installing: /home/ahmo030/hunav_ws/install/people_msgs/local/lib/python3.10/dist-packages/people_msgs/people_msgs_s__rosidl_typesupport_introspection_c.cpython-310-x86_64-linux-gnu.so
[11.253s] -- Set runtime path of "/home/ahmo030/hunav_ws/install/people_msgs/local/lib/python3.10/dist-packages/people_msgs/people_msgs_s__rosidl_typesupport_introspection_c.cpython-310-x86_64-linux-gnu.so" to ""
[11.253s] -- Installing: /home/ahmo030/hunav_ws/install/people_msgs/local/lib/python3.10/dist-packages/people_msgs/people_msgs_s__rosidl_typesupport_c.cpython-310-x86_64-linux-gnu.so
[11.253s] -- Set runtime path of "/home/ahmo030/hunav_ws/install/people_msgs/local/lib/python3.10/dist-packages/people_msgs/people_msgs_s__rosidl_typesupport_c.cpython-310-x86_64-linux-gnu.so" to ""
[11.253s] -- Installing: /home/ahmo030/hunav_ws/install/people_msgs/lib/libpeople_msgs__rosidl_generator_py.so
[11.254s] -- Set runtime path of "/home/ahmo030/hunav_ws/install/people_msgs/lib/libpeople_msgs__rosidl_generator_py.so" to ""
[11.254s] -- Installing: /home/ahmo030/hunav_ws/install/people_msgs/share/people_msgs/msg/People.idl
[11.254s] -- Installing: /home/ahmo030/hunav_ws/install/people_msgs/share/people_msgs/msg/Person.idl
[11.254s] -- Installing: /home/ahmo030/hunav_ws/install/people_msgs/share/people_msgs/msg/PersonStamped.idl
[11.254s] -- Installing: /home/ahmo030/hunav_ws/install/people_msgs/share/people_msgs/msg/PositionMeasurement.idl
[11.254s] -- Installing: /home/ahmo030/hunav_ws/install/people_msgs/share/people_msgs/msg/PositionMeasurementArray.idl
[11.254s] -- Installing: /home/ahmo030/hunav_ws/install/people_msgs/share/people_msgs/msg/People.msg
[11.254s] -- Installing: /home/ahmo030/hunav_ws/install/people_msgs/share/people_msgs/msg/Person.msg
[11.254s] -- Installing: /home/ahmo030/hunav_ws/install/people_msgs/share/people_msgs/msg/PersonStamped.msg
[11.254s] -- Installing: /home/ahmo030/hunav_ws/install/people_msgs/share/people_msgs/msg/PositionMeasurement.msg
[11.254s] -- Installing: /home/ahmo030/hunav_ws/install/people_msgs/share/people_msgs/msg/PositionMeasurementArray.msg
[11.254s] -- Installing: /home/ahmo030/hunav_ws/install/people_msgs/share/ament_index/resource_index/package_run_dependencies/people_msgs
[11.255s] -- Installing: /home/ahmo030/hunav_ws/install/people_msgs/share/ament_index/resource_index/parent_prefix_path/people_msgs
[11.255s] -- Installing: /home/ahmo030/hunav_ws/install/people_msgs/share/people_msgs/environment/ament_prefix_path.sh
[11.255s] -- Installing: /home/ahmo030/hunav_ws/install/people_msgs/share/people_msgs/environment/ament_prefix_path.dsv
[11.255s] -- Installing: /home/ahmo030/hunav_ws/install/people_msgs/share/people_msgs/environment/path.sh
[11.255s] -- Installing: /home/ahmo030/hunav_ws/install/people_msgs/share/people_msgs/environment/path.dsv
[11.255s] -- Installing: /home/ahmo030/hunav_ws/install/people_msgs/share/people_msgs/local_setup.bash
[11.255s] -- Installing: /home/ahmo030/hunav_ws/install/people_msgs/share/people_msgs/local_setup.sh
[11.255s] -- Installing: /home/ahmo030/hunav_ws/install/people_msgs/share/people_msgs/local_setup.zsh
[11.255s] -- Installing: /home/ahmo030/hunav_ws/install/people_msgs/share/people_msgs/local_setup.dsv
[11.255s] -- Installing: /home/ahmo030/hunav_ws/install/people_msgs/share/people_msgs/package.dsv
[11.255s] -- Installing: /home/ahmo030/hunav_ws/install/people_msgs/share/ament_index/resource_index/packages/people_msgs
[11.255s] -- Installing: /home/ahmo030/hunav_ws/install/people_msgs/share/people_msgs/cmake/export_people_msgs__rosidl_generator_cExport.cmake
[11.256s] -- Installing: /home/ahmo030/hunav_ws/install/people_msgs/share/people_msgs/cmake/export_people_msgs__rosidl_generator_cExport-noconfig.cmake
[11.256s] -- Installing: /home/ahmo030/hunav_ws/install/people_msgs/share/people_msgs/cmake/export_people_msgs__rosidl_typesupport_fastrtps_cExport.cmake
[11.256s] -- Installing: /home/ahmo030/hunav_ws/install/people_msgs/share/people_msgs/cmake/export_people_msgs__rosidl_typesupport_fastrtps_cExport-noconfig.cmake
[11.256s] -- Installing: /home/ahmo030/hunav_ws/install/people_msgs/share/people_msgs/cmake/people_msgs__rosidl_typesupport_introspection_cExport.cmake
[11.256s] -- Installing: /home/ahmo030/hunav_ws/install/people_msgs/share/people_msgs/cmake/people_msgs__rosidl_typesupport_introspection_cExport-noconfig.cmake
[11.256s] -- Installing: /home/ahmo030/hunav_ws/install/people_msgs/share/people_msgs/cmake/people_msgs__rosidl_typesupport_cExport.cmake
[11.256s] -- Installing: /home/ahmo030/hunav_ws/install/people_msgs/share/people_msgs/cmake/people_msgs__rosidl_typesupport_cExport-noconfig.cmake
[11.256s] -- Installing: /home/ahmo030/hunav_ws/install/people_msgs/share/people_msgs/cmake/export_people_msgs__rosidl_generator_cppExport.cmake
[11.256s] -- Installing: /home/ahmo030/hunav_ws/install/people_msgs/share/people_msgs/cmake/export_people_msgs__rosidl_typesupport_fastrtps_cppExport.cmake
[11.256s] -- Installing: /home/ahmo030/hunav_ws/install/people_msgs/share/people_msgs/cmake/export_people_msgs__rosidl_typesupport_fastrtps_cppExport-noconfig.cmake
[11.256s] -- Installing: /home/ahmo030/hunav_ws/install/people_msgs/share/people_msgs/cmake/people_msgs__rosidl_typesupport_introspection_cppExport.cmake
[11.257s] -- Installing: /home/ahmo030/hunav_ws/install/people_msgs/share/people_msgs/cmake/people_msgs__rosidl_typesupport_introspection_cppExport-noconfig.cmake
[11.257s] -- Installing: /home/ahmo030/hunav_ws/install/people_msgs/share/people_msgs/cmake/people_msgs__rosidl_typesupport_cppExport.cmake
[11.257s] -- Installing: /home/ahmo030/hunav_ws/install/people_msgs/share/people_msgs/cmake/people_msgs__rosidl_typesupport_cppExport-noconfig.cmake
[11.257s] -- Installing: /home/ahmo030/hunav_ws/install/people_msgs/share/people_msgs/cmake/export_people_msgs__rosidl_generator_pyExport.cmake
[11.257s] -- Installing: /home/ahmo030/hunav_ws/install/people_msgs/share/people_msgs/cmake/export_people_msgs__rosidl_generator_pyExport-noconfig.cmake
[11.257s] -- Installing: /home/ahmo030/hunav_ws/install/people_msgs/share/people_msgs/cmake/rosidl_cmake-extras.cmake
[11.257s] -- Installing: /home/ahmo030/hunav_ws/install/people_msgs/share/people_msgs/cmake/ament_cmake_export_dependencies-extras.cmake
[11.257s] -- Installing: /home/ahmo030/hunav_ws/install/people_msgs/share/people_msgs/cmake/ament_cmake_export_include_directories-extras.cmake
[11.257s] -- Installing: /home/ahmo030/hunav_ws/install/people_msgs/share/people_msgs/cmake/ament_cmake_export_libraries-extras.cmake
[11.257s] -- Installing: /home/ahmo030/hunav_ws/install/people_msgs/share/people_msgs/cmake/ament_cmake_export_targets-extras.cmake
[11.257s] -- Installing: /home/ahmo030/hunav_ws/install/people_msgs/share/people_msgs/cmake/rosidl_cmake_export_typesupport_targets-extras.cmake
[11.258s] -- Installing: /home/ahmo030/hunav_ws/install/people_msgs/share/people_msgs/cmake/rosidl_cmake_export_typesupport_libraries-extras.cmake
[11.258s] -- Installing: /home/ahmo030/hunav_ws/install/people_msgs/share/people_msgs/cmake/people_msgsConfig.cmake
[11.258s] -- Installing: /home/ahmo030/hunav_ws/install/people_msgs/share/people_msgs/cmake/people_msgsConfig-version.cmake
[11.258s] -- Installing: /home/ahmo030/hunav_ws/install/people_msgs/share/people_msgs/package.xml
[11.260s] Invoked command in '/home/ahmo030/hunav_ws/build/people_msgs' returned '0': CMAKE_PREFIX_PATH=${CMAKE_PREFIX_PATH}:/home/ahmo030/hunav_ws/install/hunav_evaluator:/opt/ros/humble /usr/bin/cmake --install /home/ahmo030/hunav_ws/build/people_msgs
